Using pre-set license
Built from '2021.3/staging' branch; Version is '2021.3.1f1 (3b70a0754835) revision 3895456'; Using compiler version '192829333'; Build Type 'Release'
OS: 'Windows 11  (10.0.22000) 64bit Core' Language: 'en' Physical Memory: 16310 MB
BatchMode: 1, IsHumanControllingUs: 0, StartBugReporterOnCrash: 0, Is64bit: 1, IsPro: 1

COMMAND LINE ARGUMENTS:
C:\Program Files\Unity\Hub\Editor\2021.3.1f1\Editor\Unity.exe
-adb2
-batchMode
-noUpm
-name
AssetImportWorker4
-projectPath
C:/Users/eduar/OneDrive/Desktop/Unity Projects/Retitled-Dice-Game
-logFile
Logs/AssetImportWorker4.log
-srvPort
55623
Successfully changed project path to: C:/Users/eduar/OneDrive/Desktop/Unity Projects/Retitled-Dice-Game
C:/Users/eduar/OneDrive/Desktop/Unity Projects/Retitled-Dice-Game
[UnityMemory] Configuration Parameters - Can be set up in boot.config
    "memorysetup-bucket-allocator-granularity=16"
    "memorysetup-bucket-allocator-bucket-count=8"
    "memorysetup-bucket-allocator-block-size=33554432"
    "memorysetup-bucket-allocator-block-count=8"
    "memorysetup-main-allocator-block-size=16777216"
    "memorysetup-thread-allocator-block-size=16777216"
    "memorysetup-gfx-main-allocator-block-size=16777216"
    "memorysetup-gfx-thread-allocator-block-size=16777216"
    "memorysetup-cache-allocator-block-size=4194304"
    "memorysetup-typetree-allocator-block-size=2097152"
    "memorysetup-profiler-bucket-allocator-granularity=16"
    "memorysetup-profiler-bucket-allocator-bucket-count=8"
    "memorysetup-profiler-bucket-allocator-block-size=33554432"
    "memorysetup-profiler-bucket-allocator-block-count=8"
    "memorysetup-profiler-allocator-block-size=16777216"
    "memorysetup-profiler-editor-allocator-block-size=1048576"
    "memorysetup-temp-allocator-size-main=16777216"
    "memorysetup-job-temp-allocator-block-size=2097152"
    "memorysetup-job-temp-allocator-block-size-background=1048576"
    "memorysetup-job-temp-allocator-reduction-small-platforms=262144"
    "memorysetup-temp-allocator-size-background-worker=32768"
    "memorysetup-temp-allocator-size-job-worker=262144"
    "memorysetup-temp-allocator-size-preload-manager=33554432"
    "memorysetup-temp-allocator-size-nav-mesh-worker=65536"
    "memorysetup-temp-allocator-size-audio-worker=65536"
    "memorysetup-temp-allocator-size-cloud-worker=32768"
    "memorysetup-temp-allocator-size-gi-baking-worker=262144"
    "memorysetup-temp-allocator-size-gfx=262144"
Refreshing native plugins compatible for Editor in 131.20 ms, found 4 plugins.
Preloading 0 native plugins for Editor in 0.00 ms.
Initialize engine version: 2021.3.1f1 (3b70a0754835)
[Subsystems] Discovering subsystems at path C:/Program Files/Unity/Hub/Editor/2021.3.1f1/Editor/Data/Resources/UnitySubsystems
[Subsystems] Discovering subsystems at path C:/Users/eduar/OneDrive/Desktop/Unity Projects/Retitled-Dice-Game/Assets
GfxDevice: creating device client; threaded=0; jobified=0
Direct3D:
    Version:  Direct3D 11.0 [level 11.1]
    Renderer: NVIDIA GeForce GTX 1060 6GB (ID=0x1c03)
    Vendor:   NVIDIA
    VRAM:     6052 MB
    Driver:   31.0.15.1694
Initialize mono
Mono path[0] = 'C:/Program Files/Unity/Hub/Editor/2021.3.1f1/Editor/Data/Managed'
Mono path[1] = 'C:/Program Files/Unity/Hub/Editor/2021.3.1f1/Editor/Data/MonoBleedingEdge/lib/mono/unityjit-win32'
Mono config path = 'C:/Program Files/Unity/Hub/Editor/2021.3.1f1/Editor/Data/MonoBleedingEdge/etc'
Using monoOptions --debugger-agent=transport=dt_socket,embedding=1,server=y,suspend=n,address=127.0.0.1:56172
Begin MonoManager ReloadAssembly
Registering precompiled unity dll's ...
Register platform support module: C:/Program Files/Unity/Hub/Editor/2021.3.1f1/Editor/Data/PlaybackEngines/MacStandaloneSupport/UnityEditor.OSXStandalone.Extensions.dll
Register platform support module: C:/Program Files/Unity/Hub/Editor/2021.3.1f1/Editor/Data/PlaybackEngines/WindowsStandaloneSupport/UnityEditor.WindowsStandalone.Extensions.dll
Registered in 0.005473 seconds.
Native extension for WindowsStandalone target not found
Native extension for OSXStandalone target not found
Refreshing native plugins compatible for Editor in 160.34 ms, found 4 plugins.
Preloading 0 native plugins for Editor in 0.00 ms.
Mono: successfully reloaded assembly
- Completed reload, in  0.813 seconds
Domain Reload Profiling:
	ReloadAssembly (814ms)
		BeginReloadAssembly (84ms)
			ExecutionOrderSort (0ms)
			DisableScriptedObjects (0ms)
			BackupInstance (0ms)
			ReleaseScriptingObjects (0ms)
			CreateAndSetChildDomain (1ms)
		EndReloadAssembly (612ms)
			LoadAssemblies (83ms)
			RebuildTransferFunctionScriptingTraits (0ms)
			SetupTypeCache (113ms)
			ReleaseScriptCaches (0ms)
			RebuildScriptCaches (32ms)
			SetupLoadedEditorAssemblies (412ms)
				LogAssemblyErrors (0ms)
				InitializePlatformSupportModulesInManaged (10ms)
				SetLoadedEditorAssemblies (1ms)
				RefreshPlugins (160ms)
				BeforeProcessingInitializeOnLoad (1ms)
				ProcessInitializeOnLoadAttributes (189ms)
				ProcessInitializeOnLoadMethodAttributes (50ms)
				AfterProcessingInitializeOnLoad (0ms)
				EditorAssembliesLoaded (0ms)
			ExecutionOrderSort2 (0ms)
			AwakeInstancesAfterBackupRestoration (0ms)
Platform modules already initialized, skipping
Registering precompiled user dll's ...
Registered in 0.008824 seconds.
Begin MonoManager ReloadAssembly
Symbol file LoadedFromMemory doesn't match image C:\Users\eduar\OneDrive\Desktop\Unity Projects\Retitled-Dice-Game\Library\PackageCache\com.unity.visualscripting@1.7.6\Editor\VisualScripting.Core\Dependencies\YamlDotNet\Unity.VisualScripting.YamlDotNet.dll
Symbol file LoadedFromMemory is not a mono symbol file
Symbol file LoadedFromMemory doesn't match image C:\Users\eduar\OneDrive\Desktop\Unity Projects\Retitled-Dice-Game\Library\PackageCache\com.unity.visualscripting@1.7.6\Editor\VisualScripting.Core\Dependencies\DotNetZip\Unity.VisualScripting.IonicZip.dll
Native extension for WindowsStandalone target not found
Native extension for OSXStandalone target not found
Refreshing native plugins compatible for Editor in 133.62 ms, found 4 plugins.
Preloading 0 native plugins for Editor in 0.00 ms.
Mono: successfully reloaded assembly
- Completed reload, in  1.304 seconds
Domain Reload Profiling:
	ReloadAssembly (1305ms)
		BeginReloadAssembly (123ms)
			ExecutionOrderSort (0ms)
			DisableScriptedObjects (7ms)
			BackupInstance (0ms)
			ReleaseScriptingObjects (0ms)
			CreateAndSetChildDomain (20ms)
		EndReloadAssembly (1054ms)
			LoadAssemblies (110ms)
			RebuildTransferFunctionScriptingTraits (0ms)
			SetupTypeCache (260ms)
			ReleaseScriptCaches (1ms)
			RebuildScriptCaches (63ms)
			SetupLoadedEditorAssemblies (573ms)
				LogAssemblyErrors (0ms)
				InitializePlatformSupportModulesInManaged (7ms)
				SetLoadedEditorAssemblies (0ms)
				RefreshPlugins (134ms)
				BeforeProcessingInitializeOnLoad (117ms)
				ProcessInitializeOnLoadAttributes (265ms)
				ProcessInitializeOnLoadMethodAttributes (45ms)
				AfterProcessingInitializeOnLoad (6ms)
				EditorAssembliesLoaded (0ms)
			ExecutionOrderSort2 (0ms)
			AwakeInstancesAfterBackupRestoration (7ms)
Platform modules already initialized, skipping
========================================================================
Worker process is ready to serve import requests
Launched and connected shader compiler UnityShaderCompiler.exe after 0.05 seconds
Refreshing native plugins compatible for Editor in 1.21 ms, found 4 plugins.
Preloading 0 native plugins for Editor in 0.00 ms.
Unloading 3972 Unused Serialized files (Serialized files now loaded: 0)
Unloading 40 unused Assets / (225.4 KB). Loaded Objects now: 4429.
Memory consumption went from 152.2 MB to 152.0 MB.
Total: 11.471300 ms (FindLiveObjects: 0.589000 ms CreateObjectMapping: 0.888500 ms MarkObjects: 9.510100 ms  DeleteObjects: 0.481900 ms)

AssetImportParameters requested are different than current active one (requested -> active):
  custom:video-decoder-ogg-theora: a1e56fd34408186e4bbccfd4996cb3dc -> 
  custom:container-muxer-webm: aa71ff27fc2769a1b78a27578f13a17b -> 
  custom:container-demuxer-webm: 4f35f7cbe854078d1ac9338744f61a02 -> 
  custom:video-encoder-webm-vp8: eb34c28f22e8b96e1ab97ce403110664 -> 
  custom:audio-encoder-webm-vorbis: bf7c407c2cedff20999df2af8eb42d56 -> 
  custom:framework-win-MediaFoundation: 216162199b28c13a410421893ffa2e32 -> 
  custom:container-demuxer-ogg: 62fdf1f143b41e24485cea50d1cbac27 -> 
  custom:video-decoder-webm-vp8: 9c59270c3fd7afecdb556c50c9e8de78 -> 
  custom:audio-decoder-ogg-vorbis: bf7c407c2cedff20999df2af8eb42d56 -> 
========================================================================
Received Import Request.
  Time since last request: 222874.714745 seconds.
  path: Assets/Sprites/UI/Hearts/Red Heart/Damage/RedGolden/Redgolden32px2.png
  artifactKey: Guid(9045947b1a90f0c43b7ec7216d783f6a) Importer(815301076,1909f56bfc062723c751e8b465ee728b)
Start importing Assets/Sprites/UI/Hearts/Red Heart/Damage/RedGolden/Redgolden32px2.png using Guid(9045947b1a90f0c43b7ec7216d783f6a) Importer(815301076,1909f56bfc062723c751e8b465ee728b)  -> (artifact id: 'e2c26a253809e3dc24904a53bad48b9f') in 0.149979 seconds 
========================================================================
Received Import Request.
  Time since last request: 16.797300 seconds.
  path: Assets/Sprites/UI/Hearts/Red Heart/Damage/Red
  artifactKey: Guid(05b95866255042a4bbd434a4e0dcef71) Importer(815301076,1909f56bfc062723c751e8b465ee728b)
Start importing Assets/Sprites/UI/Hearts/Red Heart/Damage/Red using Guid(05b95866255042a4bbd434a4e0dcef71) Importer(815301076,1909f56bfc062723c751e8b465ee728b)  -> (artifact id: 'a0b01b66887c354bac923351c50eaf23') in 0.005709 seconds 
========================================================================
Received Import Request.
  Time since last request: 0.048337 seconds.
  path: Assets/Sprites/UI/Hearts/Red Heart/Damage/Red/Gif.gif
  artifactKey: Guid(7e70f759c4b000a4384a874dd92ad7bb) Importer(815301076,1909f56bfc062723c751e8b465ee728b)
Start importing Assets/Sprites/UI/Hearts/Red Heart/Damage/Red/Gif.gif using Guid(7e70f759c4b000a4384a874dd92ad7bb) Importer(815301076,1909f56bfc062723c751e8b465ee728b)  -> (artifact id: '6cd84b7e027ccc945f890a0958c1e0b3') in 0.045457 seconds 
========================================================================
Received Import Request.
  Time since last request: 0.000044 seconds.
  path: Assets/Sprites/UI/Hearts/Red Heart/Damage/Red/Red16px4.png
  artifactKey: Guid(e87d1099e269d1446b9a1401462bec85) Importer(815301076,1909f56bfc062723c751e8b465ee728b)
Start importing Assets/Sprites/UI/Hearts/Red Heart/Damage/Red/Red16px4.png using Guid(e87d1099e269d1446b9a1401462bec85) Importer(815301076,1909f56bfc062723c751e8b465ee728b)  -> (artifact id: 'e78eb5f745055e0f65b185227f7944ac') in 0.018913 seconds 
========================================================================
Received Import Request.
  Time since last request: 0.000040 seconds.
  path: Assets/Sprites/UI/Hearts/Red Heart/Damage/Red/Red512px4.png
  artifactKey: Guid(7958c5c7f11db6440979ba24d01630cd) Importer(815301076,1909f56bfc062723c751e8b465ee728b)
Start importing Assets/Sprites/UI/Hearts/Red Heart/Damage/Red/Red512px4.png using Guid(7958c5c7f11db6440979ba24d01630cd) Importer(815301076,1909f56bfc062723c751e8b465ee728b)  -> (artifact id: 'b0a8c5937e572f987b58b4e7b0f70c69') in 0.028366 seconds 
========================================================================
Received Import Request.
  Time since last request: 0.000023 seconds.
  path: Assets/Sprites/UI/Hearts/Red Heart/Damage/Red/Red32px3.png
  artifactKey: Guid(65de48bb31cce8748bd4031fcf68fd0a) Importer(815301076,1909f56bfc062723c751e8b465ee728b)
Start importing Assets/Sprites/UI/Hearts/Red Heart/Damage/Red/Red32px3.png using Guid(65de48bb31cce8748bd4031fcf68fd0a) Importer(815301076,1909f56bfc062723c751e8b465ee728b)  -> (artifact id: '2f188887e9d717cfac2ae11b0d51f646') in 0.017791 seconds 
========================================================================
Received Import Request.
  Time since last request: 0.000019 seconds.
  path: Assets/Sprites/UI/Hearts/Red Heart/Damage/Red/Red512px3.png
  artifactKey: Guid(0d198fd00e9d052449401b03d9ef885a) Importer(815301076,1909f56bfc062723c751e8b465ee728b)
Start importing Assets/Sprites/UI/Hearts/Red Heart/Damage/Red/Red512px3.png using Guid(0d198fd00e9d052449401b03d9ef885a) Importer(815301076,1909f56bfc062723c751e8b465ee728b)  -> (artifact id: '9286784bd8ce9d9582876d55b95a3550') in 0.027440 seconds 
========================================================================
Received Import Request.
  Time since last request: 175.664869 seconds.
  path: Assets/Sprites/UI/Health
  artifactKey: Guid(f5d05c68e0b3b334b84b4d09c99f18d8) Importer(815301076,1909f56bfc062723c751e8b465ee728b)
Start importing Assets/Sprites/UI/Health using Guid(f5d05c68e0b3b334b84b4d09c99f18d8) Importer(815301076,1909f56bfc062723c751e8b465ee728b)  -> (artifact id: 'f8325bf8d9525a85d4047428d0104a17') in 0.006795 seconds 
========================================================================
Received Import Request.
  Time since last request: 0.061484 seconds.
  path: Assets/Sprites/UI/Health/Empty 1.png
  artifactKey: Guid(e74edb58ea0a2d54c96d78b4f2e94e9c) Importer(815301076,1909f56bfc062723c751e8b465ee728b)
Start importing Assets/Sprites/UI/Health/Empty 1.png using Guid(e74edb58ea0a2d54c96d78b4f2e94e9c) Importer(815301076,1909f56bfc062723c751e8b465ee728b)  -> (artifact id: '5f227bbf2dbcab3da5a851c3af66e323') in 0.019940 seconds 
========================================================================
Received Import Request.
  Time since last request: 0.000034 seconds.
  path: Assets/Sprites/UI/Health/Red 4.png
  artifactKey: Guid(8361cc2552e268542a5a43c21bf621bd) Importer(815301076,1909f56bfc062723c751e8b465ee728b)
Start importing Assets/Sprites/UI/Health/Red 4.png using Guid(8361cc2552e268542a5a43c21bf621bd) Importer(815301076,1909f56bfc062723c751e8b465ee728b)  -> (artifact id: 'c166825b973d14893bd758c3a3c4b617') in 0.020637 seconds 
========================================================================
Received Import Request.
  Time since last request: 0.000038 seconds.
  path: Assets/Sprites/UI/Health/Red 6.png
  artifactKey: Guid(e9217caf31d933447b6294cb89a0d278) Importer(815301076,1909f56bfc062723c751e8b465ee728b)
Start importing Assets/Sprites/UI/Health/Red 6.png using Guid(e9217caf31d933447b6294cb89a0d278) Importer(815301076,1909f56bfc062723c751e8b465ee728b)  -> (artifact id: '2c7d3566cad919e0ce2444acee2a3709') in 0.018386 seconds 
========================================================================
Received Import Request.
  Time since last request: 0.000064 seconds.
  path: Assets/Sprites/UI/Health/Red 5.png
  artifactKey: Guid(c7e6df577041aad41a8e98dc712c9a68) Importer(815301076,1909f56bfc062723c751e8b465ee728b)
Start importing Assets/Sprites/UI/Health/Red 5.png using Guid(c7e6df577041aad41a8e98dc712c9a68) Importer(815301076,1909f56bfc062723c751e8b465ee728b)  -> (artifact id: '859dbf2e274b51f092423a66a2c11b29') in 0.015575 seconds 
========================================================================
Received Import Request.
  Time since last request: 5.852560 seconds.
  path: Assets/Sprites/UI/Health/Red 1.png
  artifactKey: Guid(ee8d3c9f468c2bf48994ba4db445c843) Importer(815301076,1909f56bfc062723c751e8b465ee728b)
Start importing Assets/Sprites/UI/Health/Red 1.png using Guid(ee8d3c9f468c2bf48994ba4db445c843) Importer(815301076,1909f56bfc062723c751e8b465ee728b)  -> (artifact id: '0c95c2888a1d7af33de7b4b6348c1c88') in 0.009487 seconds 
========================================================================
Received Import Request.
  Time since last request: 0.047579 seconds.
  path: Assets/Sprites/UI/Health/Empty 1.png
  artifactKey: Guid(e74edb58ea0a2d54c96d78b4f2e94e9c) Importer(815301076,1909f56bfc062723c751e8b465ee728b)
Start importing Assets/Sprites/UI/Health/Empty 1.png using Guid(e74edb58ea0a2d54c96d78b4f2e94e9c) Importer(815301076,1909f56bfc062723c751e8b465ee728b)  -> (artifact id: '7004c5b3539281161f3297a4adb9bfef') in 0.013921 seconds 
========================================================================
Received Import Request.
  Time since last request: 0.000032 seconds.
  path: Assets/Sprites/UI/Health/Red 4.png
  artifactKey: Guid(8361cc2552e268542a5a43c21bf621bd) Importer(815301076,1909f56bfc062723c751e8b465ee728b)
Start importing Assets/Sprites/UI/Health/Red 4.png using Guid(8361cc2552e268542a5a43c21bf621bd) Importer(815301076,1909f56bfc062723c751e8b465ee728b)  -> (artifact id: '4ef05b856ff503009dd5535d2018706f') in 0.013358 seconds 
========================================================================
Received Import Request.
  Time since last request: 0.000039 seconds.
  path: Assets/Sprites/UI/Health/Red 5.png
  artifactKey: Guid(c7e6df577041aad41a8e98dc712c9a68) Importer(815301076,1909f56bfc062723c751e8b465ee728b)
Start importing Assets/Sprites/UI/Health/Red 5.png using Guid(c7e6df577041aad41a8e98dc712c9a68) Importer(815301076,1909f56bfc062723c751e8b465ee728b)  -> (artifact id: '23121560d576eee929aee241eb3f5ed3') in 0.011566 seconds 
========================================================================
Received Prepare
Registering precompiled user dll's ...
Registered in 0.010591 seconds.
Begin MonoManager ReloadAssembly
Symbol file LoadedFromMemory doesn't match image C:\Users\eduar\OneDrive\Desktop\Unity Projects\Retitled-Dice-Game\Library\PackageCache\com.unity.visualscripting@1.7.6\Editor\VisualScripting.Core\Dependencies\YamlDotNet\Unity.VisualScripting.YamlDotNet.dll
Symbol file LoadedFromMemory is not a mono symbol file
Symbol file LoadedFromMemory doesn't match image C:\Users\eduar\OneDrive\Desktop\Unity Projects\Retitled-Dice-Game\Library\PackageCache\com.unity.visualscripting@1.7.6\Editor\VisualScripting.Core\Dependencies\DotNetZip\Unity.VisualScripting.IonicZip.dll
Native extension for WindowsStandalone target not found
Native extension for OSXStandalone target not found
Refreshing native plugins compatible for Editor in 1.08 ms, found 4 plugins.
Preloading 0 native plugins for Editor in 0.00 ms.
Mono: successfully reloaded assembly
- Completed reload, in  1.087 seconds
Domain Reload Profiling:
	ReloadAssembly (1088ms)
		BeginReloadAssembly (144ms)
			ExecutionOrderSort (0ms)
			DisableScriptedObjects (7ms)
			BackupInstance (0ms)
			ReleaseScriptingObjects (0ms)
			CreateAndSetChildDomain (39ms)
		EndReloadAssembly (840ms)
			LoadAssemblies (108ms)
			RebuildTransferFunctionScriptingTraits (0ms)
			SetupTypeCache (262ms)
			ReleaseScriptCaches (2ms)
			RebuildScriptCaches (54ms)
			SetupLoadedEditorAssemblies (367ms)
				LogAssemblyErrors (0ms)
				InitializePlatformSupportModulesInManaged (17ms)
				SetLoadedEditorAssemblies (0ms)
				RefreshPlugins (1ms)
				BeforeProcessingInitializeOnLoad (82ms)
				ProcessInitializeOnLoadAttributes (220ms)
				ProcessInitializeOnLoadMethodAttributes (38ms)
				AfterProcessingInitializeOnLoad (8ms)
				EditorAssembliesLoaded (0ms)
			ExecutionOrderSort2 (0ms)
			AwakeInstancesAfterBackupRestoration (11ms)
Platform modules already initialized, skipping
Refreshing native plugins compatible for Editor in 2.61 ms, found 4 plugins.
Preloading 0 native plugins for Editor in 0.00 ms.
Unloading 3953 Unused Serialized files (Serialized files now loaded: 0)
Unloading 27 unused Assets / (192.6 KB). Loaded Objects now: 4442.
Memory consumption went from 155.1 MB to 154.9 MB.
Total: 3.368100 ms (FindLiveObjects: 0.295600 ms CreateObjectMapping: 0.216200 ms MarkObjects: 2.693300 ms  DeleteObjects: 0.161700 ms)

AssetImportParameters requested are different than current active one (requested -> active):
  custom:video-decoder-ogg-theora: a1e56fd34408186e4bbccfd4996cb3dc -> 
  custom:container-muxer-webm: aa71ff27fc2769a1b78a27578f13a17b -> 
  custom:container-demuxer-webm: 4f35f7cbe854078d1ac9338744f61a02 -> 
  custom:video-encoder-webm-vp8: eb34c28f22e8b96e1ab97ce403110664 -> 
  custom:audio-encoder-webm-vorbis: bf7c407c2cedff20999df2af8eb42d56 -> 
  custom:framework-win-MediaFoundation: 216162199b28c13a410421893ffa2e32 -> 
  custom:container-demuxer-ogg: 62fdf1f143b41e24485cea50d1cbac27 -> 
  custom:video-decoder-webm-vp8: 9c59270c3fd7afecdb556c50c9e8de78 -> 
  custom:audio-decoder-ogg-vorbis: bf7c407c2cedff20999df2af8eb42d56 -> 
========================================================================
Received Import Request.
  Time since last request: 613.848439 seconds.
  path: Assets/Prefabs/Heart UI.prefab
  artifactKey: Guid(978f2310757b654458c3c930ee29de46) Importer(815301076,1909f56bfc062723c751e8b465ee728b)
Start importing Assets/Prefabs/Heart UI.prefab using Guid(978f2310757b654458c3c930ee29de46) Importer(815301076,1909f56bfc062723c751e8b465ee728b)  -> (artifact id: '2308de89b51e5f9ea4858ce7ef0ea1d4') in 0.041452 seconds 
========================================================================
Received Import Request.
  Time since last request: 9.457453 seconds.
  path: Assets/Prefabs/UI
  artifactKey: Guid(2d63e47d2844914449bd7e16226cf357) Importer(815301076,1909f56bfc062723c751e8b465ee728b)
Start importing Assets/Prefabs/UI using Guid(2d63e47d2844914449bd7e16226cf357) Importer(815301076,1909f56bfc062723c751e8b465ee728b)  -> (artifact id: '6701ee7e36470ff3d0dc543165e60698') in 0.005784 seconds 
========================================================================
Received Prepare
Registering precompiled user dll's ...
Registered in 0.010700 seconds.
Begin MonoManager ReloadAssembly
Symbol file LoadedFromMemory doesn't match image C:\Users\eduar\OneDrive\Desktop\Unity Projects\Retitled-Dice-Game\Library\PackageCache\com.unity.visualscripting@1.7.6\Editor\VisualScripting.Core\Dependencies\YamlDotNet\Unity.VisualScripting.YamlDotNet.dll
Symbol file LoadedFromMemory is not a mono symbol file
Symbol file LoadedFromMemory doesn't match image C:\Users\eduar\OneDrive\Desktop\Unity Projects\Retitled-Dice-Game\Library\PackageCache\com.unity.visualscripting@1.7.6\Editor\VisualScripting.Core\Dependencies\DotNetZip\Unity.VisualScripting.IonicZip.dll
Native extension for WindowsStandalone target not found
Native extension for OSXStandalone target not found
Refreshing native plugins compatible for Editor in 1.47 ms, found 4 plugins.
Preloading 0 native plugins for Editor in 0.00 ms.
Mono: successfully reloaded assembly
- Completed reload, in  1.089 seconds
Domain Reload Profiling:
	ReloadAssembly (1090ms)
		BeginReloadAssembly (134ms)
			ExecutionOrderSort (0ms)
			DisableScriptedObjects (9ms)
			BackupInstance (0ms)
			ReleaseScriptingObjects (0ms)
			CreateAndSetChildDomain (36ms)
		EndReloadAssembly (856ms)
			LoadAssemblies (96ms)
			RebuildTransferFunctionScriptingTraits (0ms)
			SetupTypeCache (254ms)
			ReleaseScriptCaches (2ms)
			RebuildScriptCaches (53ms)
			SetupLoadedEditorAssemblies (387ms)
				LogAssemblyErrors (0ms)
				InitializePlatformSupportModulesInManaged (15ms)
				SetLoadedEditorAssemblies (1ms)
				RefreshPlugins (2ms)
				BeforeProcessingInitializeOnLoad (84ms)
				ProcessInitializeOnLoadAttributes (237ms)
				ProcessInitializeOnLoadMethodAttributes (41ms)
				AfterProcessingInitializeOnLoad (7ms)
				EditorAssembliesLoaded (0ms)
			ExecutionOrderSort2 (0ms)
			AwakeInstancesAfterBackupRestoration (10ms)
Platform modules already initialized, skipping
Refreshing native plugins compatible for Editor in 3.21 ms, found 4 plugins.
Preloading 0 native plugins for Editor in 0.00 ms.
Unloading 3953 Unused Serialized files (Serialized files now loaded: 0)
Unloading 27 unused Assets / (192.7 KB). Loaded Objects now: 4445.
Memory consumption went from 155.1 MB to 154.9 MB.
Total: 3.661700 ms (FindLiveObjects: 0.316100 ms CreateObjectMapping: 0.223800 ms MarkObjects: 2.976100 ms  DeleteObjects: 0.144600 ms)

AssetImportParameters requested are different than current active one (requested -> active):
  custom:video-decoder-ogg-theora: a1e56fd34408186e4bbccfd4996cb3dc -> 
  custom:container-muxer-webm: aa71ff27fc2769a1b78a27578f13a17b -> 
  custom:container-demuxer-webm: 4f35f7cbe854078d1ac9338744f61a02 -> 
  custom:video-encoder-webm-vp8: eb34c28f22e8b96e1ab97ce403110664 -> 
  custom:audio-encoder-webm-vorbis: bf7c407c2cedff20999df2af8eb42d56 -> 
  custom:framework-win-MediaFoundation: 216162199b28c13a410421893ffa2e32 -> 
  custom:container-demuxer-ogg: 62fdf1f143b41e24485cea50d1cbac27 -> 
  custom:video-decoder-webm-vp8: 9c59270c3fd7afecdb556c50c9e8de78 -> 
  custom:audio-decoder-ogg-vorbis: bf7c407c2cedff20999df2af8eb42d56 -> 
========================================================================
Received Prepare
Registering precompiled user dll's ...
Registered in 0.010547 seconds.
Begin MonoManager ReloadAssembly
Symbol file LoadedFromMemory doesn't match image C:\Users\eduar\OneDrive\Desktop\Unity Projects\Retitled-Dice-Game\Library\PackageCache\com.unity.visualscripting@1.7.6\Editor\VisualScripting.Core\Dependencies\YamlDotNet\Unity.VisualScripting.YamlDotNet.dll
Symbol file LoadedFromMemory is not a mono symbol file
Symbol file LoadedFromMemory doesn't match image C:\Users\eduar\OneDrive\Desktop\Unity Projects\Retitled-Dice-Game\Library\PackageCache\com.unity.visualscripting@1.7.6\Editor\VisualScripting.Core\Dependencies\DotNetZip\Unity.VisualScripting.IonicZip.dll
Native extension for WindowsStandalone target not found
Native extension for OSXStandalone target not found
Refreshing native plugins compatible for Editor in 0.98 ms, found 4 plugins.
Preloading 0 native plugins for Editor in 0.00 ms.
Mono: successfully reloaded assembly
- Completed reload, in  1.143 seconds
Domain Reload Profiling:
	ReloadAssembly (1144ms)
		BeginReloadAssembly (131ms)
			ExecutionOrderSort (0ms)
			DisableScriptedObjects (7ms)
			BackupInstance (0ms)
			ReleaseScriptingObjects (0ms)
			CreateAndSetChildDomain (35ms)
		EndReloadAssembly (908ms)
			LoadAssemblies (100ms)
			RebuildTransferFunctionScriptingTraits (0ms)
			SetupTypeCache (272ms)
			ReleaseScriptCaches (2ms)
			RebuildScriptCaches (61ms)
			SetupLoadedEditorAssemblies (402ms)
				LogAssemblyErrors (0ms)
				InitializePlatformSupportModulesInManaged (17ms)
				SetLoadedEditorAssemblies (1ms)
				RefreshPlugins (1ms)
				BeforeProcessingInitializeOnLoad (90ms)
				ProcessInitializeOnLoadAttributes (241ms)
				ProcessInitializeOnLoadMethodAttributes (44ms)
				AfterProcessingInitializeOnLoad (8ms)
				EditorAssembliesLoaded (0ms)
			ExecutionOrderSort2 (0ms)
			AwakeInstancesAfterBackupRestoration (11ms)
Platform modules already initialized, skipping
Refreshing native plugins compatible for Editor in 3.26 ms, found 4 plugins.
Preloading 0 native plugins for Editor in 0.00 ms.
Unloading 3953 Unused Serialized files (Serialized files now loaded: 0)
Unloading 27 unused Assets / (192.8 KB). Loaded Objects now: 4448.
Memory consumption went from 155.1 MB to 154.9 MB.
Total: 4.184700 ms (FindLiveObjects: 0.381100 ms CreateObjectMapping: 0.396800 ms MarkObjects: 3.244800 ms  DeleteObjects: 0.160900 ms)

AssetImportParameters requested are different than current active one (requested -> active):
  custom:video-decoder-ogg-theora: a1e56fd34408186e4bbccfd4996cb3dc -> 
  custom:container-muxer-webm: aa71ff27fc2769a1b78a27578f13a17b -> 
  custom:container-demuxer-webm: 4f35f7cbe854078d1ac9338744f61a02 -> 
  custom:video-encoder-webm-vp8: eb34c28f22e8b96e1ab97ce403110664 -> 
  custom:audio-encoder-webm-vorbis: bf7c407c2cedff20999df2af8eb42d56 -> 
  custom:framework-win-MediaFoundation: 216162199b28c13a410421893ffa2e32 -> 
  custom:container-demuxer-ogg: 62fdf1f143b41e24485cea50d1cbac27 -> 
  custom:video-decoder-webm-vp8: 9c59270c3fd7afecdb556c50c9e8de78 -> 
  custom:audio-decoder-ogg-vorbis: bf7c407c2cedff20999df2af8eb42d56 -> 
========================================================================
Received Import Request.
  Time since last request: 130.146051 seconds.
  path: Assets/Scriptable Objects/Melee Action.asset
  artifactKey: Guid(3d0a5222516c54345861722ba677cba1) Importer(815301076,1909f56bfc062723c751e8b465ee728b)
Start importing Assets/Scriptable Objects/Melee Action.asset using Guid(3d0a5222516c54345861722ba677cba1) Importer(815301076,1909f56bfc062723c751e8b465ee728b)  -> (artifact id: '5f100d2355710499c34758ff23871a6d') in 0.023066 seconds 
========================================================================
Received Import Request.
  Time since last request: 18.108478 seconds.
  path: Assets/Sprites/UI/Skill Icons/Buffs/swiftness.png
  artifactKey: Guid(ab4cff10ca1beef45ab5dc37121077d2) Importer(815301076,1909f56bfc062723c751e8b465ee728b)
Start importing Assets/Sprites/UI/Skill Icons/Buffs/swiftness.png using Guid(ab4cff10ca1beef45ab5dc37121077d2) Importer(815301076,1909f56bfc062723c751e8b465ee728b)  -> (artifact id: 'f4a9803cbc9303dc8400115fb7d1dfc3') in 0.068266 seconds 
========================================================================
Received Import Request.
  Time since last request: 2.678068 seconds.
  path: Assets/Scriptable Objects/Melee Action.asset
  artifactKey: Guid(3d0a5222516c54345861722ba677cba1) Importer(815301076,1909f56bfc062723c751e8b465ee728b)
Start importing Assets/Scriptable Objects/Melee Action.asset using Guid(3d0a5222516c54345861722ba677cba1) Importer(815301076,1909f56bfc062723c751e8b465ee728b)  -> (artifact id: '0ef6147e2c8ed6915c5e8981b7121b20') in 0.003095 seconds 
========================================================================
Received Import Request.
  Time since last request: 8.748912 seconds.
  path: Assets/Scriptable Objects/D6 Melee.asset
  artifactKey: Guid(e8d732acdda4b39449630ce6ec7774ab) Importer(815301076,1909f56bfc062723c751e8b465ee728b)
Start importing Assets/Scriptable Objects/D6 Melee.asset using Guid(e8d732acdda4b39449630ce6ec7774ab) Importer(815301076,1909f56bfc062723c751e8b465ee728b)  -> (artifact id: 'df2c12fa2b47eec56672b7c04f8222ef') in 0.006176 seconds 
========================================================================
Received Import Request.
  Time since last request: 3.456625 seconds.
  path: Assets/Scriptable Objects/D6 Move.asset
  artifactKey: Guid(1c8f5743ce05f374cbc0a4485cf638f9) Importer(815301076,1909f56bfc062723c751e8b465ee728b)
Start importing Assets/Scriptable Objects/D6 Move.asset using Guid(1c8f5743ce05f374cbc0a4485cf638f9) Importer(815301076,1909f56bfc062723c751e8b465ee728b)  -> (artifact id: '80a56597bd1424fad78a44752e93b90a') in 0.006261 seconds 
========================================================================
Received Prepare
Registering precompiled user dll's ...
Registered in 0.011391 seconds.
Begin MonoManager ReloadAssembly
Symbol file LoadedFromMemory doesn't match image C:\Users\eduar\OneDrive\Desktop\Unity Projects\Retitled-Dice-Game\Library\PackageCache\com.unity.visualscripting@1.7.6\Editor\VisualScripting.Core\Dependencies\YamlDotNet\Unity.VisualScripting.YamlDotNet.dll
Symbol file LoadedFromMemory is not a mono symbol file
Symbol file LoadedFromMemory doesn't match image C:\Users\eduar\OneDrive\Desktop\Unity Projects\Retitled-Dice-Game\Library\PackageCache\com.unity.visualscripting@1.7.6\Editor\VisualScripting.Core\Dependencies\DotNetZip\Unity.VisualScripting.IonicZip.dll
Native extension for WindowsStandalone target not found
Native extension for OSXStandalone target not found
Refreshing native plugins compatible for Editor in 0.92 ms, found 4 plugins.
Preloading 0 native plugins for Editor in 0.00 ms.
Mono: successfully reloaded assembly
- Completed reload, in  1.200 seconds
Domain Reload Profiling:
	ReloadAssembly (1201ms)
		BeginReloadAssembly (139ms)
			ExecutionOrderSort (0ms)
			DisableScriptedObjects (7ms)
			BackupInstance (0ms)
			ReleaseScriptingObjects (0ms)
			CreateAndSetChildDomain (39ms)
		EndReloadAssembly (942ms)
			LoadAssemblies (108ms)
			RebuildTransferFunctionScriptingTraits (0ms)
			SetupTypeCache (314ms)
			ReleaseScriptCaches (2ms)
			RebuildScriptCaches (61ms)
			SetupLoadedEditorAssemblies (392ms)
				LogAssemblyErrors (0ms)
				InitializePlatformSupportModulesInManaged (17ms)
				SetLoadedEditorAssemblies (0ms)
				RefreshPlugins (1ms)
				BeforeProcessingInitializeOnLoad (80ms)
				ProcessInitializeOnLoadAttributes (243ms)
				ProcessInitializeOnLoadMethodAttributes (43ms)
				AfterProcessingInitializeOnLoad (8ms)
				EditorAssembliesLoaded (0ms)
			ExecutionOrderSort2 (0ms)
			AwakeInstancesAfterBackupRestoration (11ms)
Platform modules already initialized, skipping
Refreshing native plugins compatible for Editor in 3.29 ms, found 4 plugins.
Preloading 0 native plugins for Editor in 0.00 ms.
Unloading 3953 Unused Serialized files (Serialized files now loaded: 0)
Unloading 27 unused Assets / (192.4 KB). Loaded Objects now: 4451.
Memory consumption went from 155.1 MB to 155.0 MB.
Total: 3.997300 ms (FindLiveObjects: 0.335900 ms CreateObjectMapping: 0.383100 ms MarkObjects: 3.097400 ms  DeleteObjects: 0.179700 ms)

AssetImportParameters requested are different than current active one (requested -> active):
  custom:video-decoder-ogg-theora: a1e56fd34408186e4bbccfd4996cb3dc -> 
  custom:container-muxer-webm: aa71ff27fc2769a1b78a27578f13a17b -> 
  custom:container-demuxer-webm: 4f35f7cbe854078d1ac9338744f61a02 -> 
  custom:video-encoder-webm-vp8: eb34c28f22e8b96e1ab97ce403110664 -> 
  custom:audio-encoder-webm-vorbis: bf7c407c2cedff20999df2af8eb42d56 -> 
  custom:framework-win-MediaFoundation: 216162199b28c13a410421893ffa2e32 -> 
  custom:container-demuxer-ogg: 62fdf1f143b41e24485cea50d1cbac27 -> 
  custom:video-decoder-webm-vp8: 9c59270c3fd7afecdb556c50c9e8de78 -> 
  custom:audio-decoder-ogg-vorbis: bf7c407c2cedff20999df2af8eb42d56 -> 
========================================================================
Received Import Request.
  Time since last request: 81.086293 seconds.
  path: Assets/Scriptable Objects/Melee Action.asset
  artifactKey: Guid(3d0a5222516c54345861722ba677cba1) Importer(815301076,1909f56bfc062723c751e8b465ee728b)
Start importing Assets/Scriptable Objects/Melee Action.asset using Guid(3d0a5222516c54345861722ba677cba1) Importer(815301076,1909f56bfc062723c751e8b465ee728b)  -> (artifact id: 'ff66b659e7bc4d25710688d5fb996b27') in 0.020260 seconds 
========================================================================
Received Prepare
Registering precompiled user dll's ...
Registered in 0.007293 seconds.
Begin MonoManager ReloadAssembly
Symbol file LoadedFromMemory doesn't match image C:\Users\eduar\OneDrive\Desktop\Unity Projects\Retitled-Dice-Game\Library\PackageCache\com.unity.visualscripting@1.7.6\Editor\VisualScripting.Core\Dependencies\YamlDotNet\Unity.VisualScripting.YamlDotNet.dll
Symbol file LoadedFromMemory is not a mono symbol file
Symbol file LoadedFromMemory doesn't match image C:\Users\eduar\OneDrive\Desktop\Unity Projects\Retitled-Dice-Game\Library\PackageCache\com.unity.visualscripting@1.7.6\Editor\VisualScripting.Core\Dependencies\DotNetZip\Unity.VisualScripting.IonicZip.dll
Native extension for WindowsStandalone target not found
Native extension for OSXStandalone target not found
Refreshing native plugins compatible for Editor in 0.97 ms, found 4 plugins.
Preloading 0 native plugins for Editor in 0.00 ms.
Mono: successfully reloaded assembly
- Completed reload, in  1.095 seconds
Domain Reload Profiling:
	ReloadAssembly (1096ms)
		BeginReloadAssembly (138ms)
			ExecutionOrderSort (0ms)
			DisableScriptedObjects (7ms)
			BackupInstance (0ms)
			ReleaseScriptingObjects (0ms)
			CreateAndSetChildDomain (36ms)
		EndReloadAssembly (848ms)
			LoadAssemblies (103ms)
			RebuildTransferFunctionScriptingTraits (0ms)
			SetupTypeCache (252ms)
			ReleaseScriptCaches (2ms)
			RebuildScriptCaches (54ms)
			SetupLoadedEditorAssemblies (383ms)
				LogAssemblyErrors (0ms)
				InitializePlatformSupportModulesInManaged (15ms)
				SetLoadedEditorAssemblies (0ms)
				RefreshPlugins (1ms)
				BeforeProcessingInitializeOnLoad (78ms)
				ProcessInitializeOnLoadAttributes (239ms)
				ProcessInitializeOnLoadMethodAttributes (44ms)
				AfterProcessingInitializeOnLoad (7ms)
				EditorAssembliesLoaded (0ms)
			ExecutionOrderSort2 (0ms)
			AwakeInstancesAfterBackupRestoration (10ms)
Platform modules already initialized, skipping
Refreshing native plugins compatible for Editor in 2.85 ms, found 4 plugins.
Preloading 0 native plugins for Editor in 0.00 ms.
Unloading 3953 Unused Serialized files (Serialized files now loaded: 0)
Unloading 27 unused Assets / (192.6 KB). Loaded Objects now: 4454.
Memory consumption went from 155.1 MB to 155.0 MB.
Total: 3.355700 ms (FindLiveObjects: 0.331200 ms CreateObjectMapping: 0.208900 ms MarkObjects: 2.658200 ms  DeleteObjects: 0.156100 ms)

AssetImportParameters requested are different than current active one (requested -> active):
  custom:video-decoder-ogg-theora: a1e56fd34408186e4bbccfd4996cb3dc -> 
  custom:container-muxer-webm: aa71ff27fc2769a1b78a27578f13a17b -> 
  custom:container-demuxer-webm: 4f35f7cbe854078d1ac9338744f61a02 -> 
  custom:video-encoder-webm-vp8: eb34c28f22e8b96e1ab97ce403110664 -> 
  custom:audio-encoder-webm-vorbis: bf7c407c2cedff20999df2af8eb42d56 -> 
  custom:framework-win-MediaFoundation: 216162199b28c13a410421893ffa2e32 -> 
  custom:container-demuxer-ogg: 62fdf1f143b41e24485cea50d1cbac27 -> 
  custom:video-decoder-webm-vp8: 9c59270c3fd7afecdb556c50c9e8de78 -> 
  custom:audio-decoder-ogg-vorbis: bf7c407c2cedff20999df2af8eb42d56 -> 
========================================================================
Received Prepare
Registering precompiled user dll's ...
Registered in 0.008417 seconds.
Begin MonoManager ReloadAssembly
Symbol file LoadedFromMemory doesn't match image C:\Users\eduar\OneDrive\Desktop\Unity Projects\Retitled-Dice-Game\Library\PackageCache\com.unity.visualscripting@1.7.6\Editor\VisualScripting.Core\Dependencies\YamlDotNet\Unity.VisualScripting.YamlDotNet.dll
Symbol file LoadedFromMemory is not a mono symbol file
Symbol file LoadedFromMemory doesn't match image C:\Users\eduar\OneDrive\Desktop\Unity Projects\Retitled-Dice-Game\Library\PackageCache\com.unity.visualscripting@1.7.6\Editor\VisualScripting.Core\Dependencies\DotNetZip\Unity.VisualScripting.IonicZip.dll
Native extension for WindowsStandalone target not found
Native extension for OSXStandalone target not found
Refreshing native plugins compatible for Editor in 1.16 ms, found 4 plugins.
Preloading 0 native plugins for Editor in 0.00 ms.
Mono: successfully reloaded assembly
- Completed reload, in  1.052 seconds
Domain Reload Profiling:
	ReloadAssembly (1053ms)
		BeginReloadAssembly (134ms)
			ExecutionOrderSort (0ms)
			DisableScriptedObjects (11ms)
			BackupInstance (0ms)
			ReleaseScriptingObjects (0ms)
			CreateAndSetChildDomain (34ms)
		EndReloadAssembly (806ms)
			LoadAssemblies (101ms)
			RebuildTransferFunctionScriptingTraits (0ms)
			SetupTypeCache (237ms)
			ReleaseScriptCaches (1ms)
			RebuildScriptCaches (55ms)
			SetupLoadedEditorAssemblies (359ms)
				LogAssemblyErrors (0ms)
				InitializePlatformSupportModulesInManaged (17ms)
				SetLoadedEditorAssemblies (0ms)
				RefreshPlugins (1ms)
				BeforeProcessingInitializeOnLoad (82ms)
				ProcessInitializeOnLoadAttributes (218ms)
				ProcessInitializeOnLoadMethodAttributes (35ms)
				AfterProcessingInitializeOnLoad (6ms)
				EditorAssembliesLoaded (0ms)
			ExecutionOrderSort2 (0ms)
			AwakeInstancesAfterBackupRestoration (9ms)
Platform modules already initialized, skipping
Refreshing native plugins compatible for Editor in 2.82 ms, found 4 plugins.
Preloading 0 native plugins for Editor in 0.00 ms.
Unloading 3953 Unused Serialized files (Serialized files now loaded: 0)
Unloading 27 unused Assets / (192.6 KB). Loaded Objects now: 4457.
Memory consumption went from 155.2 MB to 155.0 MB.
Total: 3.211200 ms (FindLiveObjects: 0.309400 ms CreateObjectMapping: 0.202000 ms MarkObjects: 2.548200 ms  DeleteObjects: 0.150600 ms)

AssetImportParameters requested are different than current active one (requested -> active):
  custom:video-decoder-ogg-theora: a1e56fd34408186e4bbccfd4996cb3dc -> 
  custom:container-muxer-webm: aa71ff27fc2769a1b78a27578f13a17b -> 
  custom:container-demuxer-webm: 4f35f7cbe854078d1ac9338744f61a02 -> 
  custom:video-encoder-webm-vp8: eb34c28f22e8b96e1ab97ce403110664 -> 
  custom:audio-encoder-webm-vorbis: bf7c407c2cedff20999df2af8eb42d56 -> 
  custom:framework-win-MediaFoundation: 216162199b28c13a410421893ffa2e32 -> 
  custom:container-demuxer-ogg: 62fdf1f143b41e24485cea50d1cbac27 -> 
  custom:video-decoder-webm-vp8: 9c59270c3fd7afecdb556c50c9e8de78 -> 
  custom:audio-decoder-ogg-vorbis: bf7c407c2cedff20999df2af8eb42d56 -> 
========================================================================
Received Prepare
Registering precompiled user dll's ...
Registered in 0.008378 seconds.
Begin MonoManager ReloadAssembly
Symbol file LoadedFromMemory doesn't match image C:\Users\eduar\OneDrive\Desktop\Unity Projects\Retitled-Dice-Game\Library\PackageCache\com.unity.visualscripting@1.7.6\Editor\VisualScripting.Core\Dependencies\YamlDotNet\Unity.VisualScripting.YamlDotNet.dll
Symbol file LoadedFromMemory is not a mono symbol file
Symbol file LoadedFromMemory doesn't match image C:\Users\eduar\OneDrive\Desktop\Unity Projects\Retitled-Dice-Game\Library\PackageCache\com.unity.visualscripting@1.7.6\Editor\VisualScripting.Core\Dependencies\DotNetZip\Unity.VisualScripting.IonicZip.dll
Native extension for WindowsStandalone target not found
Native extension for OSXStandalone target not found
Refreshing native plugins compatible for Editor in 0.93 ms, found 4 plugins.
Preloading 0 native plugins for Editor in 0.00 ms.
Mono: successfully reloaded assembly
- Completed reload, in  1.082 seconds
Domain Reload Profiling:
	ReloadAssembly (1083ms)
		BeginReloadAssembly (133ms)
			ExecutionOrderSort (0ms)
			DisableScriptedObjects (7ms)
			BackupInstance (0ms)
			ReleaseScriptingObjects (0ms)
			CreateAndSetChildDomain (36ms)
		EndReloadAssembly (850ms)
			LoadAssemblies (99ms)
			RebuildTransferFunctionScriptingTraits (0ms)
			SetupTypeCache (265ms)
			ReleaseScriptCaches (2ms)
			RebuildScriptCaches (57ms)
			SetupLoadedEditorAssemblies (369ms)
				LogAssemblyErrors (0ms)
				InitializePlatformSupportModulesInManaged (17ms)
				SetLoadedEditorAssemblies (0ms)
				RefreshPlugins (1ms)
				BeforeProcessingInitializeOnLoad (79ms)
				ProcessInitializeOnLoadAttributes (227ms)
				ProcessInitializeOnLoadMethodAttributes (38ms)
				AfterProcessingInitializeOnLoad (7ms)
				EditorAssembliesLoaded (0ms)
			ExecutionOrderSort2 (0ms)
			AwakeInstancesAfterBackupRestoration (9ms)
Platform modules already initialized, skipping
Refreshing native plugins compatible for Editor in 3.24 ms, found 4 plugins.
Preloading 0 native plugins for Editor in 0.00 ms.
Unloading 3953 Unused Serialized files (Serialized files now loaded: 0)
Unloading 27 unused Assets / (192.6 KB). Loaded Objects now: 4460.
Memory consumption went from 155.2 MB to 155.0 MB.
Total: 3.155900 ms (FindLiveObjects: 0.329400 ms CreateObjectMapping: 0.207900 ms MarkObjects: 2.427700 ms  DeleteObjects: 0.189400 ms)

AssetImportParameters requested are different than current active one (requested -> active):
  custom:video-decoder-ogg-theora: a1e56fd34408186e4bbccfd4996cb3dc -> 
  custom:container-muxer-webm: aa71ff27fc2769a1b78a27578f13a17b -> 
  custom:container-demuxer-webm: 4f35f7cbe854078d1ac9338744f61a02 -> 
  custom:video-encoder-webm-vp8: eb34c28f22e8b96e1ab97ce403110664 -> 
  custom:audio-encoder-webm-vorbis: bf7c407c2cedff20999df2af8eb42d56 -> 
  custom:framework-win-MediaFoundation: 216162199b28c13a410421893ffa2e32 -> 
  custom:container-demuxer-ogg: 62fdf1f143b41e24485cea50d1cbac27 -> 
  custom:video-decoder-webm-vp8: 9c59270c3fd7afecdb556c50c9e8de78 -> 
  custom:audio-decoder-ogg-vorbis: bf7c407c2cedff20999df2af8eb42d56 -> 
========================================================================
Received Import Request.
  Time since last request: 130.867124 seconds.
  path: Assets/Prefabs/Knight.prefab
  artifactKey: Guid(e103206a9a096d9438e0d55a66513512) Importer(815301076,1909f56bfc062723c751e8b465ee728b)
Start importing Assets/Prefabs/Knight.prefab using Guid(e103206a9a096d9438e0d55a66513512) Importer(815301076,1909f56bfc062723c751e8b465ee728b)  -> (artifact id: 'ba2ce10793868332d374827605edf354') in 0.087326 seconds 
========================================================================
Received Import Request.
  Time since last request: 2.687337 seconds.
  path: Assets/Prefabs/Knight.prefab
  artifactKey: Guid(e103206a9a096d9438e0d55a66513512) Importer(815301076,1909f56bfc062723c751e8b465ee728b)
Start importing Assets/Prefabs/Knight.prefab using Guid(e103206a9a096d9438e0d55a66513512) Importer(815301076,1909f56bfc062723c751e8b465ee728b)  -> (artifact id: 'c914f2265fed6c050e8d6f5988dbfb7f') in 0.019283 seconds 
========================================================================
Received Import Request.
  Time since last request: 5.083982 seconds.
  path: Assets/Prefabs/Knight.prefab
  artifactKey: Guid(e103206a9a096d9438e0d55a66513512) Importer(815301076,1909f56bfc062723c751e8b465ee728b)
Start importing Assets/Prefabs/Knight.prefab using Guid(e103206a9a096d9438e0d55a66513512) Importer(815301076,1909f56bfc062723c751e8b465ee728b)  -> (artifact id: 'dc6b487d709fa2a661691a96e7644ccf') in 0.018621 seconds 
========================================================================
Received Import Request.
  Time since last request: 4.882441 seconds.
  path: Assets/Prefabs/Knight.prefab
  artifactKey: Guid(e103206a9a096d9438e0d55a66513512) Importer(815301076,1909f56bfc062723c751e8b465ee728b)
Start importing Assets/Prefabs/Knight.prefab using Guid(e103206a9a096d9438e0d55a66513512) Importer(815301076,1909f56bfc062723c751e8b465ee728b)  -> (artifact id: 'a15754fd2c1f7b3e977b1b186b761bba') in 0.016840 seconds 
========================================================================
Received Import Request.
  Time since last request: 4.781166 seconds.
  path: Assets/Prefabs/Knight.prefab
  artifactKey: Guid(e103206a9a096d9438e0d55a66513512) Importer(815301076,1909f56bfc062723c751e8b465ee728b)
Start importing Assets/Prefabs/Knight.prefab using Guid(e103206a9a096d9438e0d55a66513512) Importer(815301076,1909f56bfc062723c751e8b465ee728b)  -> (artifact id: 'e7364b2b96feeaf480b6fc5e641f272e') in 0.016311 seconds 
========================================================================
Received Import Request.
  Time since last request: 3.212931 seconds.
  path: Assets/Prefabs/Knight.prefab
  artifactKey: Guid(e103206a9a096d9438e0d55a66513512) Importer(815301076,1909f56bfc062723c751e8b465ee728b)
Start importing Assets/Prefabs/Knight.prefab using Guid(e103206a9a096d9438e0d55a66513512) Importer(815301076,1909f56bfc062723c751e8b465ee728b)  -> (artifact id: '19ecdca0e287b3cb08e9056a99d770e2') in 0.017212 seconds 
========================================================================
Received Import Request.
  Time since last request: 13.102845 seconds.
  path: Assets/Prefabs/Knight.prefab
  artifactKey: Guid(e103206a9a096d9438e0d55a66513512) Importer(815301076,1909f56bfc062723c751e8b465ee728b)
Start importing Assets/Prefabs/Knight.prefab using Guid(e103206a9a096d9438e0d55a66513512) Importer(815301076,1909f56bfc062723c751e8b465ee728b)  -> (artifact id: '3f962ada31ee60b36edbb33274eaa870') in 0.019790 seconds 
========================================================================
Received Import Request.
  Time since last request: 70.734685 seconds.
  path: Assets/Sprites/Dungeon Assets v3/items/npc_barbarian.png
  artifactKey: Guid(c900f36d511819745b2e679980747d8f) Importer(815301076,1909f56bfc062723c751e8b465ee728b)
Start importing Assets/Sprites/Dungeon Assets v3/items/npc_barbarian.png using Guid(c900f36d511819745b2e679980747d8f) Importer(815301076,1909f56bfc062723c751e8b465ee728b)  -> (artifact id: '2587d502fc39d2feb6aa28b6e0428779') in 0.047441 seconds 
========================================================================
Received Import Request.
  Time since last request: 0.000020 seconds.
  path: Assets/Sprites/Dungeon Assets v3/items/npc_mage.png
  artifactKey: Guid(3e3ee6003a6fc1c4c80246d5e191a5fe) Importer(815301076,1909f56bfc062723c751e8b465ee728b)
Start importing Assets/Sprites/Dungeon Assets v3/items/npc_mage.png using Guid(3e3ee6003a6fc1c4c80246d5e191a5fe) Importer(815301076,1909f56bfc062723c751e8b465ee728b)  -> (artifact id: '019df5dbff19223888f0e2d3c95a7742') in 0.025844 seconds 
========================================================================
Received Import Request.
  Time since last request: 0.000024 seconds.
  path: Assets/Sprites/Dungeon Assets v3/items/npc_wizzard.png
  artifactKey: Guid(dff4e775a75ede6429864c7ef2290cbd) Importer(815301076,1909f56bfc062723c751e8b465ee728b)
Start importing Assets/Sprites/Dungeon Assets v3/items/npc_wizzard.png using Guid(dff4e775a75ede6429864c7ef2290cbd) Importer(815301076,1909f56bfc062723c751e8b465ee728b)  -> (artifact id: '0a0b2e49adfac2debbdf50a58ce26ba5') in 0.025666 seconds 
========================================================================
Received Import Request.
  Time since last request: 0.000028 seconds.
  path: Assets/Sprites/Dungeon Assets v3/items/npc_knight_yellow.png
  artifactKey: Guid(39e3125bfd96cc84bb5b69e0b9902971) Importer(815301076,1909f56bfc062723c751e8b465ee728b)
Start importing Assets/Sprites/Dungeon Assets v3/items/npc_knight_yellow.png using Guid(39e3125bfd96cc84bb5b69e0b9902971) Importer(815301076,1909f56bfc062723c751e8b465ee728b)  -> (artifact id: 'ad607bcec814acd787273717827b4e8a') in 0.021894 seconds 
========================================================================
Received Import Request.
  Time since last request: 0.000022 seconds.
  path: Assets/Sprites/Dungeon Assets v3/items/npc_merchant_2.png
  artifactKey: Guid(483078a1e12942144b243c16863b4c6e) Importer(815301076,1909f56bfc062723c751e8b465ee728b)
Start importing Assets/Sprites/Dungeon Assets v3/items/npc_merchant_2.png using Guid(483078a1e12942144b243c16863b4c6e) Importer(815301076,1909f56bfc062723c751e8b465ee728b)  -> (artifact id: '4065ae0a4cde9e5b650fbc5d0b0f0c1f') in 0.024125 seconds 
========================================================================
Received Import Request.
  Time since last request: 0.000029 seconds.
  path: Assets/Sprites/Dungeon Assets v3/items/npc_sage.png
  artifactKey: Guid(317f396bbdde04e4080c895321c1f2ca) Importer(815301076,1909f56bfc062723c751e8b465ee728b)
Start importing Assets/Sprites/Dungeon Assets v3/items/npc_sage.png using Guid(317f396bbdde04e4080c895321c1f2ca) Importer(815301076,1909f56bfc062723c751e8b465ee728b)  -> (artifact id: 'effc840321354deaa5a0d1772e65d289') in 0.025047 seconds 
========================================================================
Received Import Request.
  Time since last request: 0.000033 seconds.
  path: Assets/Sprites/Dungeon Assets v3/items/npc_wrestler.png
  artifactKey: Guid(2c8255c227a382c40a4cc4136da91c0b) Importer(815301076,1909f56bfc062723c751e8b465ee728b)
Start importing Assets/Sprites/Dungeon Assets v3/items/npc_wrestler.png using Guid(2c8255c227a382c40a4cc4136da91c0b) Importer(815301076,1909f56bfc062723c751e8b465ee728b)  -> (artifact id: 'd03a4405ade04343d4365ece26f191c1') in 0.021611 seconds 
========================================================================
Received Import Request.
  Time since last request: 0.000020 seconds.
  path: Assets/Sprites/Dungeon Assets v3/items/npc_paladin.png
  artifactKey: Guid(36794c2c9ae6e844c9f552e8cea93c90) Importer(815301076,1909f56bfc062723c751e8b465ee728b)
Start importing Assets/Sprites/Dungeon Assets v3/items/npc_paladin.png using Guid(36794c2c9ae6e844c9f552e8cea93c90) Importer(815301076,1909f56bfc062723c751e8b465ee728b)  -> (artifact id: 'da0fe1bda5295bc311a82f2394b1f07c') in 0.022117 seconds 
========================================================================
Received Import Request.
  Time since last request: 0.000035 seconds.
  path: Assets/Sprites/Dungeon Assets v3/items/Pit_se.png
  artifactKey: Guid(fb71b27910280204185ebe1b51a226c5) Importer(815301076,1909f56bfc062723c751e8b465ee728b)
Start importing Assets/Sprites/Dungeon Assets v3/items/Pit_se.png using Guid(fb71b27910280204185ebe1b51a226c5) Importer(815301076,1909f56bfc062723c751e8b465ee728b)  -> (artifact id: 'e3f6f27c5c97658e636884990edf4c0d') in 0.023941 seconds 
========================================================================
Received Import Request.
  Time since last request: 0.000026 seconds.
  path: Assets/Sprites/Dungeon Assets v3/items/Pit_e.png
  artifactKey: Guid(27e9c7b90c89f7a4f86d00f405ce9aa1) Importer(815301076,1909f56bfc062723c751e8b465ee728b)
Start importing Assets/Sprites/Dungeon Assets v3/items/Pit_e.png using Guid(27e9c7b90c89f7a4f86d00f405ce9aa1) Importer(815301076,1909f56bfc062723c751e8b465ee728b)  -> (artifact id: 'f49ff9ff5c6cce0245ccfc033cb96cdc') in 0.019035 seconds 
========================================================================
Received Import Request.
  Time since last request: 0.000022 seconds.
  path: Assets/Sprites/Dungeon Assets v3/items/stairs_top.png
  artifactKey: Guid(883e4656832456e43829a4f0907a4274) Importer(815301076,1909f56bfc062723c751e8b465ee728b)
Start importing Assets/Sprites/Dungeon Assets v3/items/stairs_top.png using Guid(883e4656832456e43829a4f0907a4274) Importer(815301076,1909f56bfc062723c751e8b465ee728b)  -> (artifact id: '03743a1aafd30158411e4cd028899b69') in 0.023809 seconds 
========================================================================
Received Import Request.
  Time since last request: 0.000026 seconds.
  path: Assets/Sprites/Dungeon Assets v3/items/torch_3.png
  artifactKey: Guid(c5913e8a1e4a78843be6a08e52a422b9) Importer(815301076,1909f56bfc062723c751e8b465ee728b)
Start importing Assets/Sprites/Dungeon Assets v3/items/torch_3.png using Guid(c5913e8a1e4a78843be6a08e52a422b9) Importer(815301076,1909f56bfc062723c751e8b465ee728b)  -> (artifact id: '81b66126be27c2791b2f63a9540adc25') in 0.023168 seconds 
========================================================================
Received Import Request.
  Time since last request: 0.000023 seconds.
  path: Assets/Sprites/Dungeon Assets v3/items/torch_2.png
  artifactKey: Guid(44949fa610faf5a49ae44a84ed9b049e) Importer(815301076,1909f56bfc062723c751e8b465ee728b)
Start importing Assets/Sprites/Dungeon Assets v3/items/torch_2.png using Guid(44949fa610faf5a49ae44a84ed9b049e) Importer(815301076,1909f56bfc062723c751e8b465ee728b)  -> (artifact id: '5225ec94d2f115fc34cc2107ed67c8c3') in 0.023561 seconds 
========================================================================
Received Import Request.
  Time since last request: 0.000031 seconds.
  path: Assets/Sprites/Dungeon Assets v3/items/Pit_n.png
  artifactKey: Guid(b87d4bda824eb8044ac4f4d7cc17990a) Importer(815301076,1909f56bfc062723c751e8b465ee728b)
Start importing Assets/Sprites/Dungeon Assets v3/items/Pit_n.png using Guid(b87d4bda824eb8044ac4f4d7cc17990a) Importer(815301076,1909f56bfc062723c751e8b465ee728b)  -> (artifact id: '62a01a31b5ae155d9924688b4a440d0a') in 0.021102 seconds 
========================================================================
Received Import Request.
  Time since last request: 0.000026 seconds.
  path: Assets/Sprites/Dungeon Assets v3/items/npc_dwarf_2.png
  artifactKey: Guid(1c17e074d0af60346a345dfcc861960a) Importer(815301076,1909f56bfc062723c751e8b465ee728b)
Start importing Assets/Sprites/Dungeon Assets v3/items/npc_dwarf_2.png using Guid(1c17e074d0af60346a345dfcc861960a) Importer(815301076,1909f56bfc062723c751e8b465ee728b)  -> (artifact id: '08541771bfeef3313a02a9b871d28c7e') in 0.020449 seconds 
========================================================================
Received Import Request.
  Time since last request: 0.000021 seconds.
  path: Assets/Sprites/Dungeon Assets v3/items/torch_4.png
  artifactKey: Guid(c25ba7760150a284dbe2bae88d38875b) Importer(815301076,1909f56bfc062723c751e8b465ee728b)
Start importing Assets/Sprites/Dungeon Assets v3/items/torch_4.png using Guid(c25ba7760150a284dbe2bae88d38875b) Importer(815301076,1909f56bfc062723c751e8b465ee728b)  -> (artifact id: 'cf53549913978599b618597eed1559f1') in 0.022923 seconds 
========================================================================
Received Import Request.
  Time since last request: 0.034119 seconds.
  path: Assets/Sprites/Dungeon Assets v3/items/torch_5.png
  artifactKey: Guid(ee9a8be2f022fa84e9109502a96d428e) Importer(815301076,1909f56bfc062723c751e8b465ee728b)
Start importing Assets/Sprites/Dungeon Assets v3/items/torch_5.png using Guid(ee9a8be2f022fa84e9109502a96d428e) Importer(815301076,1909f56bfc062723c751e8b465ee728b)  -> (artifact id: '8e36a98f2fb42a065c72e443d3994301') in 0.023280 seconds 
========================================================================
Received Import Request.
  Time since last request: 0.000022 seconds.
  path: Assets/Sprites/Dungeon Assets v3/items/waepon_katana.png
  artifactKey: Guid(105d5eaa6e67d9b4f8266db7133c07ed) Importer(815301076,1909f56bfc062723c751e8b465ee728b)
Start importing Assets/Sprites/Dungeon Assets v3/items/waepon_katana.png using Guid(105d5eaa6e67d9b4f8266db7133c07ed) Importer(815301076,1909f56bfc062723c751e8b465ee728b)  -> (artifact id: '5488a6ed3e100777e736ff0a69187450') in 0.029193 seconds 
========================================================================
Received Import Request.
  Time since last request: 0.000024 seconds.
  path: Assets/Sprites/Dungeon Assets v3/items/wall_flag_green.png
  artifactKey: Guid(5bf348f194c6de648baaf0fb8a14fc06) Importer(815301076,1909f56bfc062723c751e8b465ee728b)
Start importing Assets/Sprites/Dungeon Assets v3/items/wall_flag_green.png using Guid(5bf348f194c6de648baaf0fb8a14fc06) Importer(815301076,1909f56bfc062723c751e8b465ee728b)  -> (artifact id: '74791f10ad02b8697166517778188100') in 0.020648 seconds 
========================================================================
Received Import Request.
  Time since last request: 0.000037 seconds.
  path: Assets/Sprites/Dungeon Assets v3/items/wall_gargoyle_blue_1.png
  artifactKey: Guid(3d93f5c099bec4c49b192094b1beada3) Importer(815301076,1909f56bfc062723c751e8b465ee728b)
Start importing Assets/Sprites/Dungeon Assets v3/items/wall_gargoyle_blue_1.png using Guid(3d93f5c099bec4c49b192094b1beada3) Importer(815301076,1909f56bfc062723c751e8b465ee728b)  -> (artifact id: 'aa6974247d8e86cc881a6b2d4a2d8f36') in 0.022390 seconds 
========================================================================
Received Import Request.
  Time since last request: 0.000021 seconds.
  path: Assets/Sprites/Dungeon Assets v3/items/Wall_front_right.png
  artifactKey: Guid(97c5e37659a2fff449c59027ec171489) Importer(815301076,1909f56bfc062723c751e8b465ee728b)
Start importing Assets/Sprites/Dungeon Assets v3/items/Wall_front_right.png using Guid(97c5e37659a2fff449c59027ec171489) Importer(815301076,1909f56bfc062723c751e8b465ee728b)  -> (artifact id: 'd16160b5dae67dc4c7d75b13c07534e8') in 0.021357 seconds 
========================================================================
Received Import Request.
  Time since last request: 0.000031 seconds.
  path: Assets/Sprites/Dungeon Assets v3/items/Wall_front.png
  artifactKey: Guid(5b2f931d35b34634e8eaba7ed4e710fc) Importer(815301076,1909f56bfc062723c751e8b465ee728b)
Start importing Assets/Sprites/Dungeon Assets v3/items/Wall_front.png using Guid(5b2f931d35b34634e8eaba7ed4e710fc) Importer(815301076,1909f56bfc062723c751e8b465ee728b)  -> (artifact id: '705ecbf5afe7ba79580e6fe4ea003c72') in 0.021746 seconds 
========================================================================
Received Import Request.
  Time since last request: 0.000021 seconds.
  path: Assets/Sprites/Dungeon Assets v3/items/torch_7.png
  artifactKey: Guid(f98e2aee7a627364bbeb6f4c8d592ec4) Importer(815301076,1909f56bfc062723c751e8b465ee728b)
Start importing Assets/Sprites/Dungeon Assets v3/items/torch_7.png using Guid(f98e2aee7a627364bbeb6f4c8d592ec4) Importer(815301076,1909f56bfc062723c751e8b465ee728b)  -> (artifact id: 'bfd9d0ddedf23af3d686bbd7cf0d033b') in 0.022718 seconds 
========================================================================
Received Import Request.
  Time since last request: 0.226148 seconds.
  path: Assets/Sprites/Dungeon Assets v3/items/wall_gargoyle_blue_2.png
  artifactKey: Guid(618e9f743d4458c4d9c4b6cf76e13ecc) Importer(815301076,1909f56bfc062723c751e8b465ee728b)
Start importing Assets/Sprites/Dungeon Assets v3/items/wall_gargoyle_blue_2.png using Guid(618e9f743d4458c4d9c4b6cf76e13ecc) Importer(815301076,1909f56bfc062723c751e8b465ee728b)  -> (artifact id: 'edabbe3fa7cc1c356c8624b512ebd01c') in 0.025321 seconds 
========================================================================
Received Import Request.
  Time since last request: 0.000023 seconds.
  path: Assets/Sprites/Dungeon Assets v3/items/wall_goo.png
  artifactKey: Guid(c1613d1e2df376343a7b3da5d68daa32) Importer(815301076,1909f56bfc062723c751e8b465ee728b)
Start importing Assets/Sprites/Dungeon Assets v3/items/wall_goo.png using Guid(c1613d1e2df376343a7b3da5d68daa32) Importer(815301076,1909f56bfc062723c751e8b465ee728b)  -> (artifact id: '91032f169d584cfef3a247ff8786087a') in 0.021886 seconds 
========================================================================
Received Import Request.
  Time since last request: 0.000026 seconds.
  path: Assets/Sprites/Dungeon Assets v3/items/wall_gargoyle_mid_red_left.png
  artifactKey: Guid(b67c553573d585a4489665a34c9c20cd) Importer(815301076,1909f56bfc062723c751e8b465ee728b)
Start importing Assets/Sprites/Dungeon Assets v3/items/wall_gargoyle_mid_red_left.png using Guid(b67c553573d585a4489665a34c9c20cd) Importer(815301076,1909f56bfc062723c751e8b465ee728b)  -> (artifact id: 'cda56bcac926a8d48db117a4934357cc') in 0.021584 seconds 
========================================================================
Received Import Request.
  Time since last request: 0.000030 seconds.
  path: Assets/Sprites/Dungeon Assets v3/items/wall_gargoyle_mid_blue_left.png
  artifactKey: Guid(397f81733640ce2438ad90a7fdcd7f2f) Importer(815301076,1909f56bfc062723c751e8b465ee728b)
Start importing Assets/Sprites/Dungeon Assets v3/items/wall_gargoyle_mid_blue_left.png using Guid(397f81733640ce2438ad90a7fdcd7f2f) Importer(815301076,1909f56bfc062723c751e8b465ee728b)  -> (artifact id: '8183d4a9ff0b88dde6b918dd4dbcabbc') in 0.022097 seconds 
========================================================================
Received Import Request.
  Time since last request: 0.000020 seconds.
  path: Assets/Sprites/Dungeon Assets v3/items/wall_gargoyle_mid_blue_right.png
  artifactKey: Guid(4a14b7d9e90373742a37b94f80025e3c) Importer(815301076,1909f56bfc062723c751e8b465ee728b)
Start importing Assets/Sprites/Dungeon Assets v3/items/wall_gargoyle_mid_blue_right.png using Guid(4a14b7d9e90373742a37b94f80025e3c) Importer(815301076,1909f56bfc062723c751e8b465ee728b)  -> (artifact id: 'ce0c569f7d2593fa8806027a2667306e') in 0.023032 seconds 
========================================================================
Received Import Request.
  Time since last request: 0.000021 seconds.
  path: Assets/Sprites/Dungeon Assets v3/items/wall_gargoyle_mid_green_left.png
  artifactKey: Guid(a096b021d1bf10a4aa497faaeccf3ca8) Importer(815301076,1909f56bfc062723c751e8b465ee728b)
Start importing Assets/Sprites/Dungeon Assets v3/items/wall_gargoyle_mid_green_left.png using Guid(a096b021d1bf10a4aa497faaeccf3ca8) Importer(815301076,1909f56bfc062723c751e8b465ee728b)  -> (artifact id: '11b5c429d4deea73d3083a3986943d5f') in 0.023053 seconds 
========================================================================
Received Import Request.
  Time since last request: 0.000020 seconds.
  path: Assets/Sprites/Dungeon Assets v3/items/wall_gargoyle_mid_red_right.png
  artifactKey: Guid(0078c39fb4d920b4f8b4f9a9b67de4e2) Importer(815301076,1909f56bfc062723c751e8b465ee728b)
Start importing Assets/Sprites/Dungeon Assets v3/items/wall_gargoyle_mid_red_right.png using Guid(0078c39fb4d920b4f8b4f9a9b67de4e2) Importer(815301076,1909f56bfc062723c751e8b465ee728b)  -> (artifact id: 'a0bbd76d98d7c72388562e8bce964745') in 0.021760 seconds 
========================================================================
Received Import Request.
  Time since last request: 0.000020 seconds.
  path: Assets/Sprites/Dungeon Assets v3/items/Wall_inner_nw.png
  artifactKey: Guid(b83d62a0e5334224daf7e7affff50088) Importer(815301076,1909f56bfc062723c751e8b465ee728b)
Start importing Assets/Sprites/Dungeon Assets v3/items/Wall_inner_nw.png using Guid(b83d62a0e5334224daf7e7affff50088) Importer(815301076,1909f56bfc062723c751e8b465ee728b)  -> (artifact id: '79c07b4a52f8e5ddf2e84efbe2101547') in 0.023366 seconds 
========================================================================
Received Import Request.
  Time since last request: 2.511124 seconds.
  path: Assets/Sprites/Dungeon Assets v3/items/Wall_inner_se.png
  artifactKey: Guid(75af0353829fdb14389fbd8823419e3f) Importer(815301076,1909f56bfc062723c751e8b465ee728b)
Start importing Assets/Sprites/Dungeon Assets v3/items/Wall_inner_se.png using Guid(75af0353829fdb14389fbd8823419e3f) Importer(815301076,1909f56bfc062723c751e8b465ee728b)  -> (artifact id: '48a0a96221d0ed8203b7f5af2c530739') in 0.027040 seconds 
========================================================================
Received Import Request.
  Time since last request: 0.000029 seconds.
  path: Assets/Sprites/Dungeon Assets v3/items/wall_missing_brick_2.png
  artifactKey: Guid(d8435dc65ef563e4a8a0d9781c0c3665) Importer(815301076,1909f56bfc062723c751e8b465ee728b)
Start importing Assets/Sprites/Dungeon Assets v3/items/wall_missing_brick_2.png using Guid(d8435dc65ef563e4a8a0d9781c0c3665) Importer(815301076,1909f56bfc062723c751e8b465ee728b)  -> (artifact id: 'ec82f368edf39c051f0dc3b6191b83d0') in 0.023138 seconds 
========================================================================
Received Import Request.
  Time since last request: 0.221779 seconds.
  path: Assets/Sprites/Dungeon Assets v3/items/wall_top_left.png
  artifactKey: Guid(4a6cf819dfaceac41a51133403500b77) Importer(815301076,1909f56bfc062723c751e8b465ee728b)
Start importing Assets/Sprites/Dungeon Assets v3/items/wall_top_left.png using Guid(4a6cf819dfaceac41a51133403500b77) Importer(815301076,1909f56bfc062723c751e8b465ee728b)  -> (artifact id: '612d6b407c053a625c32ea52d0a52bdb') in 0.025727 seconds 
========================================================================
Received Import Request.
  Time since last request: 0.000030 seconds.
  path: Assets/Sprites/Dungeon Assets v3/items/weapon_bomb.png
  artifactKey: Guid(d4cda423b12c4bc41b019a3b04d116ab) Importer(815301076,1909f56bfc062723c751e8b465ee728b)
Start importing Assets/Sprites/Dungeon Assets v3/items/weapon_bomb.png using Guid(d4cda423b12c4bc41b019a3b04d116ab) Importer(815301076,1909f56bfc062723c751e8b465ee728b)  -> (artifact id: '64cb7d39faf210816c6c682ee2729415') in 0.027464 seconds 
========================================================================
Received Import Request.
  Time since last request: 0.000025 seconds.
  path: Assets/Sprites/Dungeon Assets v3/items/weapon_silver_topaz.png
  artifactKey: Guid(aa721fd264f39bd4e8f9b5788face6e5) Importer(815301076,1909f56bfc062723c751e8b465ee728b)
Start importing Assets/Sprites/Dungeon Assets v3/items/weapon_silver_topaz.png using Guid(aa721fd264f39bd4e8f9b5788face6e5) Importer(815301076,1909f56bfc062723c751e8b465ee728b)  -> (artifact id: 'd4ccc54d39540c54eeb625030d85b607') in 0.036993 seconds 
========================================================================
Received Import Request.
  Time since last request: 0.000025 seconds.
  path: Assets/Sprites/Dungeon Assets v3/items/weapon_sword_green.png
  artifactKey: Guid(3e25bacaf92601644ad00a7fb4b1311a) Importer(815301076,1909f56bfc062723c751e8b465ee728b)
Start importing Assets/Sprites/Dungeon Assets v3/items/weapon_sword_green.png using Guid(3e25bacaf92601644ad00a7fb4b1311a) Importer(815301076,1909f56bfc062723c751e8b465ee728b)  -> (artifact id: '29706c8e58df7af45fcc5ff86d0c1333') in 0.040890 seconds 
========================================================================
Received Import Request.
  Time since last request: 0.000029 seconds.
  path: Assets/Sprites/Dungeon Assets v3/items/weapon_sword_ruby.png
  artifactKey: Guid(e61b9f253689515489dd429151ce4f95) Importer(815301076,1909f56bfc062723c751e8b465ee728b)
Start importing Assets/Sprites/Dungeon Assets v3/items/weapon_sword_ruby.png using Guid(e61b9f253689515489dd429151ce4f95) Importer(815301076,1909f56bfc062723c751e8b465ee728b)  -> (artifact id: 'ec3ac2423a32cfe2122ab8ff299c9389') in 0.039663 seconds 
========================================================================
Received Import Request.
  Time since last request: 0.000029 seconds.
  path: Assets/Sprites/Dungeon Assets v3/items/weapon_katana_silver.png
  artifactKey: Guid(85b049f5105fa0a458abc3e19500cefb) Importer(815301076,1909f56bfc062723c751e8b465ee728b)
Start importing Assets/Sprites/Dungeon Assets v3/items/weapon_katana_silver.png using Guid(85b049f5105fa0a458abc3e19500cefb) Importer(815301076,1909f56bfc062723c751e8b465ee728b)  -> (artifact id: '6ed8433d2205c05714f03808dd7c7fa6') in 0.042387 seconds 
========================================================================
Received Import Request.
  Time since last request: 0.000027 seconds.
  path: Assets/Sprites/Dungeon Assets v3/items/weapon_dagger_long.png
  artifactKey: Guid(66b198d834bbb6442a41596adcf28fff) Importer(815301076,1909f56bfc062723c751e8b465ee728b)
Start importing Assets/Sprites/Dungeon Assets v3/items/weapon_dagger_long.png using Guid(66b198d834bbb6442a41596adcf28fff) Importer(815301076,1909f56bfc062723c751e8b465ee728b)  -> (artifact id: 'cdc1c51726b9908268d990a620665f14') in 0.022542 seconds 
========================================================================
Received Import Request.
  Time since last request: 0.000018 seconds.
  path: Assets/Sprites/Dungeon Assets v3/items/weapon_sledgehammer.png
  artifactKey: Guid(06aa30ea559f1ec4e88f03944d68d06c) Importer(815301076,1909f56bfc062723c751e8b465ee728b)
Start importing Assets/Sprites/Dungeon Assets v3/items/weapon_sledgehammer.png using Guid(06aa30ea559f1ec4e88f03944d68d06c) Importer(815301076,1909f56bfc062723c751e8b465ee728b)  -> (artifact id: '5f720e7e95d881feadf021dbc1ff7bc1') in 0.035713 seconds 
========================================================================
Received Import Request.
  Time since last request: 0.000028 seconds.
  path: Assets/Sprites/Dungeon Assets v3/items/weapon_sword_wooden.png
  artifactKey: Guid(69ad9372da9ccf94680d9e7735ffbc61) Importer(815301076,1909f56bfc062723c751e8b465ee728b)
Start importing Assets/Sprites/Dungeon Assets v3/items/weapon_sword_wooden.png using Guid(69ad9372da9ccf94680d9e7735ffbc61) Importer(815301076,1909f56bfc062723c751e8b465ee728b)  -> (artifact id: '462ae84c8711967a6576b117fa15b4af') in 0.036082 seconds 
========================================================================
Received Import Request.
  Time since last request: 0.000034 seconds.
  path: Assets/Sprites/Dungeon Assets v3/items/weapon_dagger_steel.png
  artifactKey: Guid(fcd2ef6a591c9a84f85516c0593af9cf) Importer(815301076,1909f56bfc062723c751e8b465ee728b)
Start importing Assets/Sprites/Dungeon Assets v3/items/weapon_dagger_steel.png using Guid(fcd2ef6a591c9a84f85516c0593af9cf) Importer(815301076,1909f56bfc062723c751e8b465ee728b)  -> (artifact id: 'c3da2eb750eddc18290afb0038a49be7') in 0.024693 seconds 
========================================================================
Received Import Request.
  Time since last request: 294.011700 seconds.
  path: Assets/Sprites/Weapons
  artifactKey: Guid(c46cc8a451d29814faea5dc5273cba5d) Importer(815301076,1909f56bfc062723c751e8b465ee728b)
Start importing Assets/Sprites/Weapons using Guid(c46cc8a451d29814faea5dc5273cba5d) Importer(815301076,1909f56bfc062723c751e8b465ee728b)  -> (artifact id: '0a00f8db335b7a7f9e75bdb7492dccc3') in 0.005714 seconds 
========================================================================
Received Import Request.
  Time since last request: 0.068650 seconds.
  path: Assets/Sprites/Weapons/Sheet.png
  artifactKey: Guid(20597968d5281954482d5d148d07fa12) Importer(815301076,1909f56bfc062723c751e8b465ee728b)
Start importing Assets/Sprites/Weapons/Sheet.png using Guid(20597968d5281954482d5d148d07fa12) Importer(815301076,1909f56bfc062723c751e8b465ee728b)  -> (artifact id: 'f081b09ac99d86fd04eb73ad030b1857') in 0.218483 seconds 
========================================================================
Received Import Request.
  Time since last request: 28.461747 seconds.
  path: Assets/Sprites/Weapons/Sheet.png
  artifactKey: Guid(20597968d5281954482d5d148d07fa12) Importer(815301076,1909f56bfc062723c751e8b465ee728b)
Start importing Assets/Sprites/Weapons/Sheet.png using Guid(20597968d5281954482d5d148d07fa12) Importer(815301076,1909f56bfc062723c751e8b465ee728b)  -> (artifact id: '078f19aad523475597844bf8abc50ab7') in 0.263522 seconds 
========================================================================
Received Import Request.
  Time since last request: 5.975978 seconds.
  path: Assets/Sprites/Weapons/Sheet.png
  artifactKey: Guid(20597968d5281954482d5d148d07fa12) Importer(815301076,1909f56bfc062723c751e8b465ee728b)
Start importing Assets/Sprites/Weapons/Sheet.png using Guid(20597968d5281954482d5d148d07fa12) Importer(815301076,1909f56bfc062723c751e8b465ee728b)  -> (artifact id: 'c9c436bed1883986d5ab37f10a5f7f39') in 0.165915 seconds 
========================================================================
Received Import Request.
  Time since last request: 397.227081 seconds.
  path: Assets/Animations/Player/Knight Controller.controller
  artifactKey: Guid(f4299df67cca73d4ab3ef36e67af0816) Importer(815301076,1909f56bfc062723c751e8b465ee728b)
Start importing Assets/Animations/Player/Knight Controller.controller using Guid(f4299df67cca73d4ab3ef36e67af0816) Importer(815301076,1909f56bfc062723c751e8b465ee728b)  -> (artifact id: 'cf885b1facab69f12049c3e64fbf3a54') in 0.009881 seconds 
