Using pre-set license
Built from '2021.3/staging' branch; Version is '2021.3.1f1 (3b70a0754835) revision 3895456'; Using compiler version '192829333'; Build Type 'Release'
OS: 'Windows 11  (10.0.22621) 64bit Core' Language: 'en' Physical Memory: 16310 MB
BatchMode: 1, IsHumanControllingUs: 0, StartBugReporterOnCrash: 0, Is64bit: 1, IsPro: 1

COMMAND LINE ARGUMENTS:
C:\Program Files\Unity\Hub\Editor\2021.3.1f1\Editor\Unity.exe
-adb2
-batchMode
-noUpm
-name
AssetImportWorker11
-projectPath
C:/Users/eduar/OneDrive/Desktop/Unity Projects/Retitled-Dice-Game
-logFile
Logs/AssetImportWorker11.log
-srvPort
64175
Successfully changed project path to: C:/Users/eduar/OneDrive/Desktop/Unity Projects/Retitled-Dice-Game
C:/Users/eduar/OneDrive/Desktop/Unity Projects/Retitled-Dice-Game
[UnityMemory] Configuration Parameters - Can be set up in boot.config
    "memorysetup-bucket-allocator-granularity=16"
    "memorysetup-bucket-allocator-bucket-count=8"
    "memorysetup-bucket-allocator-block-size=33554432"
    "memorysetup-bucket-allocator-block-count=8"
    "memorysetup-main-allocator-block-size=16777216"
    "memorysetup-thread-allocator-block-size=16777216"
    "memorysetup-gfx-main-allocator-block-size=16777216"
    "memorysetup-gfx-thread-allocator-block-size=16777216"
    "memorysetup-cache-allocator-block-size=4194304"
    "memorysetup-typetree-allocator-block-size=2097152"
    "memorysetup-profiler-bucket-allocator-granularity=16"
    "memorysetup-profiler-bucket-allocator-bucket-count=8"
    "memorysetup-profiler-bucket-allocator-block-size=33554432"
    "memorysetup-profiler-bucket-allocator-block-count=8"
    "memorysetup-profiler-allocator-block-size=16777216"
    "memorysetup-profiler-editor-allocator-block-size=1048576"
    "memorysetup-temp-allocator-size-main=16777216"
    "memorysetup-job-temp-allocator-block-size=2097152"
    "memorysetup-job-temp-allocator-block-size-background=1048576"
    "memorysetup-job-temp-allocator-reduction-small-platforms=262144"
    "memorysetup-temp-allocator-size-background-worker=32768"
    "memorysetup-temp-allocator-size-job-worker=262144"
    "memorysetup-temp-allocator-size-preload-manager=33554432"
    "memorysetup-temp-allocator-size-nav-mesh-worker=65536"
    "memorysetup-temp-allocator-size-audio-worker=65536"
    "memorysetup-temp-allocator-size-cloud-worker=32768"
    "memorysetup-temp-allocator-size-gi-baking-worker=262144"
    "memorysetup-temp-allocator-size-gfx=262144"
Refreshing native plugins compatible for Editor in 168.65 ms, found 4 plugins.
Preloading 0 native plugins for Editor in 0.00 ms.
Initialize engine version: 2021.3.1f1 (3b70a0754835)
[Subsystems] Discovering subsystems at path C:/Program Files/Unity/Hub/Editor/2021.3.1f1/Editor/Data/Resources/UnitySubsystems
[Subsystems] Discovering subsystems at path C:/Users/eduar/OneDrive/Desktop/Unity Projects/Retitled-Dice-Game/Assets
GfxDevice: creating device client; threaded=0; jobified=0
Direct3D:
    Version:  Direct3D 11.0 [level 11.1]
    Renderer: NVIDIA GeForce GTX 1060 6GB (ID=0x1c03)
    Vendor:   NVIDIA
    VRAM:     6043 MB
    Driver:   31.0.15.3623
Initialize mono
Mono path[0] = 'C:/Program Files/Unity/Hub/Editor/2021.3.1f1/Editor/Data/Managed'
Mono path[1] = 'C:/Program Files/Unity/Hub/Editor/2021.3.1f1/Editor/Data/MonoBleedingEdge/lib/mono/unityjit-win32'
Mono config path = 'C:/Program Files/Unity/Hub/Editor/2021.3.1f1/Editor/Data/MonoBleedingEdge/etc'
Using monoOptions --debugger-agent=transport=dt_socket,embedding=1,server=y,suspend=n,address=127.0.0.1:56916
Begin MonoManager ReloadAssembly
Registering precompiled unity dll's ...
Register platform support module: C:/Program Files/Unity/Hub/Editor/2021.3.1f1/Editor/Data/PlaybackEngines/WebGLSupport/UnityEditor.WebGL.Extensions.dll
Register platform support module: C:/Program Files/Unity/Hub/Editor/2021.3.1f1/Editor/Data/PlaybackEngines/MacStandaloneSupport/UnityEditor.OSXStandalone.Extensions.dll
Register platform support module: C:/Program Files/Unity/Hub/Editor/2021.3.1f1/Editor/Data/PlaybackEngines/WindowsStandaloneSupport/UnityEditor.WindowsStandalone.Extensions.dll
Registered in 0.006991 seconds.
Native extension for WindowsStandalone target not found
Native extension for OSXStandalone target not found
Native extension for WebGL target not found
Refreshing native plugins compatible for Editor in 131.07 ms, found 4 plugins.
Preloading 0 native plugins for Editor in 0.00 ms.
Mono: successfully reloaded assembly
- Completed reload, in  0.786 seconds
Domain Reload Profiling:
	ReloadAssembly (786ms)
		BeginReloadAssembly (95ms)
			ExecutionOrderSort (0ms)
			DisableScriptedObjects (0ms)
			BackupInstance (0ms)
			ReleaseScriptingObjects (0ms)
			CreateAndSetChildDomain (1ms)
		EndReloadAssembly (560ms)
			LoadAssemblies (93ms)
			RebuildTransferFunctionScriptingTraits (0ms)
			SetupTypeCache (128ms)
			ReleaseScriptCaches (0ms)
			RebuildScriptCaches (31ms)
			SetupLoadedEditorAssemblies (345ms)
				LogAssemblyErrors (0ms)
				InitializePlatformSupportModulesInManaged (11ms)
				SetLoadedEditorAssemblies (0ms)
				RefreshPlugins (131ms)
				BeforeProcessingInitializeOnLoad (1ms)
				ProcessInitializeOnLoadAttributes (154ms)
				ProcessInitializeOnLoadMethodAttributes (47ms)
				AfterProcessingInitializeOnLoad (0ms)
				EditorAssembliesLoaded (0ms)
			ExecutionOrderSort2 (0ms)
			AwakeInstancesAfterBackupRestoration (0ms)
Platform modules already initialized, skipping
Registering precompiled user dll's ...
Registered in 0.009845 seconds.
Begin MonoManager ReloadAssembly
Symbol file LoadedFromMemory doesn't match image C:\Users\eduar\OneDrive\Desktop\Unity Projects\Retitled-Dice-Game\Library\PackageCache\com.unity.visualscripting@1.7.8\Editor\VisualScripting.Core\Dependencies\YamlDotNet\Unity.VisualScripting.YamlDotNet.dll
Symbol file LoadedFromMemory is not a mono symbol file
Symbol file LoadedFromMemory doesn't match image C:\Users\eduar\OneDrive\Desktop\Unity Projects\Retitled-Dice-Game\Library\PackageCache\com.unity.visualscripting@1.7.8\Editor\VisualScripting.Core\Dependencies\DotNetZip\Unity.VisualScripting.IonicZip.dll
Native extension for WindowsStandalone target not found
Native extension for OSXStandalone target not found
Native extension for WebGL target not found
Refreshing native plugins compatible for Editor in 131.62 ms, found 4 plugins.
Preloading 0 native plugins for Editor in 0.00 ms.
Mono: successfully reloaded assembly
- Completed reload, in  1.551 seconds
Domain Reload Profiling:
	ReloadAssembly (1552ms)
		BeginReloadAssembly (114ms)
			ExecutionOrderSort (0ms)
			DisableScriptedObjects (6ms)
			BackupInstance (0ms)
			ReleaseScriptingObjects (0ms)
			CreateAndSetChildDomain (20ms)
		EndReloadAssembly (1314ms)
			LoadAssemblies (133ms)
			RebuildTransferFunctionScriptingTraits (0ms)
			SetupTypeCache (299ms)
			ReleaseScriptCaches (1ms)
			RebuildScriptCaches (76ms)
			SetupLoadedEditorAssemblies (751ms)
				LogAssemblyErrors (0ms)
				InitializePlatformSupportModulesInManaged (8ms)
				SetLoadedEditorAssemblies (0ms)
				RefreshPlugins (132ms)
				BeforeProcessingInitializeOnLoad (140ms)
				ProcessInitializeOnLoadAttributes (360ms)
				ProcessInitializeOnLoadMethodAttributes (104ms)
				AfterProcessingInitializeOnLoad (7ms)
				EditorAssembliesLoaded (0ms)
			ExecutionOrderSort2 (0ms)
			AwakeInstancesAfterBackupRestoration (7ms)
Platform modules already initialized, skipping
========================================================================
Worker process is ready to serve import requests
Launched and connected shader compiler UnityShaderCompiler.exe after 0.05 seconds
Refreshing native plugins compatible for Editor in 1.02 ms, found 4 plugins.
Preloading 0 native plugins for Editor in 0.00 ms.
Unloading 5446 Unused Serialized files (Serialized files now loaded: 0)
Unloading 45 unused Assets / (0.6 MB). Loaded Objects now: 5902.
Memory consumption went from 211.8 MB to 211.3 MB.
Total: 4.252100 ms (FindLiveObjects: 0.528200 ms CreateObjectMapping: 0.439600 ms MarkObjects: 2.911300 ms  DeleteObjects: 0.371900 ms)

AssetImportParameters requested are different than current active one (requested -> active):
  custom:video-decoder-ogg-theora: a1e56fd34408186e4bbccfd4996cb3dc -> 
  custom:container-muxer-webm: aa71ff27fc2769a1b78a27578f13a17b -> 
  custom:container-demuxer-webm: 4f35f7cbe854078d1ac9338744f61a02 -> 
  custom:video-encoder-webm-vp8: eb34c28f22e8b96e1ab97ce403110664 -> 
  custom:audio-encoder-webm-vorbis: bf7c407c2cedff20999df2af8eb42d56 -> 
  custom:framework-win-MediaFoundation: 216162199b28c13a410421893ffa2e32 -> 
  custom:container-demuxer-ogg: 62fdf1f143b41e24485cea50d1cbac27 -> 
  custom:video-decoder-webm-vp8: 9c59270c3fd7afecdb556c50c9e8de78 -> 
  custom:audio-decoder-ogg-vorbis: bf7c407c2cedff20999df2af8eb42d56 -> 
========================================================================
Received Import Request.
  Time since last request: 1811943.708764 seconds.
  path: Assets/Sprites/UI/Bubbles/Blank_Blue.png
  artifactKey: Guid(a571f32ec86e6fa4fbb1d302ac7d3ac6) Importer(815301076,1909f56bfc062723c751e8b465ee728b)
Start importing Assets/Sprites/UI/Bubbles/Blank_Blue.png using Guid(a571f32ec86e6fa4fbb1d302ac7d3ac6) Importer(815301076,1909f56bfc062723c751e8b465ee728b)  -> (artifact id: 'a8df2242a53872e001a30125177a1731') in 0.175535 seconds 
========================================================================
Received Import Request.
  Time since last request: 0.000030 seconds.
  path: Assets/Sprites/UI/Bubbles/Gear_White.png
  artifactKey: Guid(f452476515b79e845b5ceb82f356afe4) Importer(815301076,1909f56bfc062723c751e8b465ee728b)
Start importing Assets/Sprites/UI/Bubbles/Gear_White.png using Guid(f452476515b79e845b5ceb82f356afe4) Importer(815301076,1909f56bfc062723c751e8b465ee728b)  -> (artifact id: '0aaf1bdb0b80f2201369a9d37a001489') in 0.039031 seconds 
========================================================================
Received Import Request.
  Time since last request: 0.000033 seconds.
  path: Assets/Sprites/UI/Bubbles/Blank_Orange.png
  artifactKey: Guid(5f90721f34b4dd944a8690dbacff32b1) Importer(815301076,1909f56bfc062723c751e8b465ee728b)
Start importing Assets/Sprites/UI/Bubbles/Blank_Orange.png using Guid(5f90721f34b4dd944a8690dbacff32b1) Importer(815301076,1909f56bfc062723c751e8b465ee728b)  -> (artifact id: 'ef2ca4ca407b09a2d55a7b90b736205c') in 0.032520 seconds 
========================================================================
Received Import Request.
  Time since last request: 0.000026 seconds.
  path: Assets/Sprites/UI/Bubbles/Circle_White.png
  artifactKey: Guid(acbf9d0fbfd6ab245a033bdd65e77b36) Importer(815301076,1909f56bfc062723c751e8b465ee728b)
Start importing Assets/Sprites/UI/Bubbles/Circle_White.png using Guid(acbf9d0fbfd6ab245a033bdd65e77b36) Importer(815301076,1909f56bfc062723c751e8b465ee728b)  -> (artifact id: 'a1bb2262d4a62418ff6eecc68a11ac32') in 0.032474 seconds 
========================================================================
Received Import Request.
  Time since last request: 0.000027 seconds.
  path: Assets/Sprites/UI/Bubbles/Gear_Green.png
  artifactKey: Guid(1a77ee169cf0f2d46b7f25cc3acf45b1) Importer(815301076,1909f56bfc062723c751e8b465ee728b)
Start importing Assets/Sprites/UI/Bubbles/Gear_Green.png using Guid(1a77ee169cf0f2d46b7f25cc3acf45b1) Importer(815301076,1909f56bfc062723c751e8b465ee728b)  -> (artifact id: 'c03d332ab93b82ee0d49774d30deb1c9') in 0.030524 seconds 
========================================================================
Received Import Request.
  Time since last request: 0.000028 seconds.
  path: Assets/Sprites/UI/Bubbles/Gear_Blue.png
  artifactKey: Guid(1a49da1497be899438c63bc2a25e7f41) Importer(815301076,1909f56bfc062723c751e8b465ee728b)
Start importing Assets/Sprites/UI/Bubbles/Gear_Blue.png using Guid(1a49da1497be899438c63bc2a25e7f41) Importer(815301076,1909f56bfc062723c751e8b465ee728b)  -> (artifact id: '955020a586bab1116ad2ad431eed9eb2') in 0.033478 seconds 
========================================================================
Received Import Request.
  Time since last request: 0.000022 seconds.
  path: Assets/Sprites/UI/Bubbles/Gear_Black.png
  artifactKey: Guid(7ab5348b4962fae428affa93d983e497) Importer(815301076,1909f56bfc062723c751e8b465ee728b)
Start importing Assets/Sprites/UI/Bubbles/Gear_Black.png using Guid(7ab5348b4962fae428affa93d983e497) Importer(815301076,1909f56bfc062723c751e8b465ee728b)  -> (artifact id: '97c8ed71ff87e38e76bc1c4218a2a732') in 0.031359 seconds 
========================================================================
Received Import Request.
  Time since last request: 8.984399 seconds.
  path: Assets/Scriptable Objects/Actions/Thrust Action.asset
  artifactKey: Guid(ae3a11a1021ae1945a48aeb7a76372cb) Importer(815301076,1909f56bfc062723c751e8b465ee728b)
Start importing Assets/Scriptable Objects/Actions/Thrust Action.asset using Guid(ae3a11a1021ae1945a48aeb7a76372cb) Importer(815301076,1909f56bfc062723c751e8b465ee728b)  -> (artifact id: '17e14ade8e41620d714eb2c747b6f2fb') in 0.007626 seconds 
========================================================================
Received Import Request.
  Time since last request: 34.175182 seconds.
  path: Assets/Sprites/UI/Game Icons/PNG/Pixelated (64px)/tag_7.png
  artifactKey: Guid(b938db697d5419f4a961fe6a10630140) Importer(815301076,1909f56bfc062723c751e8b465ee728b)
Start importing Assets/Sprites/UI/Game Icons/PNG/Pixelated (64px)/tag_7.png using Guid(b938db697d5419f4a961fe6a10630140) Importer(815301076,1909f56bfc062723c751e8b465ee728b)  -> (artifact id: 'cedc9c4f340f561bf76590ea3990f2e3') in 0.033871 seconds 
========================================================================
Received Import Request.
  Time since last request: 0.000030 seconds.
  path: Assets/Sprites/UI/Game Icons/PNG/Pixelated (64px)/tag_d6_1.png
  artifactKey: Guid(5f6bbf091f34e484f917c7ecbb3689f1) Importer(815301076,1909f56bfc062723c751e8b465ee728b)
Start importing Assets/Sprites/UI/Game Icons/PNG/Pixelated (64px)/tag_d6_1.png using Guid(5f6bbf091f34e484f917c7ecbb3689f1) Importer(815301076,1909f56bfc062723c751e8b465ee728b)  -> (artifact id: 'ab363427b59747e8fbff19440ecf8809') in 0.032470 seconds 
========================================================================
Received Import Request.
  Time since last request: 0.000047 seconds.
  path: Assets/Sprites/UI/Game Icons/PNG/Pixelated (64px)/tag_d6_2.png
  artifactKey: Guid(2159f7345dc8f104c9cbf605765bf53c) Importer(815301076,1909f56bfc062723c751e8b465ee728b)
Start importing Assets/Sprites/UI/Game Icons/PNG/Pixelated (64px)/tag_d6_2.png using Guid(2159f7345dc8f104c9cbf605765bf53c) Importer(815301076,1909f56bfc062723c751e8b465ee728b)  -> (artifact id: '258f03fa020bbd6d1fe07e28af2c4916') in 0.035201 seconds 
========================================================================
Received Import Request.
  Time since last request: 0.000038 seconds.
  path: Assets/Sprites/UI/Game Icons/PNG/Pixelated (64px)/tag_10.png
  artifactKey: Guid(f218c8e8d4dfdc6499a712177f5de1e9) Importer(815301076,1909f56bfc062723c751e8b465ee728b)
Start importing Assets/Sprites/UI/Game Icons/PNG/Pixelated (64px)/tag_10.png using Guid(f218c8e8d4dfdc6499a712177f5de1e9) Importer(815301076,1909f56bfc062723c751e8b465ee728b)  -> (artifact id: 'c32c90aa99695cd41690c62e4a0031e1') in 0.034371 seconds 
========================================================================
Received Import Request.
  Time since last request: 0.000033 seconds.
  path: Assets/Sprites/UI/Game Icons/PNG/Pixelated (64px)/tag_d6_cross.png
  artifactKey: Guid(b9267834e9b6c8145bd672123022ff7f) Importer(815301076,1909f56bfc062723c751e8b465ee728b)
Start importing Assets/Sprites/UI/Game Icons/PNG/Pixelated (64px)/tag_d6_cross.png using Guid(b9267834e9b6c8145bd672123022ff7f) Importer(815301076,1909f56bfc062723c751e8b465ee728b)  -> (artifact id: '4eab8317ca7eb6125a26f3d374a1cd74') in 0.028929 seconds 
========================================================================
Received Import Request.
  Time since last request: 1.504245 seconds.
  path: Assets/Sprites/UI/Game Icons/PNG/Pixelated (64px)/tag_shield.png
  artifactKey: Guid(7f5c0dbcd4c96704a9d574d008f32e61) Importer(815301076,1909f56bfc062723c751e8b465ee728b)
Start importing Assets/Sprites/UI/Game Icons/PNG/Pixelated (64px)/tag_shield.png using Guid(7f5c0dbcd4c96704a9d574d008f32e61) Importer(815301076,1909f56bfc062723c751e8b465ee728b)  -> (artifact id: '8521e4a00715c1d1ed54d444d9d46f03') in 0.036889 seconds 
========================================================================
Received Import Request.
  Time since last request: 0.000029 seconds.
  path: Assets/Sprites/UI/Game Icons/PNG/Pixelated (64px)/tag_shield_6.png
  artifactKey: Guid(b35f5629381401346b2501556b86d091) Importer(815301076,1909f56bfc062723c751e8b465ee728b)
Start importing Assets/Sprites/UI/Game Icons/PNG/Pixelated (64px)/tag_shield_6.png using Guid(b35f5629381401346b2501556b86d091) Importer(815301076,1909f56bfc062723c751e8b465ee728b)  -> (artifact id: 'cec8a6b18a506d46267d754e98d17087') in 0.034551 seconds 
========================================================================
Received Import Request.
  Time since last request: 0.000038 seconds.
  path: Assets/Sprites/UI/Game Icons/PNG/Pixelated (64px)/tag_shield_5.png
  artifactKey: Guid(bf44067723da5124da4ed7dd4ecf9ddc) Importer(815301076,1909f56bfc062723c751e8b465ee728b)
Start importing Assets/Sprites/UI/Game Icons/PNG/Pixelated (64px)/tag_shield_5.png using Guid(bf44067723da5124da4ed7dd4ecf9ddc) Importer(815301076,1909f56bfc062723c751e8b465ee728b)  -> (artifact id: '51e2791df136783230c1e0524e8cf135') in 0.028487 seconds 
========================================================================
Received Import Request.
  Time since last request: 0.000021 seconds.
  path: Assets/Sprites/UI/Game Icons/PNG/Pixelated (64px)/tag_shield_8.png
  artifactKey: Guid(3e201bde6e398e74e9297a4238809f0c) Importer(815301076,1909f56bfc062723c751e8b465ee728b)
Start importing Assets/Sprites/UI/Game Icons/PNG/Pixelated (64px)/tag_shield_8.png using Guid(3e201bde6e398e74e9297a4238809f0c) Importer(815301076,1909f56bfc062723c751e8b465ee728b)  -> (artifact id: 'd10ea6a1bd62256caf48d64b3d56c0f0') in 0.029129 seconds 
========================================================================
Received Import Request.
  Time since last request: 0.000031 seconds.
  path: Assets/Sprites/UI/Game Icons/PNG/Pixelated (64px)/tag_shield_7.png
  artifactKey: Guid(fc7a4404f11ad90439feaacaa8a25f52) Importer(815301076,1909f56bfc062723c751e8b465ee728b)
Start importing Assets/Sprites/UI/Game Icons/PNG/Pixelated (64px)/tag_shield_7.png using Guid(fc7a4404f11ad90439feaacaa8a25f52) Importer(815301076,1909f56bfc062723c751e8b465ee728b)  -> (artifact id: '3906b3c5fe82eeb3a54d5ce620d411fc') in 0.028982 seconds 
========================================================================
Received Import Request.
  Time since last request: 0.000024 seconds.
  path: Assets/Sprites/UI/Game Icons/PNG/Pixelated (64px)/timer_CCW_50.png
  artifactKey: Guid(95c9653637e340e4b8529302adb4f1a4) Importer(815301076,1909f56bfc062723c751e8b465ee728b)
Start importing Assets/Sprites/UI/Game Icons/PNG/Pixelated (64px)/timer_CCW_50.png using Guid(95c9653637e340e4b8529302adb4f1a4) Importer(815301076,1909f56bfc062723c751e8b465ee728b)  -> (artifact id: '582273e0c4913bc5999e0889555dae28') in 0.033692 seconds 
========================================================================
Received Import Request.
  Time since last request: 0.505099 seconds.
  path: Assets/Sprites/UI/Game Icons/PNG/Pixelated (64px)/timer_CCW_75.png
  artifactKey: Guid(9cfd2ee2c40d75042900e5f89c3402f5) Importer(815301076,1909f56bfc062723c751e8b465ee728b)
Start importing Assets/Sprites/UI/Game Icons/PNG/Pixelated (64px)/timer_CCW_75.png using Guid(9cfd2ee2c40d75042900e5f89c3402f5) Importer(815301076,1909f56bfc062723c751e8b465ee728b)  -> (artifact id: '337643ecd2fa20d8d4819e076c5641b1') in 0.035549 seconds 
========================================================================
Received Import Request.
  Time since last request: 0.000021 seconds.
  path: Assets/Sprites/UI/Game Icons/PNG/Pixelated (64px)/token.png
  artifactKey: Guid(c3de07e6158f6b041850eee08eda561d) Importer(815301076,1909f56bfc062723c751e8b465ee728b)
Start importing Assets/Sprites/UI/Game Icons/PNG/Pixelated (64px)/token.png using Guid(c3de07e6158f6b041850eee08eda561d) Importer(815301076,1909f56bfc062723c751e8b465ee728b)  -> (artifact id: 'b52dcc21b3068aa46632873d4901ebad') in 0.036465 seconds 
========================================================================
Received Import Request.
  Time since last request: 0.000025 seconds.
  path: Assets/Sprites/UI/Game Icons/PNG/Pixelated (64px)/tokens.png
  artifactKey: Guid(a95b5d117f4f50e4daf87f6fdd8cc388) Importer(815301076,1909f56bfc062723c751e8b465ee728b)
Start importing Assets/Sprites/UI/Game Icons/PNG/Pixelated (64px)/tokens.png using Guid(a95b5d117f4f50e4daf87f6fdd8cc388) Importer(815301076,1909f56bfc062723c751e8b465ee728b)  -> (artifact id: '6fe05a7558cfa6eb78d39dd64f05c2e4') in 0.031040 seconds 
========================================================================
Received Import Request.
  Time since last request: 0.000030 seconds.
  path: Assets/Sprites/UI/Game Icons/PNG/Pixelated (64px)/token_add.png
  artifactKey: Guid(8363a920b7b851a45bd945c5e41cbfb5) Importer(815301076,1909f56bfc062723c751e8b465ee728b)
Start importing Assets/Sprites/UI/Game Icons/PNG/Pixelated (64px)/token_add.png using Guid(8363a920b7b851a45bd945c5e41cbfb5) Importer(815301076,1909f56bfc062723c751e8b465ee728b)  -> (artifact id: '2d6c0cbc97a54b34630d18a864a3953b') in 0.032293 seconds 
========================================================================
Received Import Request.
  Time since last request: 0.000034 seconds.
  path: Assets/Sprites/UI/Game Icons/PNG/Pixelated (64px)/timer_CW_75.png
  artifactKey: Guid(4b1528201eee82e43bb7549836ad2d92) Importer(815301076,1909f56bfc062723c751e8b465ee728b)
Start importing Assets/Sprites/UI/Game Icons/PNG/Pixelated (64px)/timer_CW_75.png using Guid(4b1528201eee82e43bb7549836ad2d92) Importer(815301076,1909f56bfc062723c751e8b465ee728b)  -> (artifact id: 'aa2d01d4f6fb0de2450b3c0c04bd06c2') in 0.026020 seconds 
========================================================================
Received Import Request.
  Time since last request: 2.860272 seconds.
  path: Assets/Sprites/Dungeon v2 Sprites/orc_warrior_idle_anim_f0.png
  artifactKey: Guid(bc0eea1e86e6f144eb5082bc72d98ef4) Importer(815301076,1909f56bfc062723c751e8b465ee728b)
Start importing Assets/Sprites/Dungeon v2 Sprites/orc_warrior_idle_anim_f0.png using Guid(bc0eea1e86e6f144eb5082bc72d98ef4) Importer(815301076,1909f56bfc062723c751e8b465ee728b)  -> (artifact id: '04fcc33f6d3821ed9ce55cee97e36a8a') in 0.038173 seconds 
========================================================================
Received Import Request.
  Time since last request: 0.000025 seconds.
  path: Assets/Sprites/Dungeon v2 Sprites/orc_warrior_run_anim_f3.png
  artifactKey: Guid(1cbbf567a1ba8814aa54e8da4fc2a0b3) Importer(815301076,1909f56bfc062723c751e8b465ee728b)
Start importing Assets/Sprites/Dungeon v2 Sprites/orc_warrior_run_anim_f3.png using Guid(1cbbf567a1ba8814aa54e8da4fc2a0b3) Importer(815301076,1909f56bfc062723c751e8b465ee728b)  -> (artifact id: 'd3ec78699d323c90c629e4aafff50239') in 0.032963 seconds 
========================================================================
Received Import Request.
  Time since last request: 0.000023 seconds.
  path: Assets/Sprites/Dungeon v2 Sprites/orc_warrior_run_anim_f1.png
  artifactKey: Guid(e5c967a77b64a2041830d4f586f8fc2c) Importer(815301076,1909f56bfc062723c751e8b465ee728b)
Start importing Assets/Sprites/Dungeon v2 Sprites/orc_warrior_run_anim_f1.png using Guid(e5c967a77b64a2041830d4f586f8fc2c) Importer(815301076,1909f56bfc062723c751e8b465ee728b)  -> (artifact id: 'a2102beeb3ae6e91a44d015a95d01116') in 0.028296 seconds 
========================================================================
Received Import Request.
  Time since last request: 0.000034 seconds.
  path: Assets/Sprites/Dungeon v2 Sprites/weapon_arrow.png
  artifactKey: Guid(c0093ab34d3a5d943bb4d52844c9f574) Importer(815301076,1909f56bfc062723c751e8b465ee728b)
Start importing Assets/Sprites/Dungeon v2 Sprites/weapon_arrow.png using Guid(c0093ab34d3a5d943bb4d52844c9f574) Importer(815301076,1909f56bfc062723c751e8b465ee728b)  -> (artifact id: 'a0a8d057b1807faa6075453e182c7e3a') in 0.033966 seconds 
========================================================================
Received Import Request.
  Time since last request: 0.000029 seconds.
  path: Packages/com.unity.render-pipelines.core/Runtime/Debugging/Prefabs/Textures/UIArrowDown.png
  artifactKey: Guid(f224bfd122877a34aa49c63693fc317b) Importer(815301076,1909f56bfc062723c751e8b465ee728b)
Start importing Packages/com.unity.render-pipelines.core/Runtime/Debugging/Prefabs/Textures/UIArrowDown.png using Guid(f224bfd122877a34aa49c63693fc317b) Importer(815301076,1909f56bfc062723c751e8b465ee728b)  -> (artifact id: '2bddfccc27bbef37c21d80310120c59e') in 0.038450 seconds 
========================================================================
Received Import Request.
  Time since last request: 1.294208 seconds.
  path: Packages/com.unity.render-pipelines.core/Editor/LookDev/Icons/d_LeftArrow.png
  artifactKey: Guid(84189b4c7caeef3419b6b031b8812685) Importer(815301076,1909f56bfc062723c751e8b465ee728b)
Start importing Packages/com.unity.render-pipelines.core/Editor/LookDev/Icons/d_LeftArrow.png using Guid(84189b4c7caeef3419b6b031b8812685) Importer(815301076,1909f56bfc062723c751e8b465ee728b)  -> (artifact id: '281bdd404aaee61ef2dad113860d0d4b') in 0.044701 seconds 
========================================================================
Received Import Request.
  Time since last request: 0.000027 seconds.
  path: Packages/com.unity.render-pipelines.core/Editor/LookDev/Icons/LeftArrow.png
  artifactKey: Guid(aba72f93e9005054dba8cb368c0bf724) Importer(815301076,1909f56bfc062723c751e8b465ee728b)
Start importing Packages/com.unity.render-pipelines.core/Editor/LookDev/Icons/LeftArrow.png using Guid(aba72f93e9005054dba8cb368c0bf724) Importer(815301076,1909f56bfc062723c751e8b465ee728b)  -> (artifact id: 'b4f0f447ff920cfef0dc39b87be5e967') in 0.041571 seconds 
========================================================================
Received Import Request.
  Time since last request: 0.000022 seconds.
  path: Assets/Sprites/Projectiles/large_arrow.png
  artifactKey: Guid(ebe045d39f77453448ab070c27e76fb5) Importer(815301076,1909f56bfc062723c751e8b465ee728b)
Start importing Assets/Sprites/Projectiles/large_arrow.png using Guid(ebe045d39f77453448ab070c27e76fb5) Importer(815301076,1909f56bfc062723c751e8b465ee728b)  -> (artifact id: 'ff568f982c68fb4b51118905ac8b0a11') in 0.034816 seconds 
========================================================================
Received Import Request.
  Time since last request: 16.728464 seconds.
  path: Assets/Scriptable Objects/Testing Weapon.asset
  artifactKey: Guid(a8a4c558cc25da7439e783278188eced) Importer(815301076,1909f56bfc062723c751e8b465ee728b)
Start importing Assets/Scriptable Objects/Testing Weapon.asset using Guid(a8a4c558cc25da7439e783278188eced) Importer(815301076,1909f56bfc062723c751e8b465ee728b)  -> (artifact id: 'bd48e0fcb3df31888d71c8cfe7f57155') in 0.030096 seconds 
========================================================================
Received Import Request.
  Time since last request: 1.528375 seconds.
  path: Assets/Scriptable Objects/Actions/Ranged Action.asset
  artifactKey: Guid(2a261ff5250b99d4d8a68c972398d2b0) Importer(815301076,1909f56bfc062723c751e8b465ee728b)
Start importing Assets/Scriptable Objects/Actions/Ranged Action.asset using Guid(2a261ff5250b99d4d8a68c972398d2b0) Importer(815301076,1909f56bfc062723c751e8b465ee728b)  -> (artifact id: 'b20fa0f2f54e93df11a1a3fba6901971') in 0.019501 seconds 
========================================================================
Received Import Request.
  Time since last request: 11.957851 seconds.
  path: Assets/Scriptable Objects/Actions/Thrust Action.asset
  artifactKey: Guid(ae3a11a1021ae1945a48aeb7a76372cb) Importer(815301076,1909f56bfc062723c751e8b465ee728b)
Start importing Assets/Scriptable Objects/Actions/Thrust Action.asset using Guid(ae3a11a1021ae1945a48aeb7a76372cb) Importer(815301076,1909f56bfc062723c751e8b465ee728b)  -> (artifact id: 'f69182c09a17d65351189cc75bcf9099') in 0.003223 seconds 
========================================================================
Received Import Request.
  Time since last request: 4.239647 seconds.
  path: Assets/Scriptable Objects/Actions/Slash Action.asset
  artifactKey: Guid(3d0a5222516c54345861722ba677cba1) Importer(815301076,1909f56bfc062723c751e8b465ee728b)
Start importing Assets/Scriptable Objects/Actions/Slash Action.asset using Guid(3d0a5222516c54345861722ba677cba1) Importer(815301076,1909f56bfc062723c751e8b465ee728b)  -> (artifact id: '4799d1d538b5301f366862a8ae7659a1') in 0.011550 seconds 
========================================================================
Received Prepare
Registering precompiled user dll's ...
Registered in 0.009471 seconds.
Begin MonoManager ReloadAssembly
Symbol file LoadedFromMemory doesn't match image C:\Users\eduar\OneDrive\Desktop\Unity Projects\Retitled-Dice-Game\Library\PackageCache\com.unity.visualscripting@1.7.8\Editor\VisualScripting.Core\Dependencies\YamlDotNet\Unity.VisualScripting.YamlDotNet.dll
Symbol file LoadedFromMemory is not a mono symbol file
Symbol file LoadedFromMemory doesn't match image C:\Users\eduar\OneDrive\Desktop\Unity Projects\Retitled-Dice-Game\Library\PackageCache\com.unity.visualscripting@1.7.8\Editor\VisualScripting.Core\Dependencies\DotNetZip\Unity.VisualScripting.IonicZip.dll
Native extension for WindowsStandalone target not found
Native extension for OSXStandalone target not found
Native extension for WebGL target not found
Refreshing native plugins compatible for Editor in 2.14 ms, found 4 plugins.
Preloading 0 native plugins for Editor in 0.00 ms.
Mono: successfully reloaded assembly
- Completed reload, in  1.409 seconds
Domain Reload Profiling:
	ReloadAssembly (1409ms)
		BeginReloadAssembly (150ms)
			ExecutionOrderSort (0ms)
			DisableScriptedObjects (6ms)
			BackupInstance (0ms)
			ReleaseScriptingObjects (0ms)
			CreateAndSetChildDomain (44ms)
		EndReloadAssembly (1147ms)
			LoadAssemblies (113ms)
			RebuildTransferFunctionScriptingTraits (0ms)
			SetupTypeCache (308ms)
			ReleaseScriptCaches (2ms)
			RebuildScriptCaches (65ms)
			SetupLoadedEditorAssemblies (593ms)
				LogAssemblyErrors (0ms)
				InitializePlatformSupportModulesInManaged (18ms)
				SetLoadedEditorAssemblies (1ms)
				RefreshPlugins (2ms)
				BeforeProcessingInitializeOnLoad (117ms)
				ProcessInitializeOnLoadAttributes (309ms)
				ProcessInitializeOnLoadMethodAttributes (138ms)
				AfterProcessingInitializeOnLoad (7ms)
				EditorAssembliesLoaded (0ms)
			ExecutionOrderSort2 (0ms)
			AwakeInstancesAfterBackupRestoration (12ms)
Platform modules already initialized, skipping
Refreshing native plugins compatible for Editor in 3.26 ms, found 4 plugins.
Preloading 0 native plugins for Editor in 0.00 ms.
Unloading 5355 Unused Serialized files (Serialized files now loaded: 0)
Unloading 33 unused Assets / (0.6 MB). Loaded Objects now: 5923.
Memory consumption went from 210.1 MB to 209.6 MB.
Total: 3.939000 ms (FindLiveObjects: 0.480000 ms CreateObjectMapping: 0.402000 ms MarkObjects: 2.565700 ms  DeleteObjects: 0.490000 ms)

AssetImportParameters requested are different than current active one (requested -> active):
  custom:video-decoder-ogg-theora: a1e56fd34408186e4bbccfd4996cb3dc -> 
  custom:container-muxer-webm: aa71ff27fc2769a1b78a27578f13a17b -> 
  custom:container-demuxer-webm: 4f35f7cbe854078d1ac9338744f61a02 -> 
  custom:video-encoder-webm-vp8: eb34c28f22e8b96e1ab97ce403110664 -> 
  custom:audio-encoder-webm-vorbis: bf7c407c2cedff20999df2af8eb42d56 -> 
  custom:framework-win-MediaFoundation: 216162199b28c13a410421893ffa2e32 -> 
  custom:container-demuxer-ogg: 62fdf1f143b41e24485cea50d1cbac27 -> 
  custom:video-decoder-webm-vp8: 9c59270c3fd7afecdb556c50c9e8de78 -> 
  custom:audio-decoder-ogg-vorbis: bf7c407c2cedff20999df2af8eb42d56 -> 
========================================================================
Received Import Request.
  Time since last request: 24.234145 seconds.
  path: Assets/Scriptable Objects/Actions/Slash Action.asset
  artifactKey: Guid(3d0a5222516c54345861722ba677cba1) Importer(815301076,1909f56bfc062723c751e8b465ee728b)
Start importing Assets/Scriptable Objects/Actions/Slash Action.asset using Guid(3d0a5222516c54345861722ba677cba1) Importer(815301076,1909f56bfc062723c751e8b465ee728b)  -> (artifact id: '347c3109f92b33e58ba3fd22112d68e6') in 0.033703 seconds 
========================================================================
Received Prepare
Registering precompiled user dll's ...
Registered in 0.008785 seconds.
Begin MonoManager ReloadAssembly
Symbol file LoadedFromMemory doesn't match image C:\Users\eduar\OneDrive\Desktop\Unity Projects\Retitled-Dice-Game\Library\PackageCache\com.unity.visualscripting@1.7.8\Editor\VisualScripting.Core\Dependencies\YamlDotNet\Unity.VisualScripting.YamlDotNet.dll
Symbol file LoadedFromMemory is not a mono symbol file
Symbol file LoadedFromMemory doesn't match image C:\Users\eduar\OneDrive\Desktop\Unity Projects\Retitled-Dice-Game\Library\PackageCache\com.unity.visualscripting@1.7.8\Editor\VisualScripting.Core\Dependencies\DotNetZip\Unity.VisualScripting.IonicZip.dll
Native extension for WindowsStandalone target not found
Native extension for OSXStandalone target not found
Native extension for WebGL target not found
Refreshing native plugins compatible for Editor in 1.37 ms, found 4 plugins.
Preloading 0 native plugins for Editor in 0.00 ms.
Mono: successfully reloaded assembly
- Completed reload, in  1.235 seconds
Domain Reload Profiling:
	ReloadAssembly (1236ms)
		BeginReloadAssembly (134ms)
			ExecutionOrderSort (0ms)
			DisableScriptedObjects (10ms)
			BackupInstance (0ms)
			ReleaseScriptingObjects (0ms)
			CreateAndSetChildDomain (41ms)
		EndReloadAssembly (1000ms)
			LoadAssemblies (97ms)
			RebuildTransferFunctionScriptingTraits (0ms)
			SetupTypeCache (286ms)
			ReleaseScriptCaches (2ms)
			RebuildScriptCaches (62ms)
			SetupLoadedEditorAssemblies (494ms)
				LogAssemblyErrors (0ms)
				InitializePlatformSupportModulesInManaged (17ms)
				SetLoadedEditorAssemblies (1ms)
				RefreshPlugins (1ms)
				BeforeProcessingInitializeOnLoad (101ms)
				ProcessInitializeOnLoadAttributes (264ms)
				ProcessInitializeOnLoadMethodAttributes (102ms)
				AfterProcessingInitializeOnLoad (8ms)
				EditorAssembliesLoaded (0ms)
			ExecutionOrderSort2 (0ms)
			AwakeInstancesAfterBackupRestoration (10ms)
Platform modules already initialized, skipping
Refreshing native plugins compatible for Editor in 2.78 ms, found 4 plugins.
Preloading 0 native plugins for Editor in 0.00 ms.
Unloading 5355 Unused Serialized files (Serialized files now loaded: 0)
Unloading 33 unused Assets / (0.6 MB). Loaded Objects now: 5926.
Memory consumption went from 210.1 MB to 209.6 MB.
Total: 3.741700 ms (FindLiveObjects: 0.413200 ms CreateObjectMapping: 0.315100 ms MarkObjects: 2.705500 ms  DeleteObjects: 0.306900 ms)

AssetImportParameters requested are different than current active one (requested -> active):
  custom:video-decoder-ogg-theora: a1e56fd34408186e4bbccfd4996cb3dc -> 
  custom:container-muxer-webm: aa71ff27fc2769a1b78a27578f13a17b -> 
  custom:container-demuxer-webm: 4f35f7cbe854078d1ac9338744f61a02 -> 
  custom:video-encoder-webm-vp8: eb34c28f22e8b96e1ab97ce403110664 -> 
  custom:audio-encoder-webm-vorbis: bf7c407c2cedff20999df2af8eb42d56 -> 
  custom:framework-win-MediaFoundation: 216162199b28c13a410421893ffa2e32 -> 
  custom:container-demuxer-ogg: 62fdf1f143b41e24485cea50d1cbac27 -> 
  custom:video-decoder-webm-vp8: 9c59270c3fd7afecdb556c50c9e8de78 -> 
  custom:audio-decoder-ogg-vorbis: bf7c407c2cedff20999df2af8eb42d56 -> 
========================================================================
Received Import Request.
  Time since last request: 67.942652 seconds.
  path: Assets/Scriptable Objects/Actions/Bow Shoot Action.asset
  artifactKey: Guid(2a261ff5250b99d4d8a68c972398d2b0) Importer(815301076,1909f56bfc062723c751e8b465ee728b)
Start importing Assets/Scriptable Objects/Actions/Bow Shoot Action.asset using Guid(2a261ff5250b99d4d8a68c972398d2b0) Importer(815301076,1909f56bfc062723c751e8b465ee728b)  -> (artifact id: 'd151fabfbcd0912b19746a6dbe7c6110') in 0.036704 seconds 
========================================================================
Received Import Request.
  Time since last request: 15.566215 seconds.
  path: Assets/Scriptable Objects/Actions/Enemy Actions/New Thrust Action.asset
  artifactKey: Guid(8896d305a469648498ac9d9a957b75ba) Importer(815301076,1909f56bfc062723c751e8b465ee728b)
Start importing Assets/Scriptable Objects/Actions/Enemy Actions/New Thrust Action.asset using Guid(8896d305a469648498ac9d9a957b75ba) Importer(815301076,1909f56bfc062723c751e8b465ee728b)  -> (artifact id: 'be7c2fe87f7616d50c1449f36cc2f797') in 0.011376 seconds 
========================================================================
Received Import Request.
  Time since last request: 14.869312 seconds.
  path: Assets/Scriptable Objects/Actions/Enemy Actions/OLD Enemy Ranged Action.asset
  artifactKey: Guid(870a0caeb466a7e45b2e3d400b6b2180) Importer(815301076,1909f56bfc062723c751e8b465ee728b)
Start importing Assets/Scriptable Objects/Actions/Enemy Actions/OLD Enemy Ranged Action.asset using Guid(870a0caeb466a7e45b2e3d400b6b2180) Importer(815301076,1909f56bfc062723c751e8b465ee728b)  -> (artifact id: 'c855e4be3a2a7b7e77bc5eac4e869184') in 0.015848 seconds 
========================================================================
Received Import Request.
  Time since last request: 1.279349 seconds.
  path: Assets/Scriptable Objects/Actions/Enemy Actions/Enemy Ranged Action.asset
  artifactKey: Guid(8896d305a469648498ac9d9a957b75ba) Importer(815301076,1909f56bfc062723c751e8b465ee728b)
Start importing Assets/Scriptable Objects/Actions/Enemy Actions/Enemy Ranged Action.asset using Guid(8896d305a469648498ac9d9a957b75ba) Importer(815301076,1909f56bfc062723c751e8b465ee728b)  -> (artifact id: 'c93a5554315fc5c40cc2a8da1befd1fc') in 0.012164 seconds 
========================================================================
Received Import Request.
  Time since last request: 9.005722 seconds.
  path: Assets/Scriptable Objects/Actions/Enemy Actions/Thrust Action.asset
  artifactKey: Guid(4b644115b5b04554f92e1b23fad0387a) Importer(815301076,1909f56bfc062723c751e8b465ee728b)
Start importing Assets/Scriptable Objects/Actions/Enemy Actions/Thrust Action.asset using Guid(4b644115b5b04554f92e1b23fad0387a) Importer(815301076,1909f56bfc062723c751e8b465ee728b)  -> (artifact id: '7e7cf8edd2220fd5656ccf5f0ec79b9c') in 0.003369 seconds 
========================================================================
Received Import Request.
  Time since last request: 5.781615 seconds.
  path: Assets/Scriptable Objects/Actions/Enemy Actions/Enemy Ranged Action.asset
  artifactKey: Guid(4b644115b5b04554f92e1b23fad0387a) Importer(815301076,1909f56bfc062723c751e8b465ee728b)
Start importing Assets/Scriptable Objects/Actions/Enemy Actions/Enemy Ranged Action.asset using Guid(4b644115b5b04554f92e1b23fad0387a) Importer(815301076,1909f56bfc062723c751e8b465ee728b)  -> (artifact id: '834c9970b779efb35ccfad2468ba420f') in 0.003604 seconds 
========================================================================
Received Import Request.
  Time since last request: 15.983155 seconds.
  path: Assets/Scriptable Objects/Actions/Enemy Actions/Enemy Ranged Action.asset
  artifactKey: Guid(4b644115b5b04554f92e1b23fad0387a) Importer(815301076,1909f56bfc062723c751e8b465ee728b)
Start importing Assets/Scriptable Objects/Actions/Enemy Actions/Enemy Ranged Action.asset using Guid(4b644115b5b04554f92e1b23fad0387a) Importer(815301076,1909f56bfc062723c751e8b465ee728b)  -> (artifact id: '67609f33fcb904ff5cd5734d8be125cb') in 0.003373 seconds 
========================================================================
Received Prepare
Registering precompiled user dll's ...
Registered in 0.008333 seconds.
Begin MonoManager ReloadAssembly
Symbol file LoadedFromMemory doesn't match image C:\Users\eduar\OneDrive\Desktop\Unity Projects\Retitled-Dice-Game\Library\PackageCache\com.unity.visualscripting@1.7.8\Editor\VisualScripting.Core\Dependencies\YamlDotNet\Unity.VisualScripting.YamlDotNet.dll
Symbol file LoadedFromMemory is not a mono symbol file
Symbol file LoadedFromMemory doesn't match image C:\Users\eduar\OneDrive\Desktop\Unity Projects\Retitled-Dice-Game\Library\PackageCache\com.unity.visualscripting@1.7.8\Editor\VisualScripting.Core\Dependencies\DotNetZip\Unity.VisualScripting.IonicZip.dll
Native extension for WindowsStandalone target not found
Native extension for OSXStandalone target not found
Native extension for WebGL target not found
Refreshing native plugins compatible for Editor in 1.15 ms, found 4 plugins.
Preloading 0 native plugins for Editor in 0.00 ms.
Mono: successfully reloaded assembly
- Completed reload, in  1.217 seconds
Domain Reload Profiling:
	ReloadAssembly (1218ms)
		BeginReloadAssembly (129ms)
			ExecutionOrderSort (0ms)
			DisableScriptedObjects (7ms)
			BackupInstance (0ms)
			ReleaseScriptingObjects (0ms)
			CreateAndSetChildDomain (41ms)
		EndReloadAssembly (991ms)
			LoadAssemblies (97ms)
			RebuildTransferFunctionScriptingTraits (0ms)
			SetupTypeCache (283ms)
			ReleaseScriptCaches (2ms)
			RebuildScriptCaches (58ms)
			SetupLoadedEditorAssemblies (492ms)
				LogAssemblyErrors (0ms)
				InitializePlatformSupportModulesInManaged (18ms)
				SetLoadedEditorAssemblies (1ms)
				RefreshPlugins (1ms)
				BeforeProcessingInitializeOnLoad (99ms)
				ProcessInitializeOnLoadAttributes (266ms)
				ProcessInitializeOnLoadMethodAttributes (99ms)
				AfterProcessingInitializeOnLoad (7ms)
				EditorAssembliesLoaded (0ms)
			ExecutionOrderSort2 (0ms)
			AwakeInstancesAfterBackupRestoration (10ms)
Platform modules already initialized, skipping
Refreshing native plugins compatible for Editor in 3.24 ms, found 4 plugins.
Preloading 0 native plugins for Editor in 0.00 ms.
Unloading 5355 Unused Serialized files (Serialized files now loaded: 0)
Unloading 33 unused Assets / (0.6 MB). Loaded Objects now: 5929.
Memory consumption went from 210.1 MB to 209.6 MB.
Total: 4.301900 ms (FindLiveObjects: 0.425100 ms CreateObjectMapping: 0.385800 ms MarkObjects: 3.003700 ms  DeleteObjects: 0.486100 ms)

AssetImportParameters requested are different than current active one (requested -> active):
  custom:video-decoder-ogg-theora: a1e56fd34408186e4bbccfd4996cb3dc -> 
  custom:container-muxer-webm: aa71ff27fc2769a1b78a27578f13a17b -> 
  custom:container-demuxer-webm: 4f35f7cbe854078d1ac9338744f61a02 -> 
  custom:video-encoder-webm-vp8: eb34c28f22e8b96e1ab97ce403110664 -> 
  custom:audio-encoder-webm-vorbis: bf7c407c2cedff20999df2af8eb42d56 -> 
  custom:framework-win-MediaFoundation: 216162199b28c13a410421893ffa2e32 -> 
  custom:container-demuxer-ogg: 62fdf1f143b41e24485cea50d1cbac27 -> 
  custom:video-decoder-webm-vp8: 9c59270c3fd7afecdb556c50c9e8de78 -> 
  custom:audio-decoder-ogg-vorbis: bf7c407c2cedff20999df2af8eb42d56 -> 
========================================================================
Received Prepare
Registering precompiled user dll's ...
Registered in 0.008254 seconds.
Begin MonoManager ReloadAssembly
Symbol file LoadedFromMemory doesn't match image C:\Users\eduar\OneDrive\Desktop\Unity Projects\Retitled-Dice-Game\Library\PackageCache\com.unity.visualscripting@1.7.8\Editor\VisualScripting.Core\Dependencies\YamlDotNet\Unity.VisualScripting.YamlDotNet.dll
Symbol file LoadedFromMemory is not a mono symbol file
Symbol file LoadedFromMemory doesn't match image C:\Users\eduar\OneDrive\Desktop\Unity Projects\Retitled-Dice-Game\Library\PackageCache\com.unity.visualscripting@1.7.8\Editor\VisualScripting.Core\Dependencies\DotNetZip\Unity.VisualScripting.IonicZip.dll
Native extension for WindowsStandalone target not found
Native extension for OSXStandalone target not found
Native extension for WebGL target not found
Refreshing native plugins compatible for Editor in 1.34 ms, found 4 plugins.
Preloading 0 native plugins for Editor in 0.00 ms.
Mono: successfully reloaded assembly
- Completed reload, in  1.245 seconds
Domain Reload Profiling:
	ReloadAssembly (1245ms)
		BeginReloadAssembly (132ms)
			ExecutionOrderSort (0ms)
			DisableScriptedObjects (9ms)
			BackupInstance (0ms)
			ReleaseScriptingObjects (0ms)
			CreateAndSetChildDomain (40ms)
		EndReloadAssembly (1010ms)
			LoadAssemblies (100ms)
			RebuildTransferFunctionScriptingTraits (0ms)
			SetupTypeCache (283ms)
			ReleaseScriptCaches (2ms)
			RebuildScriptCaches (60ms)
			SetupLoadedEditorAssemblies (507ms)
				LogAssemblyErrors (0ms)
				InitializePlatformSupportModulesInManaged (16ms)
				SetLoadedEditorAssemblies (0ms)
				RefreshPlugins (1ms)
				BeforeProcessingInitializeOnLoad (106ms)
				ProcessInitializeOnLoadAttributes (272ms)
				ProcessInitializeOnLoadMethodAttributes (105ms)
				AfterProcessingInitializeOnLoad (7ms)
				EditorAssembliesLoaded (0ms)
			ExecutionOrderSort2 (0ms)
			AwakeInstancesAfterBackupRestoration (11ms)
Platform modules already initialized, skipping
Refreshing native plugins compatible for Editor in 3.27 ms, found 4 plugins.
Preloading 0 native plugins for Editor in 0.00 ms.
Unloading 5355 Unused Serialized files (Serialized files now loaded: 0)
Unloading 33 unused Assets / (0.6 MB). Loaded Objects now: 5932.
Memory consumption went from 210.2 MB to 209.6 MB.
Total: 4.896200 ms (FindLiveObjects: 0.450200 ms CreateObjectMapping: 0.399600 ms MarkObjects: 3.605200 ms  DeleteObjects: 0.439900 ms)

AssetImportParameters requested are different than current active one (requested -> active):
  custom:video-decoder-ogg-theora: a1e56fd34408186e4bbccfd4996cb3dc -> 
  custom:container-muxer-webm: aa71ff27fc2769a1b78a27578f13a17b -> 
  custom:container-demuxer-webm: 4f35f7cbe854078d1ac9338744f61a02 -> 
  custom:video-encoder-webm-vp8: eb34c28f22e8b96e1ab97ce403110664 -> 
  custom:audio-encoder-webm-vorbis: bf7c407c2cedff20999df2af8eb42d56 -> 
  custom:framework-win-MediaFoundation: 216162199b28c13a410421893ffa2e32 -> 
  custom:container-demuxer-ogg: 62fdf1f143b41e24485cea50d1cbac27 -> 
  custom:video-decoder-webm-vp8: 9c59270c3fd7afecdb556c50c9e8de78 -> 
  custom:audio-decoder-ogg-vorbis: bf7c407c2cedff20999df2af8eb42d56 -> 
========================================================================
Received Import Request.
  Time since last request: 51.575478 seconds.
  path: Assets/Scriptable Objects/Testing Weapon.asset
  artifactKey: Guid(a8a4c558cc25da7439e783278188eced) Importer(815301076,1909f56bfc062723c751e8b465ee728b)
Start importing Assets/Scriptable Objects/Testing Weapon.asset using Guid(a8a4c558cc25da7439e783278188eced) Importer(815301076,1909f56bfc062723c751e8b465ee728b)  -> (artifact id: 'c3621f80c2491e1017a58b890c558125') in 0.023082 seconds 
========================================================================
Received Import Request.
  Time since last request: 1.343397 seconds.
  path: Assets/Scriptable Objects/Entities/Enemies/Goblin.asset
  artifactKey: Guid(f2e6bff7fa56b7c4f839a49b81475266) Importer(815301076,1909f56bfc062723c751e8b465ee728b)
Start importing Assets/Scriptable Objects/Entities/Enemies/Goblin.asset using Guid(f2e6bff7fa56b7c4f839a49b81475266) Importer(815301076,1909f56bfc062723c751e8b465ee728b)  -> (artifact id: '3d7f97d9f14614647e0d07f38b34ce0c') in 0.037164 seconds 
========================================================================
Received Prepare
Registering precompiled user dll's ...
Registered in 0.010279 seconds.
Begin MonoManager ReloadAssembly
Symbol file LoadedFromMemory doesn't match image C:\Users\eduar\OneDrive\Desktop\Unity Projects\Retitled-Dice-Game\Library\PackageCache\com.unity.visualscripting@1.7.8\Editor\VisualScripting.Core\Dependencies\YamlDotNet\Unity.VisualScripting.YamlDotNet.dll
Symbol file LoadedFromMemory is not a mono symbol file
Symbol file LoadedFromMemory doesn't match image C:\Users\eduar\OneDrive\Desktop\Unity Projects\Retitled-Dice-Game\Library\PackageCache\com.unity.visualscripting@1.7.8\Editor\VisualScripting.Core\Dependencies\DotNetZip\Unity.VisualScripting.IonicZip.dll
Native extension for WindowsStandalone target not found
Native extension for OSXStandalone target not found
Native extension for WebGL target not found
Refreshing native plugins compatible for Editor in 1.25 ms, found 4 plugins.
Preloading 0 native plugins for Editor in 0.00 ms.
Mono: successfully reloaded assembly
- Completed reload, in  1.228 seconds
Domain Reload Profiling:
	ReloadAssembly (1229ms)
		BeginReloadAssembly (140ms)
			ExecutionOrderSort (0ms)
			DisableScriptedObjects (7ms)
			BackupInstance (0ms)
			ReleaseScriptingObjects (0ms)
			CreateAndSetChildDomain (40ms)
		EndReloadAssembly (986ms)
			LoadAssemblies (111ms)
			RebuildTransferFunctionScriptingTraits (0ms)
			SetupTypeCache (270ms)
			ReleaseScriptCaches (2ms)
			RebuildScriptCaches (60ms)
			SetupLoadedEditorAssemblies (490ms)
				LogAssemblyErrors (0ms)
				InitializePlatformSupportModulesInManaged (17ms)
				SetLoadedEditorAssemblies (0ms)
				RefreshPlugins (1ms)
				BeforeProcessingInitializeOnLoad (95ms)
				ProcessInitializeOnLoadAttributes (268ms)
				ProcessInitializeOnLoadMethodAttributes (100ms)
				AfterProcessingInitializeOnLoad (9ms)
				EditorAssembliesLoaded (0ms)
			ExecutionOrderSort2 (0ms)
			AwakeInstancesAfterBackupRestoration (12ms)
Platform modules already initialized, skipping
Refreshing native plugins compatible for Editor in 3.02 ms, found 4 plugins.
Preloading 0 native plugins for Editor in 0.00 ms.
Unloading 5355 Unused Serialized files (Serialized files now loaded: 0)
Unloading 33 unused Assets / (0.6 MB). Loaded Objects now: 5935.
Memory consumption went from 210.2 MB to 209.6 MB.
Total: 3.736300 ms (FindLiveObjects: 0.453400 ms CreateObjectMapping: 0.357500 ms MarkObjects: 2.598500 ms  DeleteObjects: 0.325700 ms)

AssetImportParameters requested are different than current active one (requested -> active):
  custom:video-decoder-ogg-theora: a1e56fd34408186e4bbccfd4996cb3dc -> 
  custom:container-muxer-webm: aa71ff27fc2769a1b78a27578f13a17b -> 
  custom:container-demuxer-webm: 4f35f7cbe854078d1ac9338744f61a02 -> 
  custom:video-encoder-webm-vp8: eb34c28f22e8b96e1ab97ce403110664 -> 
  custom:audio-encoder-webm-vorbis: bf7c407c2cedff20999df2af8eb42d56 -> 
  custom:framework-win-MediaFoundation: 216162199b28c13a410421893ffa2e32 -> 
  custom:container-demuxer-ogg: 62fdf1f143b41e24485cea50d1cbac27 -> 
  custom:video-decoder-webm-vp8: 9c59270c3fd7afecdb556c50c9e8de78 -> 
  custom:audio-decoder-ogg-vorbis: bf7c407c2cedff20999df2af8eb42d56 -> 
========================================================================
Received Import Request.
  Time since last request: 77.403048 seconds.
  path: Assets/Scriptable Objects/Dice/Locked 3.asset
  artifactKey: Guid(8458686c5fc89cf46991047e407d7fc1) Importer(815301076,1909f56bfc062723c751e8b465ee728b)
Start importing Assets/Scriptable Objects/Dice/Locked 3.asset using Guid(8458686c5fc89cf46991047e407d7fc1) Importer(815301076,1909f56bfc062723c751e8b465ee728b)  -> (artifact id: 'c7253fe6bd33337356e321148cb2c1a2') in 0.036345 seconds 
========================================================================
Received Import Request.
  Time since last request: 2.597294 seconds.
  path: Assets/Scriptable Objects/Dice/Locked 5.asset
  artifactKey: Guid(f88bac4fa3850fd439bb1163b4670314) Importer(815301076,1909f56bfc062723c751e8b465ee728b)
Start importing Assets/Scriptable Objects/Dice/Locked 5.asset using Guid(f88bac4fa3850fd439bb1163b4670314) Importer(815301076,1909f56bfc062723c751e8b465ee728b)  -> (artifact id: 'cd68f225a827b29e324d5ed239f57fac') in 0.011077 seconds 
========================================================================
Received Import Request.
  Time since last request: 2.400148 seconds.
  path: Assets/Scriptable Objects/Dice/Locked 12.asset
  artifactKey: Guid(bbb8d6b7d456fc3468b60d4305886f44) Importer(815301076,1909f56bfc062723c751e8b465ee728b)
Start importing Assets/Scriptable Objects/Dice/Locked 12.asset using Guid(bbb8d6b7d456fc3468b60d4305886f44) Importer(815301076,1909f56bfc062723c751e8b465ee728b)  -> (artifact id: '9ae9ba6c9171cdf467cdc73ed71666f3') in 0.010849 seconds 
========================================================================
Received Import Request.
  Time since last request: 2.758280 seconds.
  path: Assets/Scriptable Objects/Dice/Locked 4.asset
  artifactKey: Guid(e6e2cf3fbfbb9db4885b877ff1d7f04e) Importer(815301076,1909f56bfc062723c751e8b465ee728b)
Start importing Assets/Scriptable Objects/Dice/Locked 4.asset using Guid(e6e2cf3fbfbb9db4885b877ff1d7f04e) Importer(815301076,1909f56bfc062723c751e8b465ee728b)  -> (artifact id: '720480f84a6f2240842c20419bd36c24') in 0.011154 seconds 
========================================================================
Received Import Request.
  Time since last request: 1.758074 seconds.
  path: Assets/Scriptable Objects/Dice/Locked 2.asset
  artifactKey: Guid(e6e2cf3fbfbb9db4885b877ff1d7f04e) Importer(815301076,1909f56bfc062723c751e8b465ee728b)
Start importing Assets/Scriptable Objects/Dice/Locked 2.asset using Guid(e6e2cf3fbfbb9db4885b877ff1d7f04e) Importer(815301076,1909f56bfc062723c751e8b465ee728b)  -> (artifact id: '0671afa86e84d01ccb9e84c496c2a7b7') in 0.011497 seconds 
========================================================================
Received Import Request.
  Time since last request: 2.477152 seconds.
  path: Assets/Scriptable Objects/Dice/Locked 4.asset
  artifactKey: Guid(5e6c4f0b27552b546956704c46a31ff3) Importer(815301076,1909f56bfc062723c751e8b465ee728b)
Start importing Assets/Scriptable Objects/Dice/Locked 4.asset using Guid(5e6c4f0b27552b546956704c46a31ff3) Importer(815301076,1909f56bfc062723c751e8b465ee728b)  -> (artifact id: 'e30641662e9278f3cf12a44b469a651a') in 0.002372 seconds 
========================================================================
Received Import Request.
  Time since last request: 2.166254 seconds.
  path: Assets/Scriptable Objects/Dice/Locked 1.asset
  artifactKey: Guid(5e6c4f0b27552b546956704c46a31ff3) Importer(815301076,1909f56bfc062723c751e8b465ee728b)
Start importing Assets/Scriptable Objects/Dice/Locked 1.asset using Guid(5e6c4f0b27552b546956704c46a31ff3) Importer(815301076,1909f56bfc062723c751e8b465ee728b)  -> (artifact id: '55f24e6e64e7035d0f0a1e6765f4c634') in 0.010699 seconds 
========================================================================
Received Import Request.
  Time since last request: 6.849190 seconds.
  path: Assets/Scriptable Objects/Dice/Locked 1.asset
  artifactKey: Guid(5e6c4f0b27552b546956704c46a31ff3) Importer(815301076,1909f56bfc062723c751e8b465ee728b)
Start importing Assets/Scriptable Objects/Dice/Locked 1.asset using Guid(5e6c4f0b27552b546956704c46a31ff3) Importer(815301076,1909f56bfc062723c751e8b465ee728b)  -> (artifact id: '1d1a718ae94099b74592bc834c64c88c') in 0.003036 seconds 
========================================================================
Received Import Request.
  Time since last request: 6.594852 seconds.
  path: Assets/Scriptable Objects/Dice/Locked Dice
  artifactKey: Guid(a3ed50e08b482c947a5734e8518bc41c) Importer(815301076,1909f56bfc062723c751e8b465ee728b)
Start importing Assets/Scriptable Objects/Dice/Locked Dice using Guid(a3ed50e08b482c947a5734e8518bc41c) Importer(815301076,1909f56bfc062723c751e8b465ee728b)  -> (artifact id: '4d19b91e59cf68763e83d063f83c7f71') in 0.010847 seconds 
========================================================================
Received Import Request.
  Time since last request: 13.093247 seconds.
  path: Assets/Scriptable Objects/Actions/Enemy Actions/Enemy Melee Action.asset
  artifactKey: Guid(5087fe2c79d6ff24980f116179dfd4a7) Importer(815301076,1909f56bfc062723c751e8b465ee728b)
Start importing Assets/Scriptable Objects/Actions/Enemy Actions/Enemy Melee Action.asset using Guid(5087fe2c79d6ff24980f116179dfd4a7) Importer(815301076,1909f56bfc062723c751e8b465ee728b)  -> (artifact id: 'eca3bcc364d7e89ac6ec61a84c049fdf') in 0.030173 seconds 
========================================================================
Received Prepare
Registering precompiled user dll's ...
Registered in 0.008978 seconds.
Begin MonoManager ReloadAssembly
Symbol file LoadedFromMemory doesn't match image C:\Users\eduar\OneDrive\Desktop\Unity Projects\Retitled-Dice-Game\Library\PackageCache\com.unity.visualscripting@1.7.8\Editor\VisualScripting.Core\Dependencies\YamlDotNet\Unity.VisualScripting.YamlDotNet.dll
Symbol file LoadedFromMemory is not a mono symbol file
Symbol file LoadedFromMemory doesn't match image C:\Users\eduar\OneDrive\Desktop\Unity Projects\Retitled-Dice-Game\Library\PackageCache\com.unity.visualscripting@1.7.8\Editor\VisualScripting.Core\Dependencies\DotNetZip\Unity.VisualScripting.IonicZip.dll
Native extension for WindowsStandalone target not found
Native extension for OSXStandalone target not found
Native extension for WebGL target not found
Refreshing native plugins compatible for Editor in 1.58 ms, found 4 plugins.
Preloading 0 native plugins for Editor in 0.00 ms.
Mono: successfully reloaded assembly
- Completed reload, in  1.580 seconds
Domain Reload Profiling:
	ReloadAssembly (1580ms)
		BeginReloadAssembly (236ms)
			ExecutionOrderSort (0ms)
			DisableScriptedObjects (9ms)
			BackupInstance (0ms)
			ReleaseScriptingObjects (0ms)
			CreateAndSetChildDomain (44ms)
		EndReloadAssembly (1198ms)
			LoadAssemblies (207ms)
			RebuildTransferFunctionScriptingTraits (0ms)
			SetupTypeCache (486ms)
			ReleaseScriptCaches (3ms)
			RebuildScriptCaches (60ms)
			SetupLoadedEditorAssemblies (484ms)
				LogAssemblyErrors (0ms)
				InitializePlatformSupportModulesInManaged (16ms)
				SetLoadedEditorAssemblies (1ms)
				RefreshPlugins (2ms)
				BeforeProcessingInitializeOnLoad (97ms)
				ProcessInitializeOnLoadAttributes (263ms)
				ProcessInitializeOnLoadMethodAttributes (97ms)
				AfterProcessingInitializeOnLoad (7ms)
				EditorAssembliesLoaded (0ms)
			ExecutionOrderSort2 (0ms)
			AwakeInstancesAfterBackupRestoration (11ms)
Platform modules already initialized, skipping
Refreshing native plugins compatible for Editor in 4.68 ms, found 4 plugins.
Preloading 0 native plugins for Editor in 0.00 ms.
Unloading 5355 Unused Serialized files (Serialized files now loaded: 0)
Unloading 33 unused Assets / (0.6 MB). Loaded Objects now: 5938.
Memory consumption went from 210.2 MB to 209.6 MB.
Total: 4.540600 ms (FindLiveObjects: 0.431500 ms CreateObjectMapping: 0.360500 ms MarkObjects: 3.344200 ms  DeleteObjects: 0.403000 ms)

AssetImportParameters requested are different than current active one (requested -> active):
  custom:video-decoder-ogg-theora: a1e56fd34408186e4bbccfd4996cb3dc -> 
  custom:container-muxer-webm: aa71ff27fc2769a1b78a27578f13a17b -> 
  custom:container-demuxer-webm: 4f35f7cbe854078d1ac9338744f61a02 -> 
  custom:video-encoder-webm-vp8: eb34c28f22e8b96e1ab97ce403110664 -> 
  custom:audio-encoder-webm-vorbis: bf7c407c2cedff20999df2af8eb42d56 -> 
  custom:framework-win-MediaFoundation: 216162199b28c13a410421893ffa2e32 -> 
  custom:container-demuxer-ogg: 62fdf1f143b41e24485cea50d1cbac27 -> 
  custom:video-decoder-webm-vp8: 9c59270c3fd7afecdb556c50c9e8de78 -> 
  custom:audio-decoder-ogg-vorbis: bf7c407c2cedff20999df2af8eb42d56 -> 
