Using pre-set license
Built from '2021.3/staging' branch; Version is '2021.3.1f1 (3b70a0754835) revision 3895456'; Using compiler version '192829333'; Build Type 'Release'
OS: 'Windows 11  (10.0.22621) 64bit Core' Language: 'en' Physical Memory: 16310 MB
BatchMode: 1, IsHumanControllingUs: 0, StartBugReporterOnCrash: 0, Is64bit: 1, IsPro: 1

COMMAND LINE ARGUMENTS:
C:\Program Files\Unity\Hub\Editor\2021.3.1f1\Editor\Unity.exe
-adb2
-batchMode
-noUpm
-name
AssetImportWorker6
-projectPath
C:/Users/eduar/OneDrive/Desktop/Unity Projects/Retitled-Dice-Game
-logFile
Logs/AssetImportWorker6.log
-srvPort
54447
Successfully changed project path to: C:/Users/eduar/OneDrive/Desktop/Unity Projects/Retitled-Dice-Game
C:/Users/eduar/OneDrive/Desktop/Unity Projects/Retitled-Dice-Game
[UnityMemory] Configuration Parameters - Can be set up in boot.config
    "memorysetup-bucket-allocator-granularity=16"
    "memorysetup-bucket-allocator-bucket-count=8"
    "memorysetup-bucket-allocator-block-size=33554432"
    "memorysetup-bucket-allocator-block-count=8"
    "memorysetup-main-allocator-block-size=16777216"
    "memorysetup-thread-allocator-block-size=16777216"
    "memorysetup-gfx-main-allocator-block-size=16777216"
    "memorysetup-gfx-thread-allocator-block-size=16777216"
    "memorysetup-cache-allocator-block-size=4194304"
    "memorysetup-typetree-allocator-block-size=2097152"
    "memorysetup-profiler-bucket-allocator-granularity=16"
    "memorysetup-profiler-bucket-allocator-bucket-count=8"
    "memorysetup-profiler-bucket-allocator-block-size=33554432"
    "memorysetup-profiler-bucket-allocator-block-count=8"
    "memorysetup-profiler-allocator-block-size=16777216"
    "memorysetup-profiler-editor-allocator-block-size=1048576"
    "memorysetup-temp-allocator-size-main=16777216"
    "memorysetup-job-temp-allocator-block-size=2097152"
    "memorysetup-job-temp-allocator-block-size-background=1048576"
    "memorysetup-job-temp-allocator-reduction-small-platforms=262144"
    "memorysetup-temp-allocator-size-background-worker=32768"
    "memorysetup-temp-allocator-size-job-worker=262144"
    "memorysetup-temp-allocator-size-preload-manager=33554432"
    "memorysetup-temp-allocator-size-nav-mesh-worker=65536"
    "memorysetup-temp-allocator-size-audio-worker=65536"
    "memorysetup-temp-allocator-size-cloud-worker=32768"
    "memorysetup-temp-allocator-size-gi-baking-worker=262144"
    "memorysetup-temp-allocator-size-gfx=262144"
Refreshing native plugins compatible for Editor in 135.03 ms, found 4 plugins.
Preloading 0 native plugins for Editor in 0.00 ms.
Initialize engine version: 2021.3.1f1 (3b70a0754835)
[Subsystems] Discovering subsystems at path C:/Program Files/Unity/Hub/Editor/2021.3.1f1/Editor/Data/Resources/UnitySubsystems
[Subsystems] Discovering subsystems at path C:/Users/eduar/OneDrive/Desktop/Unity Projects/Retitled-Dice-Game/Assets
GfxDevice: creating device client; threaded=0; jobified=0
Direct3D:
    Version:  Direct3D 11.0 [level 11.1]
    Renderer: NVIDIA GeForce GTX 1060 6GB (ID=0x1c03)
    Vendor:   NVIDIA
    VRAM:     6043 MB
    Driver:   31.0.15.3623
Initialize mono
Mono path[0] = 'C:/Program Files/Unity/Hub/Editor/2021.3.1f1/Editor/Data/Managed'
Mono path[1] = 'C:/Program Files/Unity/Hub/Editor/2021.3.1f1/Editor/Data/MonoBleedingEdge/lib/mono/unityjit-win32'
Mono config path = 'C:/Program Files/Unity/Hub/Editor/2021.3.1f1/Editor/Data/MonoBleedingEdge/etc'
Using monoOptions --debugger-agent=transport=dt_socket,embedding=1,server=y,suspend=n,address=127.0.0.1:56984
Begin MonoManager ReloadAssembly
Registering precompiled unity dll's ...
Register platform support module: C:/Program Files/Unity/Hub/Editor/2021.3.1f1/Editor/Data/PlaybackEngines/WebGLSupport/UnityEditor.WebGL.Extensions.dll
Register platform support module: C:/Program Files/Unity/Hub/Editor/2021.3.1f1/Editor/Data/PlaybackEngines/MacStandaloneSupport/UnityEditor.OSXStandalone.Extensions.dll
Register platform support module: C:/Program Files/Unity/Hub/Editor/2021.3.1f1/Editor/Data/PlaybackEngines/WindowsStandaloneSupport/UnityEditor.WindowsStandalone.Extensions.dll
Registered in 0.007110 seconds.
Native extension for WindowsStandalone target not found
Native extension for OSXStandalone target not found
Native extension for WebGL target not found
Refreshing native plugins compatible for Editor in 133.05 ms, found 4 plugins.
Preloading 0 native plugins for Editor in 0.00 ms.
Mono: successfully reloaded assembly
- Completed reload, in  1.071 seconds
Domain Reload Profiling:
	ReloadAssembly (1071ms)
		BeginReloadAssembly (73ms)
			ExecutionOrderSort (0ms)
			DisableScriptedObjects (0ms)
			BackupInstance (0ms)
			ReleaseScriptingObjects (0ms)
			CreateAndSetChildDomain (1ms)
		EndReloadAssembly (729ms)
			LoadAssemblies (71ms)
			RebuildTransferFunctionScriptingTraits (0ms)
			SetupTypeCache (293ms)
			ReleaseScriptCaches (0ms)
			RebuildScriptCaches (31ms)
			SetupLoadedEditorAssemblies (351ms)
				LogAssemblyErrors (0ms)
				InitializePlatformSupportModulesInManaged (11ms)
				SetLoadedEditorAssemblies (0ms)
				RefreshPlugins (133ms)
				BeforeProcessingInitializeOnLoad (1ms)
				ProcessInitializeOnLoadAttributes (151ms)
				ProcessInitializeOnLoadMethodAttributes (54ms)
				AfterProcessingInitializeOnLoad (0ms)
				EditorAssembliesLoaded (0ms)
			ExecutionOrderSort2 (0ms)
			AwakeInstancesAfterBackupRestoration (0ms)
Platform modules already initialized, skipping
Registering precompiled user dll's ...
Registered in 0.009895 seconds.
Begin MonoManager ReloadAssembly
Symbol file LoadedFromMemory doesn't match image C:\Users\eduar\OneDrive\Desktop\Unity Projects\Retitled-Dice-Game\Library\PackageCache\com.unity.visualscripting@1.7.8\Editor\VisualScripting.Core\Dependencies\YamlDotNet\Unity.VisualScripting.YamlDotNet.dll
Symbol file LoadedFromMemory is not a mono symbol file
Symbol file LoadedFromMemory doesn't match image C:\Users\eduar\OneDrive\Desktop\Unity Projects\Retitled-Dice-Game\Library\PackageCache\com.unity.visualscripting@1.7.8\Editor\VisualScripting.Core\Dependencies\DotNetZip\Unity.VisualScripting.IonicZip.dll
Native extension for WindowsStandalone target not found
Native extension for OSXStandalone target not found
Native extension for WebGL target not found
Refreshing native plugins compatible for Editor in 131.78 ms, found 4 plugins.
Preloading 0 native plugins for Editor in 0.00 ms.
Mono: successfully reloaded assembly
- Completed reload, in  1.618 seconds
Domain Reload Profiling:
	ReloadAssembly (1619ms)
		BeginReloadAssembly (113ms)
			ExecutionOrderSort (0ms)
			DisableScriptedObjects (6ms)
			BackupInstance (0ms)
			ReleaseScriptingObjects (0ms)
			CreateAndSetChildDomain (20ms)
		EndReloadAssembly (1383ms)
			LoadAssemblies (138ms)
			RebuildTransferFunctionScriptingTraits (0ms)
			SetupTypeCache (351ms)
			ReleaseScriptCaches (1ms)
			RebuildScriptCaches (80ms)
			SetupLoadedEditorAssemblies (751ms)
				LogAssemblyErrors (0ms)
				InitializePlatformSupportModulesInManaged (9ms)
				SetLoadedEditorAssemblies (0ms)
				RefreshPlugins (132ms)
				BeforeProcessingInitializeOnLoad (117ms)
				ProcessInitializeOnLoadAttributes (372ms)
				ProcessInitializeOnLoadMethodAttributes (114ms)
				AfterProcessingInitializeOnLoad (8ms)
				EditorAssembliesLoaded (0ms)
			ExecutionOrderSort2 (0ms)
			AwakeInstancesAfterBackupRestoration (7ms)
Platform modules already initialized, skipping
========================================================================
Worker process is ready to serve import requests
Launched and connected shader compiler UnityShaderCompiler.exe after 0.11 seconds
Refreshing native plugins compatible for Editor in 1.20 ms, found 4 plugins.
Preloading 0 native plugins for Editor in 0.00 ms.
Unloading 5448 Unused Serialized files (Serialized files now loaded: 0)
Unloading 45 unused Assets / (0.6 MB). Loaded Objects now: 5904.
Memory consumption went from 211.8 MB to 211.2 MB.
Total: 4.600500 ms (FindLiveObjects: 0.483900 ms CreateObjectMapping: 0.487500 ms MarkObjects: 3.315400 ms  DeleteObjects: 0.312400 ms)

AssetImportParameters requested are different than current active one (requested -> active):
  custom:video-decoder-ogg-theora: a1e56fd34408186e4bbccfd4996cb3dc -> 
  custom:container-muxer-webm: aa71ff27fc2769a1b78a27578f13a17b -> 
  custom:container-demuxer-webm: 4f35f7cbe854078d1ac9338744f61a02 -> 
  custom:video-encoder-webm-vp8: eb34c28f22e8b96e1ab97ce403110664 -> 
  custom:audio-encoder-webm-vorbis: bf7c407c2cedff20999df2af8eb42d56 -> 
  custom:framework-win-MediaFoundation: 216162199b28c13a410421893ffa2e32 -> 
  custom:container-demuxer-ogg: 62fdf1f143b41e24485cea50d1cbac27 -> 
  custom:video-decoder-webm-vp8: 9c59270c3fd7afecdb556c50c9e8de78 -> 
  custom:audio-decoder-ogg-vorbis: bf7c407c2cedff20999df2af8eb42d56 -> 
========================================================================
Received Prepare
Registering precompiled user dll's ...
Registered in 0.009281 seconds.
Begin MonoManager ReloadAssembly
Symbol file LoadedFromMemory doesn't match image C:\Users\eduar\OneDrive\Desktop\Unity Projects\Retitled-Dice-Game\Library\PackageCache\com.unity.visualscripting@1.7.8\Editor\VisualScripting.Core\Dependencies\YamlDotNet\Unity.VisualScripting.YamlDotNet.dll
Symbol file LoadedFromMemory is not a mono symbol file
Symbol file LoadedFromMemory doesn't match image C:\Users\eduar\OneDrive\Desktop\Unity Projects\Retitled-Dice-Game\Library\PackageCache\com.unity.visualscripting@1.7.8\Editor\VisualScripting.Core\Dependencies\DotNetZip\Unity.VisualScripting.IonicZip.dll
Native extension for WindowsStandalone target not found
Native extension for OSXStandalone target not found
Native extension for WebGL target not found
Refreshing native plugins compatible for Editor in 1.29 ms, found 4 plugins.
Preloading 0 native plugins for Editor in 0.00 ms.
Mono: successfully reloaded assembly
- Completed reload, in  1.281 seconds
Domain Reload Profiling:
	ReloadAssembly (1282ms)
		BeginReloadAssembly (130ms)
			ExecutionOrderSort (0ms)
			DisableScriptedObjects (7ms)
			BackupInstance (0ms)
			ReleaseScriptingObjects (0ms)
			CreateAndSetChildDomain (40ms)
		EndReloadAssembly (1052ms)
			LoadAssemblies (101ms)
			RebuildTransferFunctionScriptingTraits (0ms)
			SetupTypeCache (321ms)
			ReleaseScriptCaches (2ms)
			RebuildScriptCaches (60ms)
			SetupLoadedEditorAssemblies (497ms)
				LogAssemblyErrors (0ms)
				InitializePlatformSupportModulesInManaged (18ms)
				SetLoadedEditorAssemblies (1ms)
				RefreshPlugins (1ms)
				BeforeProcessingInitializeOnLoad (94ms)
				ProcessInitializeOnLoadAttributes (268ms)
				ProcessInitializeOnLoadMethodAttributes (106ms)
				AfterProcessingInitializeOnLoad (9ms)
				EditorAssembliesLoaded (0ms)
			ExecutionOrderSort2 (0ms)
			AwakeInstancesAfterBackupRestoration (10ms)
Platform modules already initialized, skipping
Refreshing native plugins compatible for Editor in 4.86 ms, found 4 plugins.
Preloading 0 native plugins for Editor in 0.00 ms.
Unloading 5357 Unused Serialized files (Serialized files now loaded: 0)
Unloading 33 unused Assets / (0.6 MB). Loaded Objects now: 5907.
Memory consumption went from 205.9 MB to 205.4 MB.
Total: 4.138200 ms (FindLiveObjects: 0.436800 ms CreateObjectMapping: 0.364700 ms MarkObjects: 2.995000 ms  DeleteObjects: 0.340600 ms)

AssetImportParameters requested are different than current active one (requested -> active):
  custom:video-decoder-ogg-theora: a1e56fd34408186e4bbccfd4996cb3dc -> 
  custom:container-muxer-webm: aa71ff27fc2769a1b78a27578f13a17b -> 
  custom:container-demuxer-webm: 4f35f7cbe854078d1ac9338744f61a02 -> 
  custom:video-encoder-webm-vp8: eb34c28f22e8b96e1ab97ce403110664 -> 
  custom:audio-encoder-webm-vorbis: bf7c407c2cedff20999df2af8eb42d56 -> 
  custom:framework-win-MediaFoundation: 216162199b28c13a410421893ffa2e32 -> 
  custom:container-demuxer-ogg: 62fdf1f143b41e24485cea50d1cbac27 -> 
  custom:video-decoder-webm-vp8: 9c59270c3fd7afecdb556c50c9e8de78 -> 
  custom:audio-decoder-ogg-vorbis: bf7c407c2cedff20999df2af8eb42d56 -> 
========================================================================
Received Prepare
Registering precompiled user dll's ...
Registered in 0.009230 seconds.
Begin MonoManager ReloadAssembly
Symbol file LoadedFromMemory doesn't match image C:\Users\eduar\OneDrive\Desktop\Unity Projects\Retitled-Dice-Game\Library\PackageCache\com.unity.visualscripting@1.7.8\Editor\VisualScripting.Core\Dependencies\YamlDotNet\Unity.VisualScripting.YamlDotNet.dll
Symbol file LoadedFromMemory is not a mono symbol file
Symbol file LoadedFromMemory doesn't match image C:\Users\eduar\OneDrive\Desktop\Unity Projects\Retitled-Dice-Game\Library\PackageCache\com.unity.visualscripting@1.7.8\Editor\VisualScripting.Core\Dependencies\DotNetZip\Unity.VisualScripting.IonicZip.dll
Native extension for WindowsStandalone target not found
Native extension for OSXStandalone target not found
Native extension for WebGL target not found
Refreshing native plugins compatible for Editor in 1.15 ms, found 4 plugins.
Preloading 0 native plugins for Editor in 0.00 ms.
Mono: successfully reloaded assembly
- Completed reload, in  1.279 seconds
Domain Reload Profiling:
	ReloadAssembly (1279ms)
		BeginReloadAssembly (148ms)
			ExecutionOrderSort (0ms)
			DisableScriptedObjects (8ms)
			BackupInstance (0ms)
			ReleaseScriptingObjects (0ms)
			CreateAndSetChildDomain (46ms)
		EndReloadAssembly (1017ms)
			LoadAssemblies (113ms)
			RebuildTransferFunctionScriptingTraits (0ms)
			SetupTypeCache (301ms)
			ReleaseScriptCaches (2ms)
			RebuildScriptCaches (58ms)
			SetupLoadedEditorAssemblies (494ms)
				LogAssemblyErrors (0ms)
				InitializePlatformSupportModulesInManaged (18ms)
				SetLoadedEditorAssemblies (1ms)
				RefreshPlugins (1ms)
				BeforeProcessingInitializeOnLoad (98ms)
				ProcessInitializeOnLoadAttributes (268ms)
				ProcessInitializeOnLoadMethodAttributes (102ms)
				AfterProcessingInitializeOnLoad (7ms)
				EditorAssembliesLoaded (0ms)
			ExecutionOrderSort2 (0ms)
			AwakeInstancesAfterBackupRestoration (10ms)
Platform modules already initialized, skipping
Refreshing native plugins compatible for Editor in 3.72 ms, found 4 plugins.
Preloading 0 native plugins for Editor in 0.00 ms.
Unloading 5357 Unused Serialized files (Serialized files now loaded: 0)
Unloading 33 unused Assets / (0.6 MB). Loaded Objects now: 5910.
Memory consumption went from 205.9 MB to 205.4 MB.
Total: 4.421400 ms (FindLiveObjects: 0.505000 ms CreateObjectMapping: 0.541000 ms MarkObjects: 3.020600 ms  DeleteObjects: 0.353700 ms)

AssetImportParameters requested are different than current active one (requested -> active):
  custom:video-decoder-ogg-theora: a1e56fd34408186e4bbccfd4996cb3dc -> 
  custom:container-muxer-webm: aa71ff27fc2769a1b78a27578f13a17b -> 
  custom:container-demuxer-webm: 4f35f7cbe854078d1ac9338744f61a02 -> 
  custom:video-encoder-webm-vp8: eb34c28f22e8b96e1ab97ce403110664 -> 
  custom:audio-encoder-webm-vorbis: bf7c407c2cedff20999df2af8eb42d56 -> 
  custom:framework-win-MediaFoundation: 216162199b28c13a410421893ffa2e32 -> 
  custom:container-demuxer-ogg: 62fdf1f143b41e24485cea50d1cbac27 -> 
  custom:video-decoder-webm-vp8: 9c59270c3fd7afecdb556c50c9e8de78 -> 
  custom:audio-decoder-ogg-vorbis: bf7c407c2cedff20999df2af8eb42d56 -> 
========================================================================
Received Prepare
Registering precompiled user dll's ...
Registered in 0.008839 seconds.
Begin MonoManager ReloadAssembly
Symbol file LoadedFromMemory doesn't match image C:\Users\eduar\OneDrive\Desktop\Unity Projects\Retitled-Dice-Game\Library\PackageCache\com.unity.visualscripting@1.7.8\Editor\VisualScripting.Core\Dependencies\YamlDotNet\Unity.VisualScripting.YamlDotNet.dll
Symbol file LoadedFromMemory is not a mono symbol file
Symbol file LoadedFromMemory doesn't match image C:\Users\eduar\OneDrive\Desktop\Unity Projects\Retitled-Dice-Game\Library\PackageCache\com.unity.visualscripting@1.7.8\Editor\VisualScripting.Core\Dependencies\DotNetZip\Unity.VisualScripting.IonicZip.dll
Native extension for WindowsStandalone target not found
Native extension for OSXStandalone target not found
Native extension for WebGL target not found
Refreshing native plugins compatible for Editor in 1.34 ms, found 4 plugins.
Preloading 0 native plugins for Editor in 0.00 ms.
Mono: successfully reloaded assembly
- Completed reload, in  1.308 seconds
Domain Reload Profiling:
	ReloadAssembly (1309ms)
		BeginReloadAssembly (149ms)
			ExecutionOrderSort (0ms)
			DisableScriptedObjects (8ms)
			BackupInstance (0ms)
			ReleaseScriptingObjects (0ms)
			CreateAndSetChildDomain (43ms)
		EndReloadAssembly (1038ms)
			LoadAssemblies (122ms)
			RebuildTransferFunctionScriptingTraits (0ms)
			SetupTypeCache (306ms)
			ReleaseScriptCaches (2ms)
			RebuildScriptCaches (60ms)
			SetupLoadedEditorAssemblies (504ms)
				LogAssemblyErrors (0ms)
				InitializePlatformSupportModulesInManaged (18ms)
				SetLoadedEditorAssemblies (1ms)
				RefreshPlugins (1ms)
				BeforeProcessingInitializeOnLoad (102ms)
				ProcessInitializeOnLoadAttributes (273ms)
				ProcessInitializeOnLoadMethodAttributes (102ms)
				AfterProcessingInitializeOnLoad (7ms)
				EditorAssembliesLoaded (0ms)
			ExecutionOrderSort2 (0ms)
			AwakeInstancesAfterBackupRestoration (10ms)
Platform modules already initialized, skipping
Refreshing native plugins compatible for Editor in 4.08 ms, found 4 plugins.
Preloading 0 native plugins for Editor in 0.00 ms.
Unloading 5357 Unused Serialized files (Serialized files now loaded: 0)
Unloading 33 unused Assets / (0.6 MB). Loaded Objects now: 5913.
Memory consumption went from 206.0 MB to 205.4 MB.
Total: 5.741000 ms (FindLiveObjects: 0.489300 ms CreateObjectMapping: 0.573300 ms MarkObjects: 4.257000 ms  DeleteObjects: 0.420200 ms)

AssetImportParameters requested are different than current active one (requested -> active):
  custom:video-decoder-ogg-theora: a1e56fd34408186e4bbccfd4996cb3dc -> 
  custom:container-muxer-webm: aa71ff27fc2769a1b78a27578f13a17b -> 
  custom:container-demuxer-webm: 4f35f7cbe854078d1ac9338744f61a02 -> 
  custom:video-encoder-webm-vp8: eb34c28f22e8b96e1ab97ce403110664 -> 
  custom:audio-encoder-webm-vorbis: bf7c407c2cedff20999df2af8eb42d56 -> 
  custom:framework-win-MediaFoundation: 216162199b28c13a410421893ffa2e32 -> 
  custom:container-demuxer-ogg: 62fdf1f143b41e24485cea50d1cbac27 -> 
  custom:video-decoder-webm-vp8: 9c59270c3fd7afecdb556c50c9e8de78 -> 
  custom:audio-decoder-ogg-vorbis: bf7c407c2cedff20999df2af8eb42d56 -> 
========================================================================
Received Import Request.
  Time since last request: 2028854.605280 seconds.
  path: Assets/Sprites/Dungeon Crawlers Sprites/tiles/wall/door_fullyopen.png
  artifactKey: Guid(d012519a31482d54d85665fb4f078a07) Importer(815301076,1909f56bfc062723c751e8b465ee728b)
Start importing Assets/Sprites/Dungeon Crawlers Sprites/tiles/wall/door_fullyopen.png using Guid(d012519a31482d54d85665fb4f078a07) Importer(815301076,1909f56bfc062723c751e8b465ee728b)  -> (artifact id: '2d0b5a9c0a9c55ab6fb742324ce8b90f') in 0.141078 seconds 
========================================================================
Received Import Request.
  Time since last request: 0.000030 seconds.
  path: Assets/Sprites/Dungeon Crawlers Sprites/tiles/wall/wall_bottom_left.png
  artifactKey: Guid(d019b0488e245584f8d56515c2ab280f) Importer(815301076,1909f56bfc062723c751e8b465ee728b)
Start importing Assets/Sprites/Dungeon Crawlers Sprites/tiles/wall/wall_bottom_left.png using Guid(d019b0488e245584f8d56515c2ab280f) Importer(815301076,1909f56bfc062723c751e8b465ee728b)  -> (artifact id: 'be10f22dc559913fa149aff4c8d65592') in 0.034080 seconds 
========================================================================
Received Import Request.
  Time since last request: 0.000041 seconds.
  path: Assets/Sprites/Dungeon Crawlers Sprites/tiles/wall/wall_top_inner_right_2.png
  artifactKey: Guid(a990b1d0842576242a686b1b9bd465d8) Importer(815301076,1909f56bfc062723c751e8b465ee728b)
Start importing Assets/Sprites/Dungeon Crawlers Sprites/tiles/wall/wall_top_inner_right_2.png using Guid(a990b1d0842576242a686b1b9bd465d8) Importer(815301076,1909f56bfc062723c751e8b465ee728b)  -> (artifact id: '38e8c3c3e0d77501c9d9d7ec094be038') in 0.035814 seconds 
========================================================================
Received Import Request.
  Time since last request: 0.000021 seconds.
  path: Assets/Sprites/Dungeon Crawlers Sprites/tiles/wall/wall_bottom_right.png
  artifactKey: Guid(03a959c15287c444c93983b7ec845286) Importer(815301076,1909f56bfc062723c751e8b465ee728b)
Start importing Assets/Sprites/Dungeon Crawlers Sprites/tiles/wall/wall_bottom_right.png using Guid(03a959c15287c444c93983b7ec845286) Importer(815301076,1909f56bfc062723c751e8b465ee728b)  -> (artifact id: '3de63c2a4cacfec30a4568ba7df6d2d9') in 0.033452 seconds 
========================================================================
Received Import Request.
  Time since last request: 0.000029 seconds.
  path: Assets/Sprites/Dungeon Crawlers Sprites/tiles/wall/wall_side_right.png
  artifactKey: Guid(275d0c68d55ae1d43b3f1ff0a70dc2f8) Importer(815301076,1909f56bfc062723c751e8b465ee728b)
Start importing Assets/Sprites/Dungeon Crawlers Sprites/tiles/wall/wall_side_right.png using Guid(275d0c68d55ae1d43b3f1ff0a70dc2f8) Importer(815301076,1909f56bfc062723c751e8b465ee728b)  -> (artifact id: '039d241f7fe2d668565af070a49e7a98') in 0.035677 seconds 
========================================================================
Received Import Request.
  Time since last request: 0.000020 seconds.
  path: Assets/Sprites/Dungeon Crawlers Sprites/tiles/wall/wall_1.png
  artifactKey: Guid(97b659d00cb18e347aabb358063071e1) Importer(815301076,1909f56bfc062723c751e8b465ee728b)
Start importing Assets/Sprites/Dungeon Crawlers Sprites/tiles/wall/wall_1.png using Guid(97b659d00cb18e347aabb358063071e1) Importer(815301076,1909f56bfc062723c751e8b465ee728b)  -> (artifact id: 'e68b92bfc15653726f7aa8d27c3a5e22') in 0.035130 seconds 
========================================================================
Received Import Request.
  Time since last request: 0.000023 seconds.
  path: Assets/Sprites/Dungeon Crawlers Sprites/tiles/wall/wall_top_1.png
  artifactKey: Guid(45469736f872add439064f5456e5db01) Importer(815301076,1909f56bfc062723c751e8b465ee728b)
Start importing Assets/Sprites/Dungeon Crawlers Sprites/tiles/wall/wall_top_1.png using Guid(45469736f872add439064f5456e5db01) Importer(815301076,1909f56bfc062723c751e8b465ee728b)  -> (artifact id: '616b7b55575f63d37d9c3835091f6ed6') in 0.032262 seconds 
========================================================================
Received Import Request.
  Time since last request: 0.000026 seconds.
  path: Assets/Sprites/Dungeon Crawlers Sprites/tiles/wall/wall_bottom_inner_left.png
  artifactKey: Guid(74c4a32c53c0e15459612f175fb6d3ce) Importer(815301076,1909f56bfc062723c751e8b465ee728b)
Start importing Assets/Sprites/Dungeon Crawlers Sprites/tiles/wall/wall_bottom_inner_left.png using Guid(74c4a32c53c0e15459612f175fb6d3ce) Importer(815301076,1909f56bfc062723c751e8b465ee728b)  -> (artifact id: '9a7c2a8ca122ba2d7dc51da2e7cac04c') in 0.035252 seconds 
========================================================================
Received Import Request.
  Time since last request: 0.000029 seconds.
  path: Assets/Sprites/Dungeon Crawlers Sprites/tiles/wall/wall_top_inner_right.png
  artifactKey: Guid(00da5a23a701021478c3f7de5b5c6be2) Importer(815301076,1909f56bfc062723c751e8b465ee728b)
Start importing Assets/Sprites/Dungeon Crawlers Sprites/tiles/wall/wall_top_inner_right.png using Guid(00da5a23a701021478c3f7de5b5c6be2) Importer(815301076,1909f56bfc062723c751e8b465ee728b)  -> (artifact id: 'd49826d42a30f68e8c25cfceedce8726') in 0.034060 seconds 
========================================================================
Received Import Request.
  Time since last request: 0.000021 seconds.
  path: Assets/Sprites/Dungeon Crawlers Sprites/tiles/wall/wall_top_right.png
  artifactKey: Guid(ebaa897628bc0ed44aa4e756347f00f4) Importer(815301076,1909f56bfc062723c751e8b465ee728b)
Start importing Assets/Sprites/Dungeon Crawlers Sprites/tiles/wall/wall_top_right.png using Guid(ebaa897628bc0ed44aa4e756347f00f4) Importer(815301076,1909f56bfc062723c751e8b465ee728b)  -> (artifact id: '869299c0fdcce36f7bf06000048a3374') in 0.035819 seconds 
========================================================================
Received Import Request.
  Time since last request: 0.000030 seconds.
  path: Assets/Sprites/Dungeon Crawlers Sprites/tiles/wall/wall_arch_left.png
  artifactKey: Guid(5626cb7cace42644685ae7ada6c67307) Importer(815301076,1909f56bfc062723c751e8b465ee728b)
Start importing Assets/Sprites/Dungeon Crawlers Sprites/tiles/wall/wall_arch_left.png using Guid(5626cb7cace42644685ae7ada6c67307) Importer(815301076,1909f56bfc062723c751e8b465ee728b)  -> (artifact id: 'efdb94bf0677e6ccd80683f039c42ae7') in 0.033777 seconds 
========================================================================
Received Import Request.
  Time since last request: 1.763635 seconds.
  path: Assets/Sprites/Dungeon Crawlers Sprites/tiles/floor/floor_1.png
  artifactKey: Guid(d5680996c6c93af4ab86c1f50052aae7) Importer(815301076,1909f56bfc062723c751e8b465ee728b)
Start importing Assets/Sprites/Dungeon Crawlers Sprites/tiles/floor/floor_1.png using Guid(d5680996c6c93af4ab86c1f50052aae7) Importer(815301076,1909f56bfc062723c751e8b465ee728b)  -> (artifact id: '5bea832e1d302b4ca0c2753f2fe39681') in 0.034299 seconds 
========================================================================
Received Import Request.
  Time since last request: 0.000020 seconds.
  path: Assets/Sprites/Dungeon Crawlers Sprites/tiles/floor/floor_side5.png
  artifactKey: Guid(a65d86c2c90603b449e972311abc70b2) Importer(815301076,1909f56bfc062723c751e8b465ee728b)
Start importing Assets/Sprites/Dungeon Crawlers Sprites/tiles/floor/floor_side5.png using Guid(a65d86c2c90603b449e972311abc70b2) Importer(815301076,1909f56bfc062723c751e8b465ee728b)  -> (artifact id: 'effc137619d12b9d3460d6f775166b50') in 0.030637 seconds 
========================================================================
Received Import Request.
  Time since last request: 0.000029 seconds.
  path: Assets/Sprites/Dungeon Crawlers Sprites/tiles/floor/floor_2.png
  artifactKey: Guid(497bf9f06b3529547b2c2bd5ed5e43a0) Importer(815301076,1909f56bfc062723c751e8b465ee728b)
Start importing Assets/Sprites/Dungeon Crawlers Sprites/tiles/floor/floor_2.png using Guid(497bf9f06b3529547b2c2bd5ed5e43a0) Importer(815301076,1909f56bfc062723c751e8b465ee728b)  -> (artifact id: 'c36141327c29f5b4c9b92476b020a844') in 0.033284 seconds 
========================================================================
Received Import Request.
  Time since last request: 0.000030 seconds.
  path: Assets/Sprites/Dungeon Crawlers Sprites/tiles/floor/floor_4.png
  artifactKey: Guid(2411cbccfd7000e4f8bc1ac87843da0b) Importer(815301076,1909f56bfc062723c751e8b465ee728b)
Start importing Assets/Sprites/Dungeon Crawlers Sprites/tiles/floor/floor_4.png using Guid(2411cbccfd7000e4f8bc1ac87843da0b) Importer(815301076,1909f56bfc062723c751e8b465ee728b)  -> (artifact id: 'df8a0249f07ae40e7e1037493819b40b') in 0.032693 seconds 
========================================================================
Received Import Request.
  Time since last request: 0.000045 seconds.
  path: Assets/Sprites/Dungeon Crawlers Sprites/tiles/floor/spikes_anim_f9.png
  artifactKey: Guid(9d1ae3c79590f304d9db3731f7c5e69f) Importer(815301076,1909f56bfc062723c751e8b465ee728b)
Start importing Assets/Sprites/Dungeon Crawlers Sprites/tiles/floor/spikes_anim_f9.png using Guid(9d1ae3c79590f304d9db3731f7c5e69f) Importer(815301076,1909f56bfc062723c751e8b465ee728b)  -> (artifact id: '7d10dba9bab94306433728731e4aa978') in 0.033750 seconds 
========================================================================
Received Import Request.
  Time since last request: 0.000025 seconds.
  path: Assets/Sprites/Dungeon Crawlers Sprites/tiles/floor/spikes_anim_f7.png
  artifactKey: Guid(2e6ba2a270109104ba91079e5e891041) Importer(815301076,1909f56bfc062723c751e8b465ee728b)
Start importing Assets/Sprites/Dungeon Crawlers Sprites/tiles/floor/spikes_anim_f7.png using Guid(2e6ba2a270109104ba91079e5e891041) Importer(815301076,1909f56bfc062723c751e8b465ee728b)  -> (artifact id: 'c9abd4afc33578b6f1fe610f4f977e47') in 0.031791 seconds 
========================================================================
Received Import Request.
  Time since last request: 0.000044 seconds.
  path: Assets/Sprites/Dungeon Crawlers Sprites/tiles/floor/spikes_spritesheet.png
  artifactKey: Guid(320fb73f9fae9d240b0f4449800a62cc) Importer(815301076,1909f56bfc062723c751e8b465ee728b)
Start importing Assets/Sprites/Dungeon Crawlers Sprites/tiles/floor/spikes_spritesheet.png using Guid(320fb73f9fae9d240b0f4449800a62cc) Importer(815301076,1909f56bfc062723c751e8b465ee728b)  -> (artifact id: '6b5ab9877ced0341f0b78a730a5b812b') in 0.035364 seconds 
========================================================================
Received Import Request.
  Time since last request: 0.000033 seconds.
  path: Assets/Sprites/Dungeon Crawlers Sprites/tiles/floor/floor_3.png
  artifactKey: Guid(9f1617201d9eef840be7516d1abe0ae8) Importer(815301076,1909f56bfc062723c751e8b465ee728b)
Start importing Assets/Sprites/Dungeon Crawlers Sprites/tiles/floor/floor_3.png using Guid(9f1617201d9eef840be7516d1abe0ae8) Importer(815301076,1909f56bfc062723c751e8b465ee728b)  -> (artifact id: '14bfa9e872323390d123a3841505bfe9') in 0.032101 seconds 
========================================================================
Received Import Request.
  Time since last request: 0.000033 seconds.
  path: Assets/Sprites/Dungeon Crawlers Sprites/tiles/floor/floor_5.png
  artifactKey: Guid(ad0d95c0b139c00499a5bf4cd79342ac) Importer(815301076,1909f56bfc062723c751e8b465ee728b)
Start importing Assets/Sprites/Dungeon Crawlers Sprites/tiles/floor/floor_5.png using Guid(ad0d95c0b139c00499a5bf4cd79342ac) Importer(815301076,1909f56bfc062723c751e8b465ee728b)  -> (artifact id: '0f32a671191535eaeeef4587b7d7a0a0') in 0.035040 seconds 
========================================================================
Received Import Request.
  Time since last request: 0.000026 seconds.
  path: Assets/Sprites/Dungeon Crawlers Sprites/tiles/floor/floor_side_right.png
  artifactKey: Guid(e52bb4a2acb32c54795749713935c018) Importer(815301076,1909f56bfc062723c751e8b465ee728b)
Start importing Assets/Sprites/Dungeon Crawlers Sprites/tiles/floor/floor_side_right.png using Guid(e52bb4a2acb32c54795749713935c018) Importer(815301076,1909f56bfc062723c751e8b465ee728b)  -> (artifact id: '6e8c615c92855299a03426bded767e8a') in 0.030682 seconds 
========================================================================
Received Import Request.
  Time since last request: 0.000040 seconds.
  path: Assets/Sprites/Dungeon Crawlers Sprites/tiles/floor/floor_6.png
  artifactKey: Guid(593119fefd2c4e84c94268544a7fac14) Importer(815301076,1909f56bfc062723c751e8b465ee728b)
Start importing Assets/Sprites/Dungeon Crawlers Sprites/tiles/floor/floor_6.png using Guid(593119fefd2c4e84c94268544a7fac14) Importer(815301076,1909f56bfc062723c751e8b465ee728b)  -> (artifact id: '6c84141ca477244252cd335fdad687c5') in 0.035060 seconds 
========================================================================
Received Import Request.
  Time since last request: 0.000024 seconds.
  path: Assets/Sprites/Dungeon Crawlers Sprites/tiles/floor/floor_side_left.png
  artifactKey: Guid(2459b048c361a2b46a24775f76fb8d1f) Importer(815301076,1909f56bfc062723c751e8b465ee728b)
Start importing Assets/Sprites/Dungeon Crawlers Sprites/tiles/floor/floor_side_left.png using Guid(2459b048c361a2b46a24775f76fb8d1f) Importer(815301076,1909f56bfc062723c751e8b465ee728b)  -> (artifact id: 'c0f24cf122f58fb6f9e31c0ffe7a81f1') in 0.032433 seconds 
========================================================================
Received Import Request.
  Time since last request: 23.087957 seconds.
  path: Assets/Sprites/Dungeon Crawlers Sprites/props_itens/bomb_anim_f1.png
  artifactKey: Guid(568f2d126f70c02459a84ef882299369) Importer(815301076,1909f56bfc062723c751e8b465ee728b)
Start importing Assets/Sprites/Dungeon Crawlers Sprites/props_itens/bomb_anim_f1.png using Guid(568f2d126f70c02459a84ef882299369) Importer(815301076,1909f56bfc062723c751e8b465ee728b)  -> (artifact id: 'e3b74c8a34ea05a1636ce104cdb202d4') in 0.036587 seconds 
========================================================================
Received Import Request.
  Time since last request: 0.000039 seconds.
  path: Assets/Sprites/Dungeon Crawlers Sprites/props_itens/chest_closed_anim_f5.png
  artifactKey: Guid(4f01c9e6816336b45aea52da39b2c000) Importer(815301076,1909f56bfc062723c751e8b465ee728b)
Start importing Assets/Sprites/Dungeon Crawlers Sprites/props_itens/chest_closed_anim_f5.png using Guid(4f01c9e6816336b45aea52da39b2c000) Importer(815301076,1909f56bfc062723c751e8b465ee728b)  -> (artifact id: '6f24723ad23dba36df93bbd07793d2a3') in 0.035668 seconds 
========================================================================
Received Import Request.
  Time since last request: 0.000021 seconds.
  path: Assets/Sprites/Dungeon Crawlers Sprites/props_itens/bomb_anim_f8.png
  artifactKey: Guid(3ef7aa0595610c244a3f9ae367e1e8d1) Importer(815301076,1909f56bfc062723c751e8b465ee728b)
Start importing Assets/Sprites/Dungeon Crawlers Sprites/props_itens/bomb_anim_f8.png using Guid(3ef7aa0595610c244a3f9ae367e1e8d1) Importer(815301076,1909f56bfc062723c751e8b465ee728b)  -> (artifact id: '84e22a2cabaa8e7b26517c045226e4e1') in 0.032350 seconds 
========================================================================
Received Import Request.
  Time since last request: 0.000028 seconds.
  path: Assets/Sprites/Dungeon Crawlers Sprites/props_itens/torch_anim_f0.png
  artifactKey: Guid(350b4da7c4fa71f4499228800900f1e3) Importer(815301076,1909f56bfc062723c751e8b465ee728b)
Start importing Assets/Sprites/Dungeon Crawlers Sprites/props_itens/torch_anim_f0.png using Guid(350b4da7c4fa71f4499228800900f1e3) Importer(815301076,1909f56bfc062723c751e8b465ee728b)  -> (artifact id: 'aadfcc8f727fa63d382989b5bff3495c') in 0.038586 seconds 
========================================================================
Received Import Request.
  Time since last request: 0.000050 seconds.
  path: Assets/Sprites/Dungeon Crawlers Sprites/props_itens/table.png
  artifactKey: Guid(1e2dc8ed89a8c6945b1ebff2fd0c6fd6) Importer(815301076,1909f56bfc062723c751e8b465ee728b)
Start importing Assets/Sprites/Dungeon Crawlers Sprites/props_itens/table.png using Guid(1e2dc8ed89a8c6945b1ebff2fd0c6fd6) Importer(815301076,1909f56bfc062723c751e8b465ee728b)  -> (artifact id: 'dd490c94d874fa1905a35d8af222dbe5') in 0.032159 seconds 
========================================================================
Received Import Request.
  Time since last request: 0.000035 seconds.
  path: Assets/Sprites/Dungeon Crawlers Sprites/props_itens/chest_closed_anim_f0.png
  artifactKey: Guid(30b8aa3eb4455484095b4c0793e57a24) Importer(815301076,1909f56bfc062723c751e8b465ee728b)
Start importing Assets/Sprites/Dungeon Crawlers Sprites/props_itens/chest_closed_anim_f0.png using Guid(30b8aa3eb4455484095b4c0793e57a24) Importer(815301076,1909f56bfc062723c751e8b465ee728b)  -> (artifact id: '573b60b9a8225286b5b1026bed528a85') in 0.035277 seconds 
========================================================================
Received Import Request.
  Time since last request: 0.000026 seconds.
  path: Assets/Sprites/Dungeon Crawlers Sprites/props_itens/torch_anim_f4.png
  artifactKey: Guid(e47476c5aa7b1bc4daad33cd70f675af) Importer(815301076,1909f56bfc062723c751e8b465ee728b)
Start importing Assets/Sprites/Dungeon Crawlers Sprites/props_itens/torch_anim_f4.png using Guid(e47476c5aa7b1bc4daad33cd70f675af) Importer(815301076,1909f56bfc062723c751e8b465ee728b)  -> (artifact id: '0d8398efd9e7c14d0978db1528fa1df8') in 0.032714 seconds 
========================================================================
Received Import Request.
  Time since last request: 0.000020 seconds.
  path: Assets/Sprites/Dungeon Crawlers Sprites/props_itens/bomb_anim_f6.png
  artifactKey: Guid(e0235236ee07ac4468341dfdf6262fea) Importer(815301076,1909f56bfc062723c751e8b465ee728b)
Start importing Assets/Sprites/Dungeon Crawlers Sprites/props_itens/bomb_anim_f6.png using Guid(e0235236ee07ac4468341dfdf6262fea) Importer(815301076,1909f56bfc062723c751e8b465ee728b)  -> (artifact id: '7c62e42c3dac9c3dff5ee8c7ace71aab') in 0.035833 seconds 
========================================================================
Received Import Request.
  Time since last request: 0.000021 seconds.
  path: Assets/Sprites/Dungeon Crawlers Sprites/props_itens/bomb_anim_f7.png
  artifactKey: Guid(034589f32724e0341bbf3763cb15eb08) Importer(815301076,1909f56bfc062723c751e8b465ee728b)
Start importing Assets/Sprites/Dungeon Crawlers Sprites/props_itens/bomb_anim_f7.png using Guid(034589f32724e0341bbf3763cb15eb08) Importer(815301076,1909f56bfc062723c751e8b465ee728b)  -> (artifact id: '904695333f1a81e91768777716ed2ad6') in 0.035752 seconds 
========================================================================
Received Import Request.
  Time since last request: 0.000022 seconds.
  path: Assets/Sprites/Dungeon Crawlers Sprites/props_itens/bomb_anim_f5.png
  artifactKey: Guid(fec90e397bbd2054e82120dee050a51f) Importer(815301076,1909f56bfc062723c751e8b465ee728b)
Start importing Assets/Sprites/Dungeon Crawlers Sprites/props_itens/bomb_anim_f5.png using Guid(fec90e397bbd2054e82120dee050a51f) Importer(815301076,1909f56bfc062723c751e8b465ee728b)  -> (artifact id: '248f13eab7092a23751b7a2457ef6379') in 0.037509 seconds 
========================================================================
Received Import Request.
  Time since last request: 0.000023 seconds.
  path: Assets/Sprites/Dungeon Crawlers Sprites/props_itens/chest_closed_anim_f4.png
  artifactKey: Guid(9b9f5bc5948384741927faeb5ee0c9b0) Importer(815301076,1909f56bfc062723c751e8b465ee728b)
Start importing Assets/Sprites/Dungeon Crawlers Sprites/props_itens/chest_closed_anim_f4.png using Guid(9b9f5bc5948384741927faeb5ee0c9b0) Importer(815301076,1909f56bfc062723c751e8b465ee728b)  -> (artifact id: 'f0d59a9328a7a78ea208d135a7e32210') in 0.033337 seconds 
========================================================================
Received Import Request.
  Time since last request: 140.036091 seconds.
  path: Assets/Sprites/Entities/Barrel/barrel.png
  artifactKey: Guid(9ff39f8c9bcec9942ad620f3e1cc8278) Importer(815301076,1909f56bfc062723c751e8b465ee728b)
Start importing Assets/Sprites/Entities/Barrel/barrel.png using Guid(9ff39f8c9bcec9942ad620f3e1cc8278) Importer(815301076,1909f56bfc062723c751e8b465ee728b)  -> (artifact id: '848c3389b0f3734d50f4c6948933c729') in 0.024104 seconds 
========================================================================
Received Import Request.
  Time since last request: 8.160679 seconds.
  path: Assets/Sprites/Entities/Barrel/barrel.png
  artifactKey: Guid(9ff39f8c9bcec9942ad620f3e1cc8278) Importer(815301076,1909f56bfc062723c751e8b465ee728b)
Start importing Assets/Sprites/Entities/Barrel/barrel.png using Guid(9ff39f8c9bcec9942ad620f3e1cc8278) Importer(815301076,1909f56bfc062723c751e8b465ee728b)  -> (artifact id: '8128c697b25462141a33951f05b51b32') in 0.021418 seconds 
========================================================================
Received Prepare
Registering precompiled user dll's ...
Registered in 0.011411 seconds.
Begin MonoManager ReloadAssembly
Symbol file LoadedFromMemory doesn't match image C:\Users\eduar\OneDrive\Desktop\Unity Projects\Retitled-Dice-Game\Library\PackageCache\com.unity.visualscripting@1.7.8\Editor\VisualScripting.Core\Dependencies\YamlDotNet\Unity.VisualScripting.YamlDotNet.dll
Symbol file LoadedFromMemory is not a mono symbol file
Symbol file LoadedFromMemory doesn't match image C:\Users\eduar\OneDrive\Desktop\Unity Projects\Retitled-Dice-Game\Library\PackageCache\com.unity.visualscripting@1.7.8\Editor\VisualScripting.Core\Dependencies\DotNetZip\Unity.VisualScripting.IonicZip.dll
Native extension for WindowsStandalone target not found
Native extension for OSXStandalone target not found
Native extension for WebGL target not found
Refreshing native plugins compatible for Editor in 1.11 ms, found 4 plugins.
Preloading 0 native plugins for Editor in 0.00 ms.
Mono: successfully reloaded assembly
- Completed reload, in  1.254 seconds
Domain Reload Profiling:
	ReloadAssembly (1254ms)
		BeginReloadAssembly (138ms)
			ExecutionOrderSort (0ms)
			DisableScriptedObjects (6ms)
			BackupInstance (0ms)
			ReleaseScriptingObjects (0ms)
			CreateAndSetChildDomain (43ms)
		EndReloadAssembly (1006ms)
			LoadAssemblies (109ms)
			RebuildTransferFunctionScriptingTraits (0ms)
			SetupTypeCache (300ms)
			ReleaseScriptCaches (2ms)
			RebuildScriptCaches (57ms)
			SetupLoadedEditorAssemblies (483ms)
				LogAssemblyErrors (0ms)
				InitializePlatformSupportModulesInManaged (17ms)
				SetLoadedEditorAssemblies (1ms)
				RefreshPlugins (1ms)
				BeforeProcessingInitializeOnLoad (96ms)
				ProcessInitializeOnLoadAttributes (260ms)
				ProcessInitializeOnLoadMethodAttributes (101ms)
				AfterProcessingInitializeOnLoad (8ms)
				EditorAssembliesLoaded (0ms)
			ExecutionOrderSort2 (0ms)
			AwakeInstancesAfterBackupRestoration (10ms)
Platform modules already initialized, skipping
Refreshing native plugins compatible for Editor in 4.52 ms, found 4 plugins.
Preloading 0 native plugins for Editor in 0.00 ms.
Unloading 5357 Unused Serialized files (Serialized files now loaded: 0)
Unloading 33 unused Assets / (0.6 MB). Loaded Objects now: 5926.
Memory consumption went from 210.1 MB to 209.5 MB.
Total: 4.821900 ms (FindLiveObjects: 0.488800 ms CreateObjectMapping: 0.494000 ms MarkObjects: 3.495200 ms  DeleteObjects: 0.342500 ms)

AssetImportParameters requested are different than current active one (requested -> active):
  custom:video-decoder-ogg-theora: a1e56fd34408186e4bbccfd4996cb3dc -> 
  custom:container-muxer-webm: aa71ff27fc2769a1b78a27578f13a17b -> 
  custom:container-demuxer-webm: 4f35f7cbe854078d1ac9338744f61a02 -> 
  custom:video-encoder-webm-vp8: eb34c28f22e8b96e1ab97ce403110664 -> 
  custom:audio-encoder-webm-vorbis: bf7c407c2cedff20999df2af8eb42d56 -> 
  custom:framework-win-MediaFoundation: 216162199b28c13a410421893ffa2e32 -> 
  custom:container-demuxer-ogg: 62fdf1f143b41e24485cea50d1cbac27 -> 
  custom:video-decoder-webm-vp8: 9c59270c3fd7afecdb556c50c9e8de78 -> 
  custom:audio-decoder-ogg-vorbis: bf7c407c2cedff20999df2af8eb42d56 -> 
========================================================================
Received Prepare
Registering precompiled user dll's ...
Registered in 0.009148 seconds.
Begin MonoManager ReloadAssembly
Symbol file LoadedFromMemory doesn't match image C:\Users\eduar\OneDrive\Desktop\Unity Projects\Retitled-Dice-Game\Library\PackageCache\com.unity.visualscripting@1.7.8\Editor\VisualScripting.Core\Dependencies\YamlDotNet\Unity.VisualScripting.YamlDotNet.dll
Symbol file LoadedFromMemory is not a mono symbol file
Symbol file LoadedFromMemory doesn't match image C:\Users\eduar\OneDrive\Desktop\Unity Projects\Retitled-Dice-Game\Library\PackageCache\com.unity.visualscripting@1.7.8\Editor\VisualScripting.Core\Dependencies\DotNetZip\Unity.VisualScripting.IonicZip.dll
Native extension for WindowsStandalone target not found
Native extension for OSXStandalone target not found
Native extension for WebGL target not found
Refreshing native plugins compatible for Editor in 1.15 ms, found 4 plugins.
Preloading 0 native plugins for Editor in 0.00 ms.
Mono: successfully reloaded assembly
- Completed reload, in  1.279 seconds
Domain Reload Profiling:
	ReloadAssembly (1279ms)
		BeginReloadAssembly (132ms)
			ExecutionOrderSort (0ms)
			DisableScriptedObjects (7ms)
			BackupInstance (0ms)
			ReleaseScriptingObjects (0ms)
			CreateAndSetChildDomain (42ms)
		EndReloadAssembly (1038ms)
			LoadAssemblies (105ms)
			RebuildTransferFunctionScriptingTraits (0ms)
			SetupTypeCache (291ms)
			ReleaseScriptCaches (2ms)
			RebuildScriptCaches (64ms)
			SetupLoadedEditorAssemblies (512ms)
				LogAssemblyErrors (0ms)
				InitializePlatformSupportModulesInManaged (18ms)
				SetLoadedEditorAssemblies (0ms)
				RefreshPlugins (1ms)
				BeforeProcessingInitializeOnLoad (99ms)
				ProcessInitializeOnLoadAttributes (284ms)
				ProcessInitializeOnLoadMethodAttributes (102ms)
				AfterProcessingInitializeOnLoad (7ms)
				EditorAssembliesLoaded (0ms)
			ExecutionOrderSort2 (0ms)
			AwakeInstancesAfterBackupRestoration (10ms)
Platform modules already initialized, skipping
Refreshing native plugins compatible for Editor in 3.73 ms, found 4 plugins.
Preloading 0 native plugins for Editor in 0.00 ms.
Unloading 5357 Unused Serialized files (Serialized files now loaded: 0)
Unloading 33 unused Assets / (0.6 MB). Loaded Objects now: 5929.
Memory consumption went from 210.1 MB to 209.5 MB.
Total: 4.257800 ms (FindLiveObjects: 0.462700 ms CreateObjectMapping: 0.453400 ms MarkObjects: 2.980000 ms  DeleteObjects: 0.360500 ms)

AssetImportParameters requested are different than current active one (requested -> active):
  custom:video-decoder-ogg-theora: a1e56fd34408186e4bbccfd4996cb3dc -> 
  custom:container-muxer-webm: aa71ff27fc2769a1b78a27578f13a17b -> 
  custom:container-demuxer-webm: 4f35f7cbe854078d1ac9338744f61a02 -> 
  custom:video-encoder-webm-vp8: eb34c28f22e8b96e1ab97ce403110664 -> 
  custom:audio-encoder-webm-vorbis: bf7c407c2cedff20999df2af8eb42d56 -> 
  custom:framework-win-MediaFoundation: 216162199b28c13a410421893ffa2e32 -> 
  custom:container-demuxer-ogg: 62fdf1f143b41e24485cea50d1cbac27 -> 
  custom:video-decoder-webm-vp8: 9c59270c3fd7afecdb556c50c9e8de78 -> 
  custom:audio-decoder-ogg-vorbis: bf7c407c2cedff20999df2af8eb42d56 -> 
========================================================================
Received Import Request.
  Time since last request: 192.510988 seconds.
  path: Assets/Sprites/Entities/Enemies/Ogre/ogre_idle_anim_f3.png
  artifactKey: Guid(a153a2413fe1edb4f824b8766b0facda) Importer(815301076,1909f56bfc062723c751e8b465ee728b)
Start importing Assets/Sprites/Entities/Enemies/Ogre/ogre_idle_anim_f3.png using Guid(a153a2413fe1edb4f824b8766b0facda) Importer(815301076,1909f56bfc062723c751e8b465ee728b)  -> (artifact id: 'd65ce03f54fc8f2a4ca9544106e83c1b') in 0.069406 seconds 
========================================================================
Received Import Request.
  Time since last request: 0.012893 seconds.
  path: Assets/Sprites/Entities/Enemies/Ogre/ogre_idle_anim_f0.png
  artifactKey: Guid(d3d73e89defd1ac4aa705c6dc0be76ab) Importer(815301076,1909f56bfc062723c751e8b465ee728b)
Start importing Assets/Sprites/Entities/Enemies/Ogre/ogre_idle_anim_f0.png using Guid(d3d73e89defd1ac4aa705c6dc0be76ab) Importer(815301076,1909f56bfc062723c751e8b465ee728b)  -> (artifact id: '42467f92ace822ecd441faf16e263b2f') in 0.026681 seconds 
========================================================================
Received Import Request.
  Time since last request: 0.000040 seconds.
  path: Assets/Sprites/Entities/Enemies/Ogre/ogre_run_anim_f2.png
  artifactKey: Guid(1da88fb56e99c8040af3aa76fe261889) Importer(815301076,1909f56bfc062723c751e8b465ee728b)
Start importing Assets/Sprites/Entities/Enemies/Ogre/ogre_run_anim_f2.png using Guid(1da88fb56e99c8040af3aa76fe261889) Importer(815301076,1909f56bfc062723c751e8b465ee728b)  -> (artifact id: 'b0146fff156e8be09dd0e56b73995d25') in 0.029204 seconds 
========================================================================
Received Import Request.
  Time since last request: 0.000030 seconds.
  path: Assets/Sprites/Entities/Enemies/Ogre/ogre_run_anim_f1.png
  artifactKey: Guid(3f7cc0e23f88ee043b0871b1b82074d6) Importer(815301076,1909f56bfc062723c751e8b465ee728b)
Start importing Assets/Sprites/Entities/Enemies/Ogre/ogre_run_anim_f1.png using Guid(3f7cc0e23f88ee043b0871b1b82074d6) Importer(815301076,1909f56bfc062723c751e8b465ee728b)  -> (artifact id: 'de67b8b97d48a8e512058f4723620c61') in 0.025340 seconds 
========================================================================
Received Import Request.
  Time since last request: 0.000027 seconds.
  path: Assets/Sprites/Entities/Enemies/Ogre/ogre_idle_anim_f2.png
  artifactKey: Guid(6cea2fbd54f6baf42a4e520ea702e3b2) Importer(815301076,1909f56bfc062723c751e8b465ee728b)
Start importing Assets/Sprites/Entities/Enemies/Ogre/ogre_idle_anim_f2.png using Guid(6cea2fbd54f6baf42a4e520ea702e3b2) Importer(815301076,1909f56bfc062723c751e8b465ee728b)  -> (artifact id: '91abd7889dd09fd3f5c662413f9c0612') in 0.027017 seconds 
========================================================================
Received Import Request.
  Time since last request: 0.000039 seconds.
  path: Assets/Sprites/Entities/Enemies/Ogre/ogre_run_anim_f3.png
  artifactKey: Guid(d32b3d2780323df44a7ee78d7e75fba5) Importer(815301076,1909f56bfc062723c751e8b465ee728b)
Start importing Assets/Sprites/Entities/Enemies/Ogre/ogre_run_anim_f3.png using Guid(d32b3d2780323df44a7ee78d7e75fba5) Importer(815301076,1909f56bfc062723c751e8b465ee728b)  -> (artifact id: '76e82a1231729320ea05db3a538fb4db') in 0.021789 seconds 
========================================================================
Received Import Request.
  Time since last request: 154.507151 seconds.
  path: Assets/Sprites/Entities/Enemies/flying creature/fly_anim_f1.png
  artifactKey: Guid(601b00f55c900584e9cd4872bf9a8466) Importer(815301076,1909f56bfc062723c751e8b465ee728b)
Start importing Assets/Sprites/Entities/Enemies/flying creature/fly_anim_f1.png using Guid(601b00f55c900584e9cd4872bf9a8466) Importer(815301076,1909f56bfc062723c751e8b465ee728b)  -> (artifact id: 'b6cbe2423a3113b0196b61b838c85382') in 0.035539 seconds 
========================================================================
Received Import Request.
  Time since last request: 0.000021 seconds.
  path: Assets/Sprites/Entities/Enemies/flying creature/fly_anim_spritesheet.png
  artifactKey: Guid(c52d9e30d25379d4086d97018d8956dd) Importer(815301076,1909f56bfc062723c751e8b465ee728b)
Start importing Assets/Sprites/Entities/Enemies/flying creature/fly_anim_spritesheet.png using Guid(c52d9e30d25379d4086d97018d8956dd) Importer(815301076,1909f56bfc062723c751e8b465ee728b)  -> (artifact id: 'eb2be7a1ac7fae29d3b370483307791d') in 0.037818 seconds 
========================================================================
Received Prepare
Registering precompiled user dll's ...
Registered in 0.009276 seconds.
Begin MonoManager ReloadAssembly
Symbol file LoadedFromMemory doesn't match image C:\Users\eduar\OneDrive\Desktop\Unity Projects\Retitled-Dice-Game\Library\PackageCache\com.unity.visualscripting@1.7.8\Editor\VisualScripting.Core\Dependencies\YamlDotNet\Unity.VisualScripting.YamlDotNet.dll
Symbol file LoadedFromMemory is not a mono symbol file
Symbol file LoadedFromMemory doesn't match image C:\Users\eduar\OneDrive\Desktop\Unity Projects\Retitled-Dice-Game\Library\PackageCache\com.unity.visualscripting@1.7.8\Editor\VisualScripting.Core\Dependencies\DotNetZip\Unity.VisualScripting.IonicZip.dll
Native extension for WindowsStandalone target not found
Native extension for OSXStandalone target not found
Native extension for WebGL target not found
Refreshing native plugins compatible for Editor in 1.25 ms, found 4 plugins.
Preloading 0 native plugins for Editor in 0.00 ms.
Mono: successfully reloaded assembly
- Completed reload, in  1.387 seconds
Domain Reload Profiling:
	ReloadAssembly (1387ms)
		BeginReloadAssembly (143ms)
			ExecutionOrderSort (0ms)
			DisableScriptedObjects (6ms)
			BackupInstance (0ms)
			ReleaseScriptingObjects (0ms)
			CreateAndSetChildDomain (43ms)
		EndReloadAssembly (1131ms)
			LoadAssemblies (122ms)
			RebuildTransferFunctionScriptingTraits (0ms)
			SetupTypeCache (341ms)
			ReleaseScriptCaches (2ms)
			RebuildScriptCaches (64ms)
			SetupLoadedEditorAssemblies (541ms)
				LogAssemblyErrors (0ms)
				InitializePlatformSupportModulesInManaged (20ms)
				SetLoadedEditorAssemblies (0ms)
				RefreshPlugins (1ms)
				BeforeProcessingInitializeOnLoad (104ms)
				ProcessInitializeOnLoadAttributes (295ms)
				ProcessInitializeOnLoadMethodAttributes (112ms)
				AfterProcessingInitializeOnLoad (8ms)
				EditorAssembliesLoaded (0ms)
			ExecutionOrderSort2 (0ms)
			AwakeInstancesAfterBackupRestoration (11ms)
Platform modules already initialized, skipping
Refreshing native plugins compatible for Editor in 2.80 ms, found 4 plugins.
Preloading 0 native plugins for Editor in 0.00 ms.
Unloading 5357 Unused Serialized files (Serialized files now loaded: 0)
Unloading 33 unused Assets / (0.6 MB). Loaded Objects now: 5934.
Memory consumption went from 210.1 MB to 209.5 MB.
Total: 3.724100 ms (FindLiveObjects: 0.428800 ms CreateObjectMapping: 0.365500 ms MarkObjects: 2.588500 ms  DeleteObjects: 0.340300 ms)

AssetImportParameters requested are different than current active one (requested -> active):
  custom:video-decoder-ogg-theora: a1e56fd34408186e4bbccfd4996cb3dc -> 
  custom:container-muxer-webm: aa71ff27fc2769a1b78a27578f13a17b -> 
  custom:container-demuxer-webm: 4f35f7cbe854078d1ac9338744f61a02 -> 
  custom:video-encoder-webm-vp8: eb34c28f22e8b96e1ab97ce403110664 -> 
  custom:audio-encoder-webm-vorbis: bf7c407c2cedff20999df2af8eb42d56 -> 
  custom:framework-win-MediaFoundation: 216162199b28c13a410421893ffa2e32 -> 
  custom:container-demuxer-ogg: 62fdf1f143b41e24485cea50d1cbac27 -> 
  custom:video-decoder-webm-vp8: 9c59270c3fd7afecdb556c50c9e8de78 -> 
  custom:audio-decoder-ogg-vorbis: bf7c407c2cedff20999df2af8eb42d56 -> 
========================================================================
Received Prepare
Registering precompiled user dll's ...
Registered in 0.009441 seconds.
Begin MonoManager ReloadAssembly
Symbol file LoadedFromMemory doesn't match image C:\Users\eduar\OneDrive\Desktop\Unity Projects\Retitled-Dice-Game\Library\PackageCache\com.unity.visualscripting@1.7.8\Editor\VisualScripting.Core\Dependencies\YamlDotNet\Unity.VisualScripting.YamlDotNet.dll
Symbol file LoadedFromMemory is not a mono symbol file
Symbol file LoadedFromMemory doesn't match image C:\Users\eduar\OneDrive\Desktop\Unity Projects\Retitled-Dice-Game\Library\PackageCache\com.unity.visualscripting@1.7.8\Editor\VisualScripting.Core\Dependencies\DotNetZip\Unity.VisualScripting.IonicZip.dll
Native extension for WindowsStandalone target not found
Native extension for OSXStandalone target not found
Native extension for WebGL target not found
Refreshing native plugins compatible for Editor in 1.07 ms, found 4 plugins.
Preloading 0 native plugins for Editor in 0.00 ms.
Mono: successfully reloaded assembly
- Completed reload, in  1.378 seconds
Domain Reload Profiling:
	ReloadAssembly (1378ms)
		BeginReloadAssembly (149ms)
			ExecutionOrderSort (0ms)
			DisableScriptedObjects (9ms)
			BackupInstance (0ms)
			ReleaseScriptingObjects (0ms)
			CreateAndSetChildDomain (44ms)
		EndReloadAssembly (1100ms)
			LoadAssemblies (123ms)
			RebuildTransferFunctionScriptingTraits (0ms)
			SetupTypeCache (324ms)
			ReleaseScriptCaches (3ms)
			RebuildScriptCaches (67ms)
			SetupLoadedEditorAssemblies (527ms)
				LogAssemblyErrors (0ms)
				InitializePlatformSupportModulesInManaged (25ms)
				SetLoadedEditorAssemblies (1ms)
				RefreshPlugins (1ms)
				BeforeProcessingInitializeOnLoad (108ms)
				ProcessInitializeOnLoadAttributes (278ms)
				ProcessInitializeOnLoadMethodAttributes (106ms)
				AfterProcessingInitializeOnLoad (8ms)
				EditorAssembliesLoaded (0ms)
			ExecutionOrderSort2 (0ms)
			AwakeInstancesAfterBackupRestoration (11ms)
Platform modules already initialized, skipping
Refreshing native plugins compatible for Editor in 4.99 ms, found 4 plugins.
Preloading 0 native plugins for Editor in 0.00 ms.
Unloading 5357 Unused Serialized files (Serialized files now loaded: 0)
Unloading 33 unused Assets / (0.6 MB). Loaded Objects now: 5937.
Memory consumption went from 210.1 MB to 209.6 MB.
Total: 4.769000 ms (FindLiveObjects: 0.538800 ms CreateObjectMapping: 0.644200 ms MarkObjects: 3.109800 ms  DeleteObjects: 0.474900 ms)

AssetImportParameters requested are different than current active one (requested -> active):
  custom:video-decoder-ogg-theora: a1e56fd34408186e4bbccfd4996cb3dc -> 
  custom:container-muxer-webm: aa71ff27fc2769a1b78a27578f13a17b -> 
  custom:container-demuxer-webm: 4f35f7cbe854078d1ac9338744f61a02 -> 
  custom:video-encoder-webm-vp8: eb34c28f22e8b96e1ab97ce403110664 -> 
  custom:audio-encoder-webm-vorbis: bf7c407c2cedff20999df2af8eb42d56 -> 
  custom:framework-win-MediaFoundation: 216162199b28c13a410421893ffa2e32 -> 
  custom:container-demuxer-ogg: 62fdf1f143b41e24485cea50d1cbac27 -> 
  custom:video-decoder-webm-vp8: 9c59270c3fd7afecdb556c50c9e8de78 -> 
  custom:audio-decoder-ogg-vorbis: bf7c407c2cedff20999df2af8eb42d56 -> 
Editor requested this worker to shutdown with reason: Scaling down because of idle timeout
AssetImportWorker is now disconnected from the server
Process exiting
Exiting without the bug reporter. Application will terminate with return code 0