Using pre-set license
Built from '2021.3/staging' branch; Version is '2021.3.1f1 (3b70a0754835) revision 3895456'; Using compiler version '192829333'; Build Type 'Release'
OS: 'Windows 11  (10.0.22621) 64bit Core' Language: 'en' Physical Memory: 16238 MB
BatchMode: 1, IsHumanControllingUs: 0, StartBugReporterOnCrash: 0, Is64bit: 1, IsPro: 1

COMMAND LINE ARGUMENTS:
C:\Program Files\Unity\Hub\Editor\2021.3.1f1\Editor\Unity.exe
-adb2
-batchMode
-noUpm
-name
AssetImportWorker8
-projectPath
C:/Users/eduar/Desktop/Unity Projects/Retitled-Dice-Game
-logFile
Logs/AssetImportWorker8.log
-srvPort
57250
Successfully changed project path to: C:/Users/eduar/Desktop/Unity Projects/Retitled-Dice-Game
C:/Users/eduar/Desktop/Unity Projects/Retitled-Dice-Game
[UnityMemory] Configuration Parameters - Can be set up in boot.config
    "memorysetup-bucket-allocator-granularity=16"
    "memorysetup-bucket-allocator-bucket-count=8"
    "memorysetup-bucket-allocator-block-size=33554432"
    "memorysetup-bucket-allocator-block-count=8"
    "memorysetup-main-allocator-block-size=16777216"
    "memorysetup-thread-allocator-block-size=16777216"
    "memorysetup-gfx-main-allocator-block-size=16777216"
    "memorysetup-gfx-thread-allocator-block-size=16777216"
    "memorysetup-cache-allocator-block-size=4194304"
    "memorysetup-typetree-allocator-block-size=2097152"
    "memorysetup-profiler-bucket-allocator-granularity=16"
    "memorysetup-profiler-bucket-allocator-bucket-count=8"
    "memorysetup-profiler-bucket-allocator-block-size=33554432"
    "memorysetup-profiler-bucket-allocator-block-count=8"
    "memorysetup-profiler-allocator-block-size=16777216"
    "memorysetup-profiler-editor-allocator-block-size=1048576"
    "memorysetup-temp-allocator-size-main=16777216"
    "memorysetup-job-temp-allocator-block-size=2097152"
    "memorysetup-job-temp-allocator-block-size-background=1048576"
    "memorysetup-job-temp-allocator-reduction-small-platforms=262144"
    "memorysetup-temp-allocator-size-background-worker=32768"
    "memorysetup-temp-allocator-size-job-worker=262144"
    "memorysetup-temp-allocator-size-preload-manager=33554432"
    "memorysetup-temp-allocator-size-nav-mesh-worker=65536"
    "memorysetup-temp-allocator-size-audio-worker=65536"
    "memorysetup-temp-allocator-size-cloud-worker=32768"
    "memorysetup-temp-allocator-size-gi-baking-worker=262144"
    "memorysetup-temp-allocator-size-gfx=262144"
Refreshing native plugins compatible for Editor in 239.57 ms, found 4 plugins.
Preloading 0 native plugins for Editor in 0.00 ms.
Initialize engine version: 2021.3.1f1 (3b70a0754835)
[Subsystems] Discovering subsystems at path C:/Program Files/Unity/Hub/Editor/2021.3.1f1/Editor/Data/Resources/UnitySubsystems
[Subsystems] Discovering subsystems at path C:/Users/eduar/Desktop/Unity Projects/Retitled-Dice-Game/Assets
GfxDevice: creating device client; threaded=0; jobified=0
Direct3D:
    Version:  Direct3D 11.0 [level 11.1]
    Renderer: Intel(R) UHD Graphics 620 (ID=0x5917)
    Vendor:   Intel
    VRAM:     8119 MB
    Driver:   27.20.100.9749
Initialize mono
Mono path[0] = 'C:/Program Files/Unity/Hub/Editor/2021.3.1f1/Editor/Data/Managed'
Mono path[1] = 'C:/Program Files/Unity/Hub/Editor/2021.3.1f1/Editor/Data/MonoBleedingEdge/lib/mono/unityjit-win32'
Mono config path = 'C:/Program Files/Unity/Hub/Editor/2021.3.1f1/Editor/Data/MonoBleedingEdge/etc'
Using monoOptions --debugger-agent=transport=dt_socket,embedding=1,server=y,suspend=n,address=127.0.0.1:56000
Begin MonoManager ReloadAssembly
Registering precompiled unity dll's ...
Register platform support module: C:/Program Files/Unity/Hub/Editor/2021.3.1f1/Editor/Data/PlaybackEngines/MacStandaloneSupport/UnityEditor.OSXStandalone.Extensions.dll
Register platform support module: C:/Program Files/Unity/Hub/Editor/2021.3.1f1/Editor/Data/PlaybackEngines/WindowsStandaloneSupport/UnityEditor.WindowsStandalone.Extensions.dll
Registered in 0.013634 seconds.
Native extension for WindowsStandalone target not found
Native extension for OSXStandalone target not found
Refreshing native plugins compatible for Editor in 198.91 ms, found 4 plugins.
Preloading 0 native plugins for Editor in 0.00 ms.
Mono: successfully reloaded assembly
- Completed reload, in  2.143 seconds
Domain Reload Profiling:
	ReloadAssembly (2145ms)
		BeginReloadAssembly (150ms)
			ExecutionOrderSort (0ms)
			DisableScriptedObjects (0ms)
			BackupInstance (0ms)
			ReleaseScriptingObjects (0ms)
			CreateAndSetChildDomain (1ms)
		EndReloadAssembly (1481ms)
			LoadAssemblies (146ms)
			RebuildTransferFunctionScriptingTraits (0ms)
			SetupTypeCache (634ms)
			ReleaseScriptCaches (0ms)
			RebuildScriptCaches (58ms)
			SetupLoadedEditorAssemblies (669ms)
				LogAssemblyErrors (0ms)
				InitializePlatformSupportModulesInManaged (21ms)
				SetLoadedEditorAssemblies (0ms)
				RefreshPlugins (199ms)
				BeforeProcessingInitializeOnLoad (3ms)
				ProcessInitializeOnLoadAttributes (325ms)
				ProcessInitializeOnLoadMethodAttributes (120ms)
				AfterProcessingInitializeOnLoad (0ms)
				EditorAssembliesLoaded (0ms)
			ExecutionOrderSort2 (0ms)
			AwakeInstancesAfterBackupRestoration (0ms)
Platform modules already initialized, skipping
Registering precompiled user dll's ...
Registered in 0.017630 seconds.
Begin MonoManager ReloadAssembly
Symbol file LoadedFromMemory doesn't match image C:\Users\eduar\Desktop\Unity Projects\Retitled-Dice-Game\Library\PackageCache\com.unity.visualscripting@1.7.8\Editor\VisualScripting.Core\Dependencies\YamlDotNet\Unity.VisualScripting.YamlDotNet.dll
Symbol file LoadedFromMemory is not a mono symbol file
Symbol file LoadedFromMemory doesn't match image C:\Users\eduar\Desktop\Unity Projects\Retitled-Dice-Game\Library\PackageCache\com.unity.visualscripting@1.7.8\Editor\VisualScripting.Core\Dependencies\DotNetZip\Unity.VisualScripting.IonicZip.dll
Native extension for WindowsStandalone target not found
Native extension for OSXStandalone target not found
Refreshing native plugins compatible for Editor in 185.14 ms, found 4 plugins.
Preloading 0 native plugins for Editor in 0.00 ms.
Mono: successfully reloaded assembly
- Completed reload, in  2.550 seconds
Domain Reload Profiling:
	ReloadAssembly (2551ms)
		BeginReloadAssembly (228ms)
			ExecutionOrderSort (0ms)
			DisableScriptedObjects (12ms)
			BackupInstance (0ms)
			ReleaseScriptingObjects (0ms)
			CreateAndSetChildDomain (39ms)
		EndReloadAssembly (2064ms)
			LoadAssemblies (197ms)
			RebuildTransferFunctionScriptingTraits (0ms)
			SetupTypeCache (510ms)
			ReleaseScriptCaches (1ms)
			RebuildScriptCaches (150ms)
			SetupLoadedEditorAssemblies (1085ms)
				LogAssemblyErrors (0ms)
				InitializePlatformSupportModulesInManaged (13ms)
				SetLoadedEditorAssemblies (0ms)
				RefreshPlugins (185ms)
				BeforeProcessingInitializeOnLoad (177ms)
				ProcessInitializeOnLoadAttributes (613ms)
				ProcessInitializeOnLoadMethodAttributes (85ms)
				AfterProcessingInitializeOnLoad (11ms)
				EditorAssembliesLoaded (0ms)
			ExecutionOrderSort2 (0ms)
			AwakeInstancesAfterBackupRestoration (17ms)
Platform modules already initialized, skipping
========================================================================
Worker process is ready to serve import requests
Launched and connected shader compiler UnityShaderCompiler.exe after 0.14 seconds
Refreshing native plugins compatible for Editor in 1.86 ms, found 4 plugins.
Preloading 0 native plugins for Editor in 0.00 ms.
Unloading 4019 Unused Serialized files (Serialized files now loaded: 0)
Unloading 34 unused Assets / (30.2 KB). Loaded Objects now: 4482.
Memory consumption went from 153.3 MB to 153.3 MB.
Total: 6.380400 ms (FindLiveObjects: 0.722100 ms CreateObjectMapping: 0.662400 ms MarkObjects: 4.941100 ms  DeleteObjects: 0.052300 ms)

AssetImportParameters requested are different than current active one (requested -> active):
  custom:video-decoder-ogg-theora: a1e56fd34408186e4bbccfd4996cb3dc -> 
  custom:container-muxer-webm: aa71ff27fc2769a1b78a27578f13a17b -> 
  custom:container-demuxer-webm: 4f35f7cbe854078d1ac9338744f61a02 -> 
  custom:video-encoder-webm-vp8: eb34c28f22e8b96e1ab97ce403110664 -> 
  custom:video-codec-MediaFoundation-h265: 746d11721c4dcdbdad8f713fa42b33f4 -> 
  custom:audio-encoder-webm-vorbis: bf7c407c2cedff20999df2af8eb42d56 -> 
  custom:framework-win-MediaFoundation: 216162199b28c13a410421893ffa2e32 -> 
  custom:container-demuxer-ogg: 62fdf1f143b41e24485cea50d1cbac27 -> 
  custom:video-decoder-webm-vp8: 9c59270c3fd7afecdb556c50c9e8de78 -> 
  custom:audio-decoder-ogg-vorbis: bf7c407c2cedff20999df2af8eb42d56 -> 
========================================================================
Received Import Request.
  Time since last request: 41950.368689 seconds.
  path: Assets/Sprites/Highlight/tile_0.png
  artifactKey: Guid(504691733cd1c134fae73d02f07ba158) Importer(815301076,1909f56bfc062723c751e8b465ee728b)
Start importing Assets/Sprites/Highlight/tile_0.png using Guid(504691733cd1c134fae73d02f07ba158) Importer(815301076,1909f56bfc062723c751e8b465ee728b)  -> (artifact id: '59289af001c3e45c78af04c0abd6fed6') in 0.268879 seconds 
========================================================================
Received Import Request.
  Time since last request: 23.028105 seconds.
  path: Assets/Scenes/Room.unity
  artifactKey: Guid(2cda990e2423bbf4892e6590ba056729) Importer(815301076,1909f56bfc062723c751e8b465ee728b)
Start importing Assets/Scenes/Room.unity using Guid(2cda990e2423bbf4892e6590ba056729) Importer(815301076,1909f56bfc062723c751e8b465ee728b)  -> (artifact id: 'fdfa5e9a3b2dcb471c8162e655256dde') in 0.012788 seconds 
========================================================================
Received Import Request.
  Time since last request: 23.384565 seconds.
  path: Assets/Tiles/Highlight Rule Tile.asset
  artifactKey: Guid(07608de4f5799c54b91052e680bf19e2) Importer(815301076,1909f56bfc062723c751e8b465ee728b)
Start importing Assets/Tiles/Highlight Rule Tile.asset using Guid(07608de4f5799c54b91052e680bf19e2) Importer(815301076,1909f56bfc062723c751e8b465ee728b)  -> (artifact id: 'c3240e7a345f5bbf4bdfc8f6540068e1') in 0.033622 seconds 
========================================================================
Received Import Request.
  Time since last request: 67.967037 seconds.
  path: Assets/Tiles/Dungeon Palette.prefab
  artifactKey: Guid(640f514bdcd9bc7499bbd5ba086cdcd9) Importer(815301076,1909f56bfc062723c751e8b465ee728b)
Start importing Assets/Tiles/Dungeon Palette.prefab using Guid(640f514bdcd9bc7499bbd5ba086cdcd9) Importer(815301076,1909f56bfc062723c751e8b465ee728b)  -> (artifact id: '1ebeda97e2730c0d25164155b693a5c5') in 0.240175 seconds 
========================================================================
Received Import Request.
  Time since last request: 373.570114 seconds.
  path: Assets/Sprites/Highlight/tile_5.png
  artifactKey: Guid(14c5c87a7bf94d0479d67301a756a150) Importer(815301076,1909f56bfc062723c751e8b465ee728b)
Start importing Assets/Sprites/Highlight/tile_5.png using Guid(14c5c87a7bf94d0479d67301a756a150) Importer(815301076,1909f56bfc062723c751e8b465ee728b)  -> (artifact id: 'e9cd531352506a42eb2a94456c4c7e97') in 0.032031 seconds 
========================================================================
Received Import Request.
  Time since last request: 12.755527 seconds.
  path: Assets/Sprites/Highlight/tile_5.png
  artifactKey: Guid(14c5c87a7bf94d0479d67301a756a150) Importer(815301076,1909f56bfc062723c751e8b465ee728b)
Start importing Assets/Sprites/Highlight/tile_5.png using Guid(14c5c87a7bf94d0479d67301a756a150) Importer(815301076,1909f56bfc062723c751e8b465ee728b)  -> (artifact id: '2404320f0a94c4814753e67e141f6608') in 0.018249 seconds 
========================================================================
Received Import Request.
  Time since last request: 6.469636 seconds.
  path: Assets/Sprites/Rooms Tiles/Wall.png
  artifactKey: Guid(90cbe46f0472806479bf416c65318463) Importer(815301076,1909f56bfc062723c751e8b465ee728b)
Start importing Assets/Sprites/Rooms Tiles/Wall.png using Guid(90cbe46f0472806479bf416c65318463) Importer(815301076,1909f56bfc062723c751e8b465ee728b)  -> (artifact id: '1757e68fadf737587e9e2ac36e5fc0e0') in 0.331630 seconds 
========================================================================
Received Import Request.
  Time since last request: 198.770309 seconds.
  path: Assets/Tiles/Highlight Rule Tile.asset
  artifactKey: Guid(07608de4f5799c54b91052e680bf19e2) Importer(815301076,1909f56bfc062723c751e8b465ee728b)
Start importing Assets/Tiles/Highlight Rule Tile.asset using Guid(07608de4f5799c54b91052e680bf19e2) Importer(815301076,1909f56bfc062723c751e8b465ee728b)  -> (artifact id: 'b64100b4c1829a94168d0e5dbdba7a3f') in 0.025383 seconds 
========================================================================
Received Import Request.
  Time since last request: 57.073875 seconds.
  path: Assets/Sprites/tile_6.png
  artifactKey: Guid(c90fe5c5a19759643a6579df985278a7) Importer(815301076,1909f56bfc062723c751e8b465ee728b)
Start importing Assets/Sprites/tile_6.png using Guid(c90fe5c5a19759643a6579df985278a7) Importer(815301076,1909f56bfc062723c751e8b465ee728b)  -> (artifact id: '6c19a19fdfeb93606438d3baf95b40f5') in 0.025423 seconds 
========================================================================
Received Import Request.
  Time since last request: 8.476598 seconds.
  path: Assets/Sprites/Highlight/tile_6.png
  artifactKey: Guid(c90fe5c5a19759643a6579df985278a7) Importer(815301076,1909f56bfc062723c751e8b465ee728b)
Start importing Assets/Sprites/Highlight/tile_6.png using Guid(c90fe5c5a19759643a6579df985278a7) Importer(815301076,1909f56bfc062723c751e8b465ee728b)  -> (artifact id: '1dd101c6dd1e10f5fd3eca5a2abca169') in 0.020725 seconds 
========================================================================
Received Import Request.
  Time since last request: 3.146041 seconds.
  path: Assets/Tiles/Dungeon Palette.prefab
  artifactKey: Guid(640f514bdcd9bc7499bbd5ba086cdcd9) Importer(815301076,1909f56bfc062723c751e8b465ee728b)
Start importing Assets/Tiles/Dungeon Palette.prefab using Guid(640f514bdcd9bc7499bbd5ba086cdcd9) Importer(815301076,1909f56bfc062723c751e8b465ee728b)  -> (artifact id: 'da2de5edbee733c0bef5e31fb8ac2ff4') in 0.141024 seconds 
========================================================================
Received Import Request.
  Time since last request: 119.700602 seconds.
  path: Assets/Tiles/Highlight Rule Tile.asset
  artifactKey: Guid(07608de4f5799c54b91052e680bf19e2) Importer(815301076,1909f56bfc062723c751e8b465ee728b)
Start importing Assets/Tiles/Highlight Rule Tile.asset using Guid(07608de4f5799c54b91052e680bf19e2) Importer(815301076,1909f56bfc062723c751e8b465ee728b)  -> (artifact id: 'dccb351b16f3aa5e09abf8b90f12110d') in 0.018325 seconds 
========================================================================
Received Import Request.
  Time since last request: 6.793141 seconds.
  path: Assets/Tiles/Dungeon Palette.prefab
  artifactKey: Guid(640f514bdcd9bc7499bbd5ba086cdcd9) Importer(815301076,1909f56bfc062723c751e8b465ee728b)
Start importing Assets/Tiles/Dungeon Palette.prefab using Guid(640f514bdcd9bc7499bbd5ba086cdcd9) Importer(815301076,1909f56bfc062723c751e8b465ee728b)  -> (artifact id: 'ef58b8800370c16054ac4ec469ec1cc8') in 0.123704 seconds 
========================================================================
Received Import Request.
  Time since last request: 16.080918 seconds.
  path: Assets/Tiles/Floor
  artifactKey: Guid(42102ae8557a40c4898cf61085a4b942) Importer(815301076,1909f56bfc062723c751e8b465ee728b)
Start importing Assets/Tiles/Floor using Guid(42102ae8557a40c4898cf61085a4b942) Importer(815301076,1909f56bfc062723c751e8b465ee728b)  -> (artifact id: '009c1d7a356e8afdba89177b37f65974') in 0.011312 seconds 
========================================================================
Received Prepare
Registering precompiled user dll's ...
Registered in 0.013900 seconds.
Begin MonoManager ReloadAssembly
Symbol file LoadedFromMemory doesn't match image C:\Users\eduar\Desktop\Unity Projects\Retitled-Dice-Game\Library\PackageCache\com.unity.visualscripting@1.7.8\Editor\VisualScripting.Core\Dependencies\YamlDotNet\Unity.VisualScripting.YamlDotNet.dll
Symbol file LoadedFromMemory is not a mono symbol file
Symbol file LoadedFromMemory doesn't match image C:\Users\eduar\Desktop\Unity Projects\Retitled-Dice-Game\Library\PackageCache\com.unity.visualscripting@1.7.8\Editor\VisualScripting.Core\Dependencies\DotNetZip\Unity.VisualScripting.IonicZip.dll
Native extension for WindowsStandalone target not found
Native extension for OSXStandalone target not found
Refreshing native plugins compatible for Editor in 2.07 ms, found 4 plugins.
Preloading 0 native plugins for Editor in 0.00 ms.
Mono: successfully reloaded assembly
- Completed reload, in  2.024 seconds
Domain Reload Profiling:
	ReloadAssembly (2025ms)
		BeginReloadAssembly (213ms)
			ExecutionOrderSort (0ms)
			DisableScriptedObjects (10ms)
			BackupInstance (0ms)
			ReleaseScriptingObjects (0ms)
			CreateAndSetChildDomain (66ms)
		EndReloadAssembly (1652ms)
			LoadAssemblies (162ms)
			RebuildTransferFunctionScriptingTraits (0ms)
			SetupTypeCache (558ms)
			ReleaseScriptCaches (2ms)
			RebuildScriptCaches (109ms)
			SetupLoadedEditorAssemblies (684ms)
				LogAssemblyErrors (0ms)
				InitializePlatformSupportModulesInManaged (34ms)
				SetLoadedEditorAssemblies (1ms)
				RefreshPlugins (2ms)
				BeforeProcessingInitializeOnLoad (151ms)
				ProcessInitializeOnLoadAttributes (435ms)
				ProcessInitializeOnLoadMethodAttributes (51ms)
				AfterProcessingInitializeOnLoad (9ms)
				EditorAssembliesLoaded (0ms)
			ExecutionOrderSort2 (0ms)
			AwakeInstancesAfterBackupRestoration (18ms)
Platform modules already initialized, skipping
